[0.008s] Invoking command in '/home/grace/Documents/Diplomado_Robotica/16_01_ws/build/stage_ros2': CMAKE_PREFIX_PATH=/home/grace/Documents/Diplomado_Robotica/16_01_ws/install/dqn_final:/home/grace/Documents/Diplomado_Robotica/16_01_ws/install/labo_dqn:/opt/ros/jazzy:/home/grace/Documents/Diplomado_Robotica/16_01_ws/install/stage:/home/grace/Documents/Diplomado_Robotica/16_01_ws/install/stage_ros2:/opt/ros/jazzy/opt/gz_sim_vendor:/opt/ros/jazzy/opt/gz_sensors_vendor:/opt/ros/jazzy/opt/gz_physics_vendor:/opt/ros/jazzy/opt/sdformat_vendor:/opt/ros/jazzy/opt/gz_gui_vendor:/opt/ros/jazzy/opt/gz_transport_vendor:/opt/ros/jazzy/opt/gz_rendering_vendor:/opt/ros/jazzy/opt/gz_plugin_vendor:/opt/ros/jazzy/opt/gz_fuel_tools_vendor:/opt/ros/jazzy/opt/gz_msgs_vendor:/opt/ros/jazzy/opt/gz_common_vendor:/opt/ros/jazzy/opt/gz_math_vendor:/opt/ros/jazzy/opt/gz_utils_vendor:/opt/ros/jazzy/opt/gz_tools_vendor:/opt/ros/jazzy/opt/gz_ogre_next_vendor:/opt/ros/jazzy/opt/gz_dartsim_vendor:/opt/ros/jazzy/opt/gz_cmake_vendor DEBUGINFOD_URLS=https://debuginfod.ubuntu.com LD_LIBRARY_PATH=/home/grace/Documents/Diplomado_Robotica/16_01_ws/install/stage/lib:/home/grace/Documents/Diplomado_Robotica/16_01_ws/install/stage_ros2/lib:/opt/ros/jazzy/opt/gz_sim_vendor/lib:/opt/ros/jazzy/opt/gz_sensors_vendor/lib:/opt/ros/jazzy/opt/gz_physics_vendor/lib:/opt/ros/jazzy/opt/sdformat_vendor/lib:/opt/ros/jazzy/opt/rviz_ogre_vendor/lib:/opt/ros/jazzy/lib/x86_64-linux-gnu:/opt/ros/jazzy/opt/gz_gui_vendor/lib:/opt/ros/jazzy/opt/gz_transport_vendor/lib:/opt/ros/jazzy/opt/gz_rendering_vendor/lib:/opt/ros/jazzy/opt/gz_plugin_vendor/lib:/opt/ros/jazzy/opt/gz_fuel_tools_vendor/lib:/opt/ros/jazzy/opt/gz_msgs_vendor/lib:/opt/ros/jazzy/opt/gz_common_vendor/lib:/opt/ros/jazzy/opt/gz_math_vendor/lib:/opt/ros/jazzy/opt/gz_utils_vendor/lib:/opt/ros/jazzy/opt/gz_tools_vendor/lib:/opt/ros/jazzy/opt/gz_ogre_next_vendor/lib:/opt/ros/jazzy/opt/gz_dartsim_vendor/lib:/opt/ros/jazzy/opt/gz_cmake_vendor/lib:/opt/ros/jazzy/lib /usr/bin/cmake /home/grace/Documents/Diplomado_Robotica/16_01_ws/src/stage_ros2 -DCMAKE_INSTALL_PREFIX=/home/grace/Documents/Diplomado_Robotica/16_01_ws/install/stage_ros2
[0.045s] -- The C compiler identification is GNU 13.3.0
[0.082s] -- The CXX compiler identification is GNU 13.3.0
[0.092s] -- Detecting C compiler ABI info
[0.151s] -- Detecting C compiler ABI info - done
[0.158s] -- Check for working C compiler: /usr/bin/cc - skipped
[0.158s] -- Detecting C compile features
[0.158s] -- Detecting C compile features - done
[0.164s] -- Detecting CXX compiler ABI info
[0.230s] -- Detecting CXX compiler ABI info - done
[0.236s] -- Check for working CXX compiler: /usr/bin/c++ - skipped
[0.236s] -- Detecting CXX compile features
[0.237s] -- Detecting CXX compile features - done
[0.239s] -- Found ament_cmake: 2.5.4 (/opt/ros/jazzy/share/ament_cmake/cmake)
[0.341s] -- Found Python3: /usr/bin/python3 (found version "3.12.3") found components: Interpreter 
[0.452s] -- Found rclcpp: 28.1.12 (/opt/ros/jazzy/share/rclcpp/cmake)
[0.488s] -- Found rosidl_generator_c: 4.6.6 (/opt/ros/jazzy/share/rosidl_generator_c/cmake)
[0.499s] -- Found rosidl_generator_cpp: 4.6.6 (/opt/ros/jazzy/share/rosidl_generator_cpp/cmake)
[0.514s] -- Using all available rosidl_typesupport_c: rosidl_typesupport_fastrtps_c;rosidl_typesupport_introspection_c
[0.529s] -- Using all available rosidl_typesupport_cpp: rosidl_typesupport_fastrtps_cpp;rosidl_typesupport_introspection_cpp
[0.610s] -- Found rmw_implementation_cmake: 7.3.2 (/opt/ros/jazzy/share/rmw_implementation_cmake/cmake)
[0.614s] -- Found rmw_fastrtps_cpp: 8.4.3 (/opt/ros/jazzy/share/rmw_fastrtps_cpp/cmake)
[0.676s] -- Found OpenSSL: /usr/lib/x86_64-linux-gnu/libcrypto.so (found version "3.0.13")  
[0.691s] -- Found FastRTPS: /opt/ros/jazzy/include (Required is at least version "2.13") 
[0.707s] -- Using RMW implementation 'rmw_fastrtps_cpp' as default
[0.766s] -- Found rclcpp_components: 28.1.12 (/opt/ros/jazzy/share/rclcpp_components/cmake)
[0.796s] -- Found sensor_msgs: 5.3.6 (/opt/ros/jazzy/share/sensor_msgs/cmake)
[0.844s] -- Found nav_msgs: 5.3.6 (/opt/ros/jazzy/share/nav_msgs/cmake)
[0.866s] -- Found tf2_ros: 0.36.16 (/opt/ros/jazzy/share/tf2_ros/cmake)
[0.941s] -- Found tf2_geometry_msgs: 0.36.16 (/opt/ros/jazzy/share/tf2_geometry_msgs/cmake)
[0.955s] -- Found eigen3_cmake_module: 0.3.0 (/opt/ros/jazzy/share/eigen3_cmake_module/cmake)
[0.957s] -- Found Eigen3: TRUE (found version "3.4.0") 
[0.957s] -- Ensuring Eigen3 include directory is part of orocos-kdl CMake target
[0.959s] -- Found std_srvs: 5.3.6 (/opt/ros/jazzy/share/std_srvs/cmake)
[0.977s] -- Found ament_lint_auto: 0.17.3 (/opt/ros/jazzy/share/ament_lint_auto/cmake)
[1.056s] -- Added test 'cppcheck' to perform static code analysis on C / C++ code
[1.056s] -- Configured cppcheck include dirs: /home/grace/Documents/Diplomado_Robotica/16_01_ws/src/stage_ros2/./include;$<BUILD_INTERFACE:/home/grace/Documents/Diplomado_Robotica/16_01_ws/src/stage_ros2/include>
[1.057s] -- Configured cppcheck exclude dirs and/or files: 
[1.058s] -- Added test 'flake8' to check Python code syntax and style conventions
[1.058s] -- Configured 'flake8' exclude dirs and/or files: 
[1.059s] -- Added test 'lint_cmake' to check CMake code style
[1.060s] -- Added test 'pep257' to check Python code against some of the docstring style conventions in PEP 257
[1.063s] -- Added test 'uncrustify' to check C / C++ code style
[1.063s] -- Configured uncrustify additional arguments: 
[1.063s] -- Added test 'xmllint' to check XML markup files
[1.067s] -- Added test 'clang_format' to check C / C++ code style
[1.068s] -- Added test 'pycodestyle' to check Python code against some of the style conventions in PEP 8
[1.069s] -- Configuring done (1.1s)
[1.084s] -- Generating done (0.0s)
[1.089s] -- Build files have been written to: /home/grace/Documents/Diplomado_Robotica/16_01_ws/build/stage_ros2
[1.098s] Invoked command in '/home/grace/Documents/Diplomado_Robotica/16_01_ws/build/stage_ros2' returned '0': CMAKE_PREFIX_PATH=/home/grace/Documents/Diplomado_Robotica/16_01_ws/install/dqn_final:/home/grace/Documents/Diplomado_Robotica/16_01_ws/install/labo_dqn:/opt/ros/jazzy:/home/grace/Documents/Diplomado_Robotica/16_01_ws/install/stage:/home/grace/Documents/Diplomado_Robotica/16_01_ws/install/stage_ros2:/opt/ros/jazzy/opt/gz_sim_vendor:/opt/ros/jazzy/opt/gz_sensors_vendor:/opt/ros/jazzy/opt/gz_physics_vendor:/opt/ros/jazzy/opt/sdformat_vendor:/opt/ros/jazzy/opt/gz_gui_vendor:/opt/ros/jazzy/opt/gz_transport_vendor:/opt/ros/jazzy/opt/gz_rendering_vendor:/opt/ros/jazzy/opt/gz_plugin_vendor:/opt/ros/jazzy/opt/gz_fuel_tools_vendor:/opt/ros/jazzy/opt/gz_msgs_vendor:/opt/ros/jazzy/opt/gz_common_vendor:/opt/ros/jazzy/opt/gz_math_vendor:/opt/ros/jazzy/opt/gz_utils_vendor:/opt/ros/jazzy/opt/gz_tools_vendor:/opt/ros/jazzy/opt/gz_ogre_next_vendor:/opt/ros/jazzy/opt/gz_dartsim_vendor:/opt/ros/jazzy/opt/gz_cmake_vendor DEBUGINFOD_URLS=https://debuginfod.ubuntu.com LD_LIBRARY_PATH=/home/grace/Documents/Diplomado_Robotica/16_01_ws/install/stage/lib:/home/grace/Documents/Diplomado_Robotica/16_01_ws/install/stage_ros2/lib:/opt/ros/jazzy/opt/gz_sim_vendor/lib:/opt/ros/jazzy/opt/gz_sensors_vendor/lib:/opt/ros/jazzy/opt/gz_physics_vendor/lib:/opt/ros/jazzy/opt/sdformat_vendor/lib:/opt/ros/jazzy/opt/rviz_ogre_vendor/lib:/opt/ros/jazzy/lib/x86_64-linux-gnu:/opt/ros/jazzy/opt/gz_gui_vendor/lib:/opt/ros/jazzy/opt/gz_transport_vendor/lib:/opt/ros/jazzy/opt/gz_rendering_vendor/lib:/opt/ros/jazzy/opt/gz_plugin_vendor/lib:/opt/ros/jazzy/opt/gz_fuel_tools_vendor/lib:/opt/ros/jazzy/opt/gz_msgs_vendor/lib:/opt/ros/jazzy/opt/gz_common_vendor/lib:/opt/ros/jazzy/opt/gz_math_vendor/lib:/opt/ros/jazzy/opt/gz_utils_vendor/lib:/opt/ros/jazzy/opt/gz_tools_vendor/lib:/opt/ros/jazzy/opt/gz_ogre_next_vendor/lib:/opt/ros/jazzy/opt/gz_dartsim_vendor/lib:/opt/ros/jazzy/opt/gz_cmake_vendor/lib:/opt/ros/jazzy/lib /usr/bin/cmake /home/grace/Documents/Diplomado_Robotica/16_01_ws/src/stage_ros2 -DCMAKE_INSTALL_PREFIX=/home/grace/Documents/Diplomado_Robotica/16_01_ws/install/stage_ros2
[1.098s] Invoking command in '/home/grace/Documents/Diplomado_Robotica/16_01_ws/build/stage_ros2': CMAKE_PREFIX_PATH=/home/grace/Documents/Diplomado_Robotica/16_01_ws/install/dqn_final:/home/grace/Documents/Diplomado_Robotica/16_01_ws/install/labo_dqn:/opt/ros/jazzy:/home/grace/Documents/Diplomado_Robotica/16_01_ws/install/stage:/home/grace/Documents/Diplomado_Robotica/16_01_ws/install/stage_ros2:/opt/ros/jazzy/opt/gz_sim_vendor:/opt/ros/jazzy/opt/gz_sensors_vendor:/opt/ros/jazzy/opt/gz_physics_vendor:/opt/ros/jazzy/opt/sdformat_vendor:/opt/ros/jazzy/opt/gz_gui_vendor:/opt/ros/jazzy/opt/gz_transport_vendor:/opt/ros/jazzy/opt/gz_rendering_vendor:/opt/ros/jazzy/opt/gz_plugin_vendor:/opt/ros/jazzy/opt/gz_fuel_tools_vendor:/opt/ros/jazzy/opt/gz_msgs_vendor:/opt/ros/jazzy/opt/gz_common_vendor:/opt/ros/jazzy/opt/gz_math_vendor:/opt/ros/jazzy/opt/gz_utils_vendor:/opt/ros/jazzy/opt/gz_tools_vendor:/opt/ros/jazzy/opt/gz_ogre_next_vendor:/opt/ros/jazzy/opt/gz_dartsim_vendor:/opt/ros/jazzy/opt/gz_cmake_vendor DEBUGINFOD_URLS=https://debuginfod.ubuntu.com LD_LIBRARY_PATH=/home/grace/Documents/Diplomado_Robotica/16_01_ws/install/stage/lib:/home/grace/Documents/Diplomado_Robotica/16_01_ws/install/stage_ros2/lib:/opt/ros/jazzy/opt/gz_sim_vendor/lib:/opt/ros/jazzy/opt/gz_sensors_vendor/lib:/opt/ros/jazzy/opt/gz_physics_vendor/lib:/opt/ros/jazzy/opt/sdformat_vendor/lib:/opt/ros/jazzy/opt/rviz_ogre_vendor/lib:/opt/ros/jazzy/lib/x86_64-linux-gnu:/opt/ros/jazzy/opt/gz_gui_vendor/lib:/opt/ros/jazzy/opt/gz_transport_vendor/lib:/opt/ros/jazzy/opt/gz_rendering_vendor/lib:/opt/ros/jazzy/opt/gz_plugin_vendor/lib:/opt/ros/jazzy/opt/gz_fuel_tools_vendor/lib:/opt/ros/jazzy/opt/gz_msgs_vendor/lib:/opt/ros/jazzy/opt/gz_common_vendor/lib:/opt/ros/jazzy/opt/gz_math_vendor/lib:/opt/ros/jazzy/opt/gz_utils_vendor/lib:/opt/ros/jazzy/opt/gz_tools_vendor/lib:/opt/ros/jazzy/opt/gz_ogre_next_vendor/lib:/opt/ros/jazzy/opt/gz_dartsim_vendor/lib:/opt/ros/jazzy/opt/gz_cmake_vendor/lib:/opt/ros/jazzy/lib /usr/bin/cmake --build /home/grace/Documents/Diplomado_Robotica/16_01_ws/build/stage_ros2 -- -j16 -l16
[1.134s] [ 14%] [32mBuilding CXX object CMakeFiles/stage_node.dir/src/stage_node.cpp.o[0m
[1.134s] [ 42%] [32mBuilding CXX object CMakeFiles/stage_node.dir/src/ranger.cpp.o[0m
[1.134s] [ 57%] [32mBuilding CXX object CMakeFiles/stage_node.dir/src/vehicle.cpp.o[0m
[1.134s] [ 57%] [32mBuilding CXX object CMakeFiles/stage_node.dir/src/camera.cpp.o[0m
[10.479s] [ 71%] [32m[1mLinking CXX shared library libstage_node.so[0m
[10.965s] [ 71%] Built target stage_node
[10.977s] [ 85%] [32mBuilding CXX object CMakeFiles/stage_ros2.dir/src/main.cpp.o[0m
[14.426s] [100%] [32m[1mLinking CXX executable stage_ros2[0m
[14.724s] [100%] Built target stage_ros2
[14.731s] Invoked command in '/home/grace/Documents/Diplomado_Robotica/16_01_ws/build/stage_ros2' returned '0': CMAKE_PREFIX_PATH=/home/grace/Documents/Diplomado_Robotica/16_01_ws/install/dqn_final:/home/grace/Documents/Diplomado_Robotica/16_01_ws/install/labo_dqn:/opt/ros/jazzy:/home/grace/Documents/Diplomado_Robotica/16_01_ws/install/stage:/home/grace/Documents/Diplomado_Robotica/16_01_ws/install/stage_ros2:/opt/ros/jazzy/opt/gz_sim_vendor:/opt/ros/jazzy/opt/gz_sensors_vendor:/opt/ros/jazzy/opt/gz_physics_vendor:/opt/ros/jazzy/opt/sdformat_vendor:/opt/ros/jazzy/opt/gz_gui_vendor:/opt/ros/jazzy/opt/gz_transport_vendor:/opt/ros/jazzy/opt/gz_rendering_vendor:/opt/ros/jazzy/opt/gz_plugin_vendor:/opt/ros/jazzy/opt/gz_fuel_tools_vendor:/opt/ros/jazzy/opt/gz_msgs_vendor:/opt/ros/jazzy/opt/gz_common_vendor:/opt/ros/jazzy/opt/gz_math_vendor:/opt/ros/jazzy/opt/gz_utils_vendor:/opt/ros/jazzy/opt/gz_tools_vendor:/opt/ros/jazzy/opt/gz_ogre_next_vendor:/opt/ros/jazzy/opt/gz_dartsim_vendor:/opt/ros/jazzy/opt/gz_cmake_vendor DEBUGINFOD_URLS=https://debuginfod.ubuntu.com LD_LIBRARY_PATH=/home/grace/Documents/Diplomado_Robotica/16_01_ws/install/stage/lib:/home/grace/Documents/Diplomado_Robotica/16_01_ws/install/stage_ros2/lib:/opt/ros/jazzy/opt/gz_sim_vendor/lib:/opt/ros/jazzy/opt/gz_sensors_vendor/lib:/opt/ros/jazzy/opt/gz_physics_vendor/lib:/opt/ros/jazzy/opt/sdformat_vendor/lib:/opt/ros/jazzy/opt/rviz_ogre_vendor/lib:/opt/ros/jazzy/lib/x86_64-linux-gnu:/opt/ros/jazzy/opt/gz_gui_vendor/lib:/opt/ros/jazzy/opt/gz_transport_vendor/lib:/opt/ros/jazzy/opt/gz_rendering_vendor/lib:/opt/ros/jazzy/opt/gz_plugin_vendor/lib:/opt/ros/jazzy/opt/gz_fuel_tools_vendor/lib:/opt/ros/jazzy/opt/gz_msgs_vendor/lib:/opt/ros/jazzy/opt/gz_common_vendor/lib:/opt/ros/jazzy/opt/gz_math_vendor/lib:/opt/ros/jazzy/opt/gz_utils_vendor/lib:/opt/ros/jazzy/opt/gz_tools_vendor/lib:/opt/ros/jazzy/opt/gz_ogre_next_vendor/lib:/opt/ros/jazzy/opt/gz_dartsim_vendor/lib:/opt/ros/jazzy/opt/gz_cmake_vendor/lib:/opt/ros/jazzy/lib /usr/bin/cmake --build /home/grace/Documents/Diplomado_Robotica/16_01_ws/build/stage_ros2 -- -j16 -l16
[14.732s] Invoking command in '/home/grace/Documents/Diplomado_Robotica/16_01_ws/build/stage_ros2': CMAKE_PREFIX_PATH=/home/grace/Documents/Diplomado_Robotica/16_01_ws/install/dqn_final:/home/grace/Documents/Diplomado_Robotica/16_01_ws/install/labo_dqn:/opt/ros/jazzy:/home/grace/Documents/Diplomado_Robotica/16_01_ws/install/stage:/home/grace/Documents/Diplomado_Robotica/16_01_ws/install/stage_ros2:/opt/ros/jazzy/opt/gz_sim_vendor:/opt/ros/jazzy/opt/gz_sensors_vendor:/opt/ros/jazzy/opt/gz_physics_vendor:/opt/ros/jazzy/opt/sdformat_vendor:/opt/ros/jazzy/opt/gz_gui_vendor:/opt/ros/jazzy/opt/gz_transport_vendor:/opt/ros/jazzy/opt/gz_rendering_vendor:/opt/ros/jazzy/opt/gz_plugin_vendor:/opt/ros/jazzy/opt/gz_fuel_tools_vendor:/opt/ros/jazzy/opt/gz_msgs_vendor:/opt/ros/jazzy/opt/gz_common_vendor:/opt/ros/jazzy/opt/gz_math_vendor:/opt/ros/jazzy/opt/gz_utils_vendor:/opt/ros/jazzy/opt/gz_tools_vendor:/opt/ros/jazzy/opt/gz_ogre_next_vendor:/opt/ros/jazzy/opt/gz_dartsim_vendor:/opt/ros/jazzy/opt/gz_cmake_vendor DEBUGINFOD_URLS=https://debuginfod.ubuntu.com LD_LIBRARY_PATH=/home/grace/Documents/Diplomado_Robotica/16_01_ws/install/stage/lib:/home/grace/Documents/Diplomado_Robotica/16_01_ws/install/stage_ros2/lib:/opt/ros/jazzy/opt/gz_sim_vendor/lib:/opt/ros/jazzy/opt/gz_sensors_vendor/lib:/opt/ros/jazzy/opt/gz_physics_vendor/lib:/opt/ros/jazzy/opt/sdformat_vendor/lib:/opt/ros/jazzy/opt/rviz_ogre_vendor/lib:/opt/ros/jazzy/lib/x86_64-linux-gnu:/opt/ros/jazzy/opt/gz_gui_vendor/lib:/opt/ros/jazzy/opt/gz_transport_vendor/lib:/opt/ros/jazzy/opt/gz_rendering_vendor/lib:/opt/ros/jazzy/opt/gz_plugin_vendor/lib:/opt/ros/jazzy/opt/gz_fuel_tools_vendor/lib:/opt/ros/jazzy/opt/gz_msgs_vendor/lib:/opt/ros/jazzy/opt/gz_common_vendor/lib:/opt/ros/jazzy/opt/gz_math_vendor/lib:/opt/ros/jazzy/opt/gz_utils_vendor/lib:/opt/ros/jazzy/opt/gz_tools_vendor/lib:/opt/ros/jazzy/opt/gz_ogre_next_vendor/lib:/opt/ros/jazzy/opt/gz_dartsim_vendor/lib:/opt/ros/jazzy/opt/gz_cmake_vendor/lib:/opt/ros/jazzy/lib /usr/bin/cmake --install /home/grace/Documents/Diplomado_Robotica/16_01_ws/build/stage_ros2
[14.737s] -- Install configuration: ""
[14.738s] -- Installing: /home/grace/Documents/Diplomado_Robotica/16_01_ws/install/stage_ros2/share/stage_ros2/environment/library_path.sh
[14.738s] -- Installing: /home/grace/Documents/Diplomado_Robotica/16_01_ws/install/stage_ros2/share/stage_ros2/environment/library_path.dsv
[14.738s] -- Installing: /home/grace/Documents/Diplomado_Robotica/16_01_ws/install/stage_ros2/share/stage_ros2//launch
[14.738s] -- Installing: /home/grace/Documents/Diplomado_Robotica/16_01_ws/install/stage_ros2/share/stage_ros2//launch/rviz.launch.py
[14.738s] -- Installing: /home/grace/Documents/Diplomado_Robotica/16_01_ws/install/stage_ros2/share/stage_ros2//launch/f710.launch.py
[14.738s] -- Installing: /home/grace/Documents/Diplomado_Robotica/16_01_ws/install/stage_ros2/share/stage_ros2//launch/rviz_ns.launch.py
[14.738s] -- Installing: /home/grace/Documents/Diplomado_Robotica/16_01_ws/install/stage_ros2/share/stage_ros2//launch/stage.launch.py
[14.738s] -- Installing: /home/grace/Documents/Diplomado_Robotica/16_01_ws/install/stage_ros2/share/stage_ros2//launch/demo.launch.py
[14.738s] -- Installing: /home/grace/Documents/Diplomado_Robotica/16_01_ws/install/stage_ros2/share/stage_ros2//world
[14.738s] -- Installing: /home/grace/Documents/Diplomado_Robotica/16_01_ws/install/stage_ros2/share/stage_ros2//world/include
[14.738s] -- Installing: /home/grace/Documents/Diplomado_Robotica/16_01_ws/install/stage_ros2/share/stage_ros2//world/include/pioneer2dx.inc
[14.738s] -- Installing: /home/grace/Documents/Diplomado_Robotica/16_01_ws/install/stage_ros2/share/stage_ros2//world/include/robots.inc
[14.739s] -- Installing: /home/grace/Documents/Diplomado_Robotica/16_01_ws/install/stage_ros2/share/stage_ros2//world/cave_three_robots.world
[14.739s] -- Installing: /home/grace/Documents/Diplomado_Robotica/16_01_ws/install/stage_ros2/share/stage_ros2//world/straden.world
[14.739s] -- Installing: /home/grace/Documents/Diplomado_Robotica/16_01_ws/install/stage_ros2/share/stage_ros2//world/cave_seven_robots.world
[14.739s] -- Installing: /home/grace/Documents/Diplomado_Robotica/16_01_ws/install/stage_ros2/share/stage_ros2//world/cave_multi.world
[14.739s] -- Installing: /home/grace/Documents/Diplomado_Robotica/16_01_ws/install/stage_ros2/share/stage_ros2//world/hallway.world
[14.739s] -- Installing: /home/grace/Documents/Diplomado_Robotica/16_01_ws/install/stage_ros2/share/stage_ros2//world/lines.world
[14.739s] -- Installing: /home/grace/Documents/Diplomado_Robotica/16_01_ws/install/stage_ros2/share/stage_ros2//world/cave.world
[14.739s] -- Installing: /home/grace/Documents/Diplomado_Robotica/16_01_ws/install/stage_ros2/share/stage_ros2//world/willow-four-erratics-multisensor.world
[14.739s] -- Installing: /home/grace/Documents/Diplomado_Robotica/16_01_ws/install/stage_ros2/share/stage_ros2//world/bitmaps
[14.739s] -- Installing: /home/grace/Documents/Diplomado_Robotica/16_01_ws/install/stage_ros2/share/stage_ros2//world/bitmaps/hallway.pgm
[14.739s] -- Installing: /home/grace/Documents/Diplomado_Robotica/16_01_ws/install/stage_ros2/share/stage_ros2//world/bitmaps/hallway.png
[14.739s] -- Installing: /home/grace/Documents/Diplomado_Robotica/16_01_ws/install/stage_ros2/share/stage_ros2//world/bitmaps/straden.png
[14.740s] -- Installing: /home/grace/Documents/Diplomado_Robotica/16_01_ws/install/stage_ros2/share/stage_ros2//world/bitmaps/warehouse008.pgm
[14.740s] -- Installing: /home/grace/Documents/Diplomado_Robotica/16_01_ws/install/stage_ros2/share/stage_ros2//world/bitmaps/warehouse200.pgm
[14.740s] -- Installing: /home/grace/Documents/Diplomado_Robotica/16_01_ws/install/stage_ros2/share/stage_ros2//world/bitmaps/warehouse032.pgm
[14.741s] -- Installing: /home/grace/Documents/Diplomado_Robotica/16_01_ws/install/stage_ros2/share/stage_ros2//world/bitmaps/solid_cave.png
[14.741s] -- Installing: /home/grace/Documents/Diplomado_Robotica/16_01_ws/install/stage_ros2/share/stage_ros2//world/bitmaps/cave.png
[14.741s] -- Installing: /home/grace/Documents/Diplomado_Robotica/16_01_ws/install/stage_ros2/share/stage_ros2//world/bitmaps/willow-full.pgm
[14.741s] -- Installing: /home/grace/Documents/Diplomado_Robotica/16_01_ws/install/stage_ros2/share/stage_ros2//world/bitmaps/line.png
[14.741s] -- Installing: /home/grace/Documents/Diplomado_Robotica/16_01_ws/install/stage_ros2/share/stage_ros2//config
[14.741s] -- Installing: /home/grace/Documents/Diplomado_Robotica/16_01_ws/install/stage_ros2/share/stage_ros2//config/rviz
[14.741s] -- Installing: /home/grace/Documents/Diplomado_Robotica/16_01_ws/install/stage_ros2/share/stage_ros2//config/rviz/lines.rviz
[14.741s] -- Installing: /home/grace/Documents/Diplomado_Robotica/16_01_ws/install/stage_ros2/share/stage_ros2//config/rviz/cave_seven_robots.rviz
[14.741s] -- Installing: /home/grace/Documents/Diplomado_Robotica/16_01_ws/install/stage_ros2/share/stage_ros2//config/rviz/robot_ns_depth.rviz
[14.742s] -- Installing: /home/grace/Documents/Diplomado_Robotica/16_01_ws/install/stage_ros2/share/stage_ros2//config/rviz/robot0.rviz
[14.742s] -- Installing: /home/grace/Documents/Diplomado_Robotica/16_01_ws/install/stage_ros2/share/stage_ros2//config/rviz/cave_three_robots.rviz
[14.742s] -- Installing: /home/grace/Documents/Diplomado_Robotica/16_01_ws/install/stage_ros2/share/stage_ros2//config/rviz/robot_ns.rviz
[14.742s] -- Installing: /home/grace/Documents/Diplomado_Robotica/16_01_ws/install/stage_ros2/share/stage_ros2//config/rviz/cave.rviz
[14.742s] -- Installing: /home/grace/Documents/Diplomado_Robotica/16_01_ws/install/stage_ros2/share/stage_ros2//config/teleop_twist_joy
[14.742s] -- Installing: /home/grace/Documents/Diplomado_Robotica/16_01_ws/install/stage_ros2/share/stage_ros2//config/teleop_twist_joy/f710.config.yaml
[14.742s] -- Installing: /home/grace/Documents/Diplomado_Robotica/16_01_ws/install/stage_ros2/lib/libstage_node.so
[14.750s] -- Set non-toolchain portion of runtime path of "/home/grace/Documents/Diplomado_Robotica/16_01_ws/install/stage_ros2/lib/libstage_node.so" to ""
[14.750s] -- Installing: /home/grace/Documents/Diplomado_Robotica/16_01_ws/install/stage_ros2/lib/stage_ros2/stage_ros2
[14.751s] -- Set non-toolchain portion of runtime path of "/home/grace/Documents/Diplomado_Robotica/16_01_ws/install/stage_ros2/lib/stage_ros2/stage_ros2" to ""
[14.751s] -- Installing: /home/grace/Documents/Diplomado_Robotica/16_01_ws/install/stage_ros2/share/ament_index/resource_index/package_run_dependencies/stage_ros2
[14.751s] -- Installing: /home/grace/Documents/Diplomado_Robotica/16_01_ws/install/stage_ros2/share/ament_index/resource_index/parent_prefix_path/stage_ros2
[14.751s] -- Installing: /home/grace/Documents/Diplomado_Robotica/16_01_ws/install/stage_ros2/share/stage_ros2/environment/ament_prefix_path.sh
[14.751s] -- Installing: /home/grace/Documents/Diplomado_Robotica/16_01_ws/install/stage_ros2/share/stage_ros2/environment/ament_prefix_path.dsv
[14.751s] -- Installing: /home/grace/Documents/Diplomado_Robotica/16_01_ws/install/stage_ros2/share/stage_ros2/environment/path.sh
[14.751s] -- Installing: /home/grace/Documents/Diplomado_Robotica/16_01_ws/install/stage_ros2/share/stage_ros2/environment/path.dsv
[14.751s] -- Installing: /home/grace/Documents/Diplomado_Robotica/16_01_ws/install/stage_ros2/share/stage_ros2/local_setup.bash
[14.752s] -- Installing: /home/grace/Documents/Diplomado_Robotica/16_01_ws/install/stage_ros2/share/stage_ros2/local_setup.sh
[14.752s] -- Installing: /home/grace/Documents/Diplomado_Robotica/16_01_ws/install/stage_ros2/share/stage_ros2/local_setup.zsh
[14.752s] -- Installing: /home/grace/Documents/Diplomado_Robotica/16_01_ws/install/stage_ros2/share/stage_ros2/local_setup.dsv
[14.752s] -- Installing: /home/grace/Documents/Diplomado_Robotica/16_01_ws/install/stage_ros2/share/stage_ros2/package.dsv
[14.752s] -- Installing: /home/grace/Documents/Diplomado_Robotica/16_01_ws/install/stage_ros2/share/ament_index/resource_index/packages/stage_ros2
[14.752s] -- Installing: /home/grace/Documents/Diplomado_Robotica/16_01_ws/install/stage_ros2/share/stage_ros2/cmake/stage_ros2Config.cmake
[14.752s] -- Installing: /home/grace/Documents/Diplomado_Robotica/16_01_ws/install/stage_ros2/share/stage_ros2/cmake/stage_ros2Config-version.cmake
[14.752s] -- Installing: /home/grace/Documents/Diplomado_Robotica/16_01_ws/install/stage_ros2/share/stage_ros2/package.xml
[14.754s] Invoked command in '/home/grace/Documents/Diplomado_Robotica/16_01_ws/build/stage_ros2' returned '0': CMAKE_PREFIX_PATH=/home/grace/Documents/Diplomado_Robotica/16_01_ws/install/dqn_final:/home/grace/Documents/Diplomado_Robotica/16_01_ws/install/labo_dqn:/opt/ros/jazzy:/home/grace/Documents/Diplomado_Robotica/16_01_ws/install/stage:/home/grace/Documents/Diplomado_Robotica/16_01_ws/install/stage_ros2:/opt/ros/jazzy/opt/gz_sim_vendor:/opt/ros/jazzy/opt/gz_sensors_vendor:/opt/ros/jazzy/opt/gz_physics_vendor:/opt/ros/jazzy/opt/sdformat_vendor:/opt/ros/jazzy/opt/gz_gui_vendor:/opt/ros/jazzy/opt/gz_transport_vendor:/opt/ros/jazzy/opt/gz_rendering_vendor:/opt/ros/jazzy/opt/gz_plugin_vendor:/opt/ros/jazzy/opt/gz_fuel_tools_vendor:/opt/ros/jazzy/opt/gz_msgs_vendor:/opt/ros/jazzy/opt/gz_common_vendor:/opt/ros/jazzy/opt/gz_math_vendor:/opt/ros/jazzy/opt/gz_utils_vendor:/opt/ros/jazzy/opt/gz_tools_vendor:/opt/ros/jazzy/opt/gz_ogre_next_vendor:/opt/ros/jazzy/opt/gz_dartsim_vendor:/opt/ros/jazzy/opt/gz_cmake_vendor DEBUGINFOD_URLS=https://debuginfod.ubuntu.com LD_LIBRARY_PATH=/home/grace/Documents/Diplomado_Robotica/16_01_ws/install/stage/lib:/home/grace/Documents/Diplomado_Robotica/16_01_ws/install/stage_ros2/lib:/opt/ros/jazzy/opt/gz_sim_vendor/lib:/opt/ros/jazzy/opt/gz_sensors_vendor/lib:/opt/ros/jazzy/opt/gz_physics_vendor/lib:/opt/ros/jazzy/opt/sdformat_vendor/lib:/opt/ros/jazzy/opt/rviz_ogre_vendor/lib:/opt/ros/jazzy/lib/x86_64-linux-gnu:/opt/ros/jazzy/opt/gz_gui_vendor/lib:/opt/ros/jazzy/opt/gz_transport_vendor/lib:/opt/ros/jazzy/opt/gz_rendering_vendor/lib:/opt/ros/jazzy/opt/gz_plugin_vendor/lib:/opt/ros/jazzy/opt/gz_fuel_tools_vendor/lib:/opt/ros/jazzy/opt/gz_msgs_vendor/lib:/opt/ros/jazzy/opt/gz_common_vendor/lib:/opt/ros/jazzy/opt/gz_math_vendor/lib:/opt/ros/jazzy/opt/gz_utils_vendor/lib:/opt/ros/jazzy/opt/gz_tools_vendor/lib:/opt/ros/jazzy/opt/gz_ogre_next_vendor/lib:/opt/ros/jazzy/opt/gz_dartsim_vendor/lib:/opt/ros/jazzy/opt/gz_cmake_vendor/lib:/opt/ros/jazzy/lib /usr/bin/cmake --install /home/grace/Documents/Diplomado_Robotica/16_01_ws/build/stage_ros2
