/home/grace/Documents/Diplomado_Robotica/16_01_ws/install/dqn_final/lib/python3.12/site-packages/dqn_final/reset_stage.py
/home/grace/Documents/Diplomado_Robotica/16_01_ws/install/dqn_final/lib/python3.12/site-packages/dqn_final/test_node.py
/home/grace/Documents/Diplomado_Robotica/16_01_ws/install/dqn_final/lib/python3.12/site-packages/dqn_final/state_processor.py
/home/grace/Documents/Diplomado_Robotica/16_01_ws/install/dqn_final/lib/python3.12/site-packages/dqn_final/environment.py
/home/grace/Documents/Diplomado_Robotica/16_01_ws/install/dqn_final/lib/python3.12/site-packages/dqn_final/__init__.py
/home/grace/Documents/Diplomado_Robotica/16_01_ws/install/dqn_final/lib/python3.12/site-packages/dqn_final/dqn_agent.py
/home/grace/Documents/Diplomado_Robotica/16_01_ws/install/dqn_final/lib/python3.12/site-packages/dqn_final/train_node.py
/home/grace/Documents/Diplomado_Robotica/16_01_ws/install/dqn_final/lib/python3.12/site-packages/dqn_final/__pycache__/reset_stage.cpython-312.pyc
/home/grace/Documents/Diplomado_Robotica/16_01_ws/install/dqn_final/lib/python3.12/site-packages/dqn_final/__pycache__/test_node.cpython-312.pyc
/home/grace/Documents/Diplomado_Robotica/16_01_ws/install/dqn_final/lib/python3.12/site-packages/dqn_final/__pycache__/state_processor.cpython-312.pyc
/home/grace/Documents/Diplomado_Robotica/16_01_ws/install/dqn_final/lib/python3.12/site-packages/dqn_final/__pycache__/environment.cpython-312.pyc
/home/grace/Documents/Diplomado_Robotica/16_01_ws/install/dqn_final/lib/python3.12/site-packages/dqn_final/__pycache__/__init__.cpython-312.pyc
/home/grace/Documents/Diplomado_Robotica/16_01_ws/install/dqn_final/lib/python3.12/site-packages/dqn_final/__pycache__/dqn_agent.cpython-312.pyc
/home/grace/Documents/Diplomado_Robotica/16_01_ws/install/dqn_final/lib/python3.12/site-packages/dqn_final/__pycache__/train_node.cpython-312.pyc
/home/grace/Documents/Diplomado_Robotica/16_01_ws/install/dqn_final/share/ament_index/resource_index/packages/dqn_final
/home/grace/Documents/Diplomado_Robotica/16_01_ws/install/dqn_final/share/dqn_final/package.xml
/home/grace/Documents/Diplomado_Robotica/16_01_ws/install/dqn_final/share/dqn_final/launch/project_run.launch.py
/home/grace/Documents/Diplomado_Robotica/16_01_ws/install/dqn_final/share/dqn_final/worlds
/home/grace/Documents/Diplomado_Robotica/16_01_ws/install/dqn_final/lib/python3.12/site-packages/dqn_final-0.0.0-py3.12.egg-info/SOURCES.txt
/home/grace/Documents/Diplomado_Robotica/16_01_ws/install/dqn_final/lib/python3.12/site-packages/dqn_final-0.0.0-py3.12.egg-info/requires.txt
/home/grace/Documents/Diplomado_Robotica/16_01_ws/install/dqn_final/lib/python3.12/site-packages/dqn_final-0.0.0-py3.12.egg-info/top_level.txt
/home/grace/Documents/Diplomado_Robotica/16_01_ws/install/dqn_final/lib/python3.12/site-packages/dqn_final-0.0.0-py3.12.egg-info/PKG-INFO
/home/grace/Documents/Diplomado_Robotica/16_01_ws/install/dqn_final/lib/python3.12/site-packages/dqn_final-0.0.0-py3.12.egg-info/zip-safe
/home/grace/Documents/Diplomado_Robotica/16_01_ws/install/dqn_final/lib/python3.12/site-packages/dqn_final-0.0.0-py3.12.egg-info/entry_points.txt
/home/grace/Documents/Diplomado_Robotica/16_01_ws/install/dqn_final/lib/python3.12/site-packages/dqn_final-0.0.0-py3.12.egg-info/dependency_links.txt
/home/grace/Documents/Diplomado_Robotica/16_01_ws/install/dqn_final/lib/dqn_final/reset_stage
/home/grace/Documents/Diplomado_Robotica/16_01_ws/install/dqn_final/lib/dqn_final/test_node
/home/grace/Documents/Diplomado_Robotica/16_01_ws/install/dqn_final/lib/dqn_final/train_node
