running egg_info
creating ../../build/dqn_final/dqn_final.egg-info
writing ../../build/dqn_final/dqn_final.egg-info/PKG-INFO
writing dependency_links to ../../build/dqn_final/dqn_final.egg-info/dependency_links.txt
writing entry points to ../../build/dqn_final/dqn_final.egg-info/entry_points.txt
writing requirements to ../../build/dqn_final/dqn_final.egg-info/requires.txt
writing top-level names to ../../build/dqn_final/dqn_final.egg-info/top_level.txt
writing manifest file '../../build/dqn_final/dqn_final.egg-info/SOURCES.txt'
reading manifest file '../../build/dqn_final/dqn_final.egg-info/SOURCES.txt'
writing manifest file '../../build/dqn_final/dqn_final.egg-info/SOURCES.txt'
running build
running build_py
creating /home/grace/Documents/Diplomado_Robotica/16_01_ws/build/dqn_final/build
creating /home/grace/Documents/Diplomado_Robotica/16_01_ws/build/dqn_final/build/lib
creating /home/grace/Documents/Diplomado_Robotica/16_01_ws/build/dqn_final/build/lib/dqn_final
copying dqn_final/reset_stage.py -> /home/grace/Documents/Diplomado_Robotica/16_01_ws/build/dqn_final/build/lib/dqn_final
copying dqn_final/test_node.py -> /home/grace/Documents/Diplomado_Robotica/16_01_ws/build/dqn_final/build/lib/dqn_final
copying dqn_final/state_processor.py -> /home/grace/Documents/Diplomado_Robotica/16_01_ws/build/dqn_final/build/lib/dqn_final
copying dqn_final/environment.py -> /home/grace/Documents/Diplomado_Robotica/16_01_ws/build/dqn_final/build/lib/dqn_final
copying dqn_final/__init__.py -> /home/grace/Documents/Diplomado_Robotica/16_01_ws/build/dqn_final/build/lib/dqn_final
copying dqn_final/dqn_agent.py -> /home/grace/Documents/Diplomado_Robotica/16_01_ws/build/dqn_final/build/lib/dqn_final
copying dqn_final/train_node.py -> /home/grace/Documents/Diplomado_Robotica/16_01_ws/build/dqn_final/build/lib/dqn_final
running install
running install_lib
creating /home/grace/Documents/Diplomado_Robotica/16_01_ws/install/dqn_final/lib/python3.12/site-packages/dqn_final
copying /home/grace/Documents/Diplomado_Robotica/16_01_ws/build/dqn_final/build/lib/dqn_final/reset_stage.py -> /home/grace/Documents/Diplomado_Robotica/16_01_ws/install/dqn_final/lib/python3.12/site-packages/dqn_final
copying /home/grace/Documents/Diplomado_Robotica/16_01_ws/build/dqn_final/build/lib/dqn_final/test_node.py -> /home/grace/Documents/Diplomado_Robotica/16_01_ws/install/dqn_final/lib/python3.12/site-packages/dqn_final
copying /home/grace/Documents/Diplomado_Robotica/16_01_ws/build/dqn_final/build/lib/dqn_final/state_processor.py -> /home/grace/Documents/Diplomado_Robotica/16_01_ws/install/dqn_final/lib/python3.12/site-packages/dqn_final
copying /home/grace/Documents/Diplomado_Robotica/16_01_ws/build/dqn_final/build/lib/dqn_final/environment.py -> /home/grace/Documents/Diplomado_Robotica/16_01_ws/install/dqn_final/lib/python3.12/site-packages/dqn_final
copying /home/grace/Documents/Diplomado_Robotica/16_01_ws/build/dqn_final/build/lib/dqn_final/__init__.py -> /home/grace/Documents/Diplomado_Robotica/16_01_ws/install/dqn_final/lib/python3.12/site-packages/dqn_final
copying /home/grace/Documents/Diplomado_Robotica/16_01_ws/build/dqn_final/build/lib/dqn_final/dqn_agent.py -> /home/grace/Documents/Diplomado_Robotica/16_01_ws/install/dqn_final/lib/python3.12/site-packages/dqn_final
copying /home/grace/Documents/Diplomado_Robotica/16_01_ws/build/dqn_final/build/lib/dqn_final/train_node.py -> /home/grace/Documents/Diplomado_Robotica/16_01_ws/install/dqn_final/lib/python3.12/site-packages/dqn_final
byte-compiling /home/grace/Documents/Diplomado_Robotica/16_01_ws/install/dqn_final/lib/python3.12/site-packages/dqn_final/reset_stage.py to reset_stage.cpython-312.pyc
byte-compiling /home/grace/Documents/Diplomado_Robotica/16_01_ws/install/dqn_final/lib/python3.12/site-packages/dqn_final/test_node.py to test_node.cpython-312.pyc
byte-compiling /home/grace/Documents/Diplomado_Robotica/16_01_ws/install/dqn_final/lib/python3.12/site-packages/dqn_final/state_processor.py to state_processor.cpython-312.pyc
byte-compiling /home/grace/Documents/Diplomado_Robotica/16_01_ws/install/dqn_final/lib/python3.12/site-packages/dqn_final/environment.py to environment.cpython-312.pyc
byte-compiling /home/grace/Documents/Diplomado_Robotica/16_01_ws/install/dqn_final/lib/python3.12/site-packages/dqn_final/__init__.py to __init__.cpython-312.pyc
byte-compiling /home/grace/Documents/Diplomado_Robotica/16_01_ws/install/dqn_final/lib/python3.12/site-packages/dqn_final/dqn_agent.py to dqn_agent.cpython-312.pyc
byte-compiling /home/grace/Documents/Diplomado_Robotica/16_01_ws/install/dqn_final/lib/python3.12/site-packages/dqn_final/train_node.py to train_node.cpython-312.pyc
running install_data
creating /home/grace/Documents/Diplomado_Robotica/16_01_ws/install/dqn_final/share/ament_index
creating /home/grace/Documents/Diplomado_Robotica/16_01_ws/install/dqn_final/share/ament_index/resource_index
creating /home/grace/Documents/Diplomado_Robotica/16_01_ws/install/dqn_final/share/ament_index/resource_index/packages
copying resource/dqn_final -> /home/grace/Documents/Diplomado_Robotica/16_01_ws/install/dqn_final/share/ament_index/resource_index/packages
copying package.xml -> /home/grace/Documents/Diplomado_Robotica/16_01_ws/install/dqn_final/share/dqn_final
creating /home/grace/Documents/Diplomado_Robotica/16_01_ws/install/dqn_final/share/dqn_final/launch
copying launch/project_run.launch.py -> /home/grace/Documents/Diplomado_Robotica/16_01_ws/install/dqn_final/share/dqn_final/launch
creating /home/grace/Documents/Diplomado_Robotica/16_01_ws/install/dqn_final/share/dqn_final/worlds
running install_egg_info
Copying ../../build/dqn_final/dqn_final.egg-info to /home/grace/Documents/Diplomado_Robotica/16_01_ws/install/dqn_final/lib/python3.12/site-packages/dqn_final-0.0.0-py3.12.egg-info
running install_scripts
Installing reset_stage script to /home/grace/Documents/Diplomado_Robotica/16_01_ws/install/dqn_final/lib/dqn_final
Installing test_node script to /home/grace/Documents/Diplomado_Robotica/16_01_ws/install/dqn_final/lib/dqn_final
Installing train_node script to /home/grace/Documents/Diplomado_Robotica/16_01_ws/install/dqn_final/lib/dqn_final
writing list of installed files to '/home/grace/Documents/Diplomado_Robotica/16_01_ws/build/dqn_final/install.log'
