running egg_info
writing ../../build/dqn_final/dqn_final.egg-info/PKG-INFO
writing dependency_links to ../../build/dqn_final/dqn_final.egg-info/dependency_links.txt
writing entry points to ../../build/dqn_final/dqn_final.egg-info/entry_points.txt
writing requirements to ../../build/dqn_final/dqn_final.egg-info/requires.txt
writing top-level names to ../../build/dqn_final/dqn_final.egg-info/top_level.txt
reading manifest file '../../build/dqn_final/dqn_final.egg-info/SOURCES.txt'
writing manifest file '../../build/dqn_final/dqn_final.egg-info/SOURCES.txt'
running build
running build_py
copying dqn_final/test_node.py -> /home/grace/Documents/Diplomado_Robotica/16_01_ws/build/dqn_final/build/lib/dqn_final
running install
running install_lib
copying /home/grace/Documents/Diplomado_Robotica/16_01_ws/build/dqn_final/build/lib/dqn_final/test_node.py -> /home/grace/Documents/Diplomado_Robotica/16_01_ws/install/dqn_final/lib/python3.12/site-packages/dqn_final
byte-compiling /home/grace/Documents/Diplomado_Robotica/16_01_ws/install/dqn_final/lib/python3.12/site-packages/dqn_final/test_node.py to test_node.cpython-312.pyc
running install_data
running install_egg_info
removing '/home/grace/Documents/Diplomado_Robotica/16_01_ws/install/dqn_final/lib/python3.12/site-packages/dqn_final-0.0.0-py3.12.egg-info' (and everything under it)
Copying ../../build/dqn_final/dqn_final.egg-info to /home/grace/Documents/Diplomado_Robotica/16_01_ws/install/dqn_final/lib/python3.12/site-packages/dqn_final-0.0.0-py3.12.egg-info
running install_scripts
Installing reset_stage script to /home/grace/Documents/Diplomado_Robotica/16_01_ws/install/dqn_final/lib/dqn_final
Installing test_node script to /home/grace/Documents/Diplomado_Robotica/16_01_ws/install/dqn_final/lib/dqn_final
Installing train_node script to /home/grace/Documents/Diplomado_Robotica/16_01_ws/install/dqn_final/lib/dqn_final
writing list of installed files to '/home/grace/Documents/Diplomado_Robotica/16_01_ws/build/dqn_final/install.log'
