[0.020s] Invoking command in '/home/grace/Documents/Diplomado_Robotica/16_01_ws/build/stage': DEBUGINFOD_URLS=https://debuginfod.ubuntu.com /usr/bin/cmake /home/grace/Documents/Diplomado_Robotica/16_01_ws/src/Stage -DCATKIN_INSTALL_INTO_PREFIX_ROOT=0 -DCMAKE_INSTALL_PREFIX=/home/grace/Documents/Diplomado_Robotica/16_01_ws/install/stage
[0.351s] -- The C compiler identification is GNU 13.3.0
[0.352s] -- The CXX compiler identification is GNU 13.3.0
[0.352s] -- Detecting C compiler ABI info
[0.352s] -- Detecting C compiler ABI info - done
[0.352s] -- Check for working C compiler: /usr/bin/cc - skipped
[0.352s] -- Detecting C compile features
[0.353s] -- Detecting C compile features - done
[0.353s] -- Detecting CXX compiler ABI info
[0.353s] -- Detecting CXX compiler ABI info - done
[0.357s] -- Check for working CXX compiler: /usr/bin/c++ - skipped
[0.358s] -- Detecting CXX compile features
[0.358s] -- Detecting CXX compile features - done
[0.358s] -- Stage version 4.3.0
[0.359s] -- Operating system is Linux
[0.359s] -- Installing Libraries to /home/grace/Documents/Diplomado_Robotica/16_01_ws/install/stage/lib
[0.359s] -- Installing Plugins to /home/grace/Documents/Diplomado_Robotica/16_01_ws/install/stage/lib/Stage-4.3
[0.359s] -- Build type RELEASE
[0.359s] -- Checking for libtool
[0.367s] -- Checking for required libraries...
[0.391s] -- Found JPEG: /usr/lib/x86_64-linux-gnu/libjpeg.so (found version "80") 
[0.405s] -- Found ZLIB: /usr/lib/x86_64-linux-gnu/libz.so (found version "1.3")  
[0.424s] -- Found PNG: /usr/lib/x86_64-linux-gnu/libpng.so (found version "1.6.43") 
[0.432s] -- Found OpenGL: /usr/lib/x86_64-linux-gnu/libOpenGL.so   
[0.545s] -- Found X11: /usr/include   
[0.545s] -- Looking for XOpenDisplay in /usr/lib/x86_64-linux-gnu/libX11.so;/usr/lib/x86_64-linux-gnu/libXext.so
[0.604s] -- Looking for XOpenDisplay in /usr/lib/x86_64-linux-gnu/libX11.so;/usr/lib/x86_64-linux-gnu/libXext.so - found
[0.605s] -- Looking for gethostbyname
[0.664s] -- Looking for gethostbyname - found
[0.664s] -- Looking for connect
[0.719s] -- Looking for connect - found
[0.719s] -- Looking for remove
[0.775s] -- Looking for remove - found
[0.775s] -- Looking for shmat
[0.838s] -- Looking for shmat - found
[0.838s] -- Looking for IceConnectionNumber in ICE
[0.895s] -- Looking for IceConnectionNumber in ICE - found
[0.923s] -- Found FLTK: fltk_images;fltk_forms;fltk_gl;fltk  
[0.925s] -- Checking for optional libraries...
[0.925s] -- Installation path CMAKE_INSTALL_PREFIX=/home/grace/Documents/Diplomado_Robotica/16_01_ws/install/stage
[0.926s] -- Configuring libstage
[0.932s] -- Found PkgConfig: /usr/bin/pkg-config (found version "1.8.1") 
[0.932s] -- Checking for one of the modules 'playercore>=2.1.0'
[1.002s] --   * Player not detected. If Player is installed but not detected, check your PKG_CONFIG_PATH.
[1.012s] -- Configuring done (1.0s)
[1.042s] -- Generating done (0.0s)
[1.043s] [33mCMake Warning:
[1.043s]   Manually-specified variables were not used by the project:
[1.043s] 
[1.043s]     CATKIN_INSTALL_INTO_PREFIX_ROOT
[1.043s] 
[1.044s] [0m
[1.047s] -- Build files have been written to: /home/grace/Documents/Diplomado_Robotica/16_01_ws/build/stage
[1.055s] Invoked command in '/home/grace/Documents/Diplomado_Robotica/16_01_ws/build/stage' returned '0': DEBUGINFOD_URLS=https://debuginfod.ubuntu.com /usr/bin/cmake /home/grace/Documents/Diplomado_Robotica/16_01_ws/src/Stage -DCATKIN_INSTALL_INTO_PREFIX_ROOT=0 -DCMAKE_INSTALL_PREFIX=/home/grace/Documents/Diplomado_Robotica/16_01_ws/install/stage
[1.055s] Invoking command in '/home/grace/Documents/Diplomado_Robotica/16_01_ws/build/stage': DEBUGINFOD_URLS=https://debuginfod.ubuntu.com /usr/bin/cmake --build /home/grace/Documents/Diplomado_Robotica/16_01_ws/build/stage -- -j16 -l16
[1.094s] [  6%] [32mBuilding CXX object libstage/CMakeFiles/stage.dir/blockgroup.cc.o[0m
[1.094s] [  6%] [32mBuilding CXX object libstage/CMakeFiles/stage.dir/logentry.cc.o[0m
[1.094s] [  8%] [32mBuilding CXX object libstage/CMakeFiles/stage.dir/color.cc.o[0m
[1.094s] [  8%] [32mBuilding CXX object libstage/CMakeFiles/stage.dir/block.cc.o[0m
[1.094s] [ 10%] [32mBuilding CXX object libstage/CMakeFiles/stage.dir/gl.cc.o[0m
[1.094s] [ 11%] [32mBuilding CXX object libstage/CMakeFiles/stage.dir/model.cc.o[0m
[1.095s] [ 13%] [32mBuilding CXX object libstage/CMakeFiles/stage.dir/model_blinkenlight.cc.o[0m
[1.095s] [ 15%] [32mBuilding CXX object libstage/CMakeFiles/stage.dir/model_bumper.cc.o[0m
[1.095s] [ 16%] [32mBuilding CXX object libstage/CMakeFiles/stage.dir/file_manager.cc.o[0m
[1.095s] [ 18%] [32mBuilding CXX object libstage/CMakeFiles/stage.dir/model_callbacks.cc.o[0m
[1.095s] [ 20%] [32mBuilding CXX object libstage/CMakeFiles/stage.dir/model_blobfinder.cc.o[0m
[1.096s] [ 20%] [32mBuilding CXX object libstage/CMakeFiles/stage.dir/camera.cc.o[0m
[1.098s] [ 22%] [32mBuilding CXX object libstage/CMakeFiles/stage.dir/model_actuator.cc.o[0m
[1.100s] [ 23%] [32mBuilding CXX object libstage/CMakeFiles/stage.dir/model_camera.cc.o[0m
[1.100s] [ 25%] [32mBuilding CXX object libstage/CMakeFiles/stage.dir/model_fiducial.cc.o[0m
[1.100s] [ 27%] [32mBuilding CXX object libstage/CMakeFiles/stage.dir/model_draw.cc.o[0m
[2.266s] [ 28%] [32mBuilding CXX object libstage/CMakeFiles/stage.dir/model_gripper.cc.o[0m
[2.280s] [ 30%] [32mBuilding CXX object libstage/CMakeFiles/stage.dir/model_lightindicator.cc.o[0m
[2.290s] [ 33%] [32mBuilding CXX object libstage/CMakeFiles/stage.dir/model_ranger.cc.o[0m
[2.290s] [ 33%] [32mBuilding CXX object libstage/CMakeFiles/stage.dir/model_position.cc.o[0m
[2.301s] [ 35%] [32mBuilding CXX object libstage/CMakeFiles/stage.dir/option.cc.o[0m
[2.391s] [ 37%] [32mBuilding CXX object libstage/CMakeFiles/stage.dir/powerpack.cc.o[0m
[2.398s] [ 38%] [32mBuilding CXX object libstage/CMakeFiles/stage.dir/region.cc.o[0m
[2.485s] [ 40%] [32mBuilding CXX object libstage/CMakeFiles/stage.dir/stage.cc.o[0m
[2.490s] [ 42%] [32mBuilding CXX object libstage/CMakeFiles/stage.dir/texture_manager.cc.o[0m
[2.506s] [ 45%] [32mBuilding CXX object libstage/CMakeFiles/stage.dir/world.cc.o[0m
[2.506s] [ 45%] [32mBuilding CXX object libstage/CMakeFiles/stage.dir/typetable.cc.o[0m
[2.568s] [ 47%] [32mBuilding CXX object libstage/CMakeFiles/stage.dir/worldfile.cc.o[0m
[2.796s] [ 49%] [32mBuilding CXX object libstage/CMakeFiles/stage.dir/canvas.cc.o[0m
[2.822s] [ 50%] [32mBuilding CXX object libstage/CMakeFiles/stage.dir/options_dlg.cc.o[0m
[2.878s] [ 52%] [32mBuilding CXX object libstage/CMakeFiles/stage.dir/vis_strip.cc.o[0m
[3.417s] [ 54%] [32mBuilding CXX object libstage/CMakeFiles/stage.dir/worldgui.cc.o[0m
[3.479s] [ 55%] [32mBuilding CXX object libstage/CMakeFiles/stage.dir/ancestor.cc.o[0m
[4.746s] [ 57%] [32m[1mLinking CXX shared library libstage.so[0m
[4.833s] [ 57%] Built target stage
[4.850s] [ 59%] [32mBuilding CXX object examples/ctrl/CMakeFiles/fasr2.dir/astar/findpath.cpp.o[0m
[4.851s] [ 61%] [32mBuilding CXX object examples/ctrl/CMakeFiles/wander.dir/wander.cc.o[0m
[4.851s] [ 62%] [32mBuilding CXX object examples/ctrl/CMakeFiles/fasr.dir/fasr.cc.o[0m
[4.851s] [ 64%] [32mBuilding CXX object examples/ctrl/CMakeFiles/fasr2.dir/fasr2.cc.o[0m
[4.853s] [ 66%] [32mBuilding CXX object libstage/CMakeFiles/stagebinary.dir/main.cc.o[0m
[4.854s] [ 67%] [32mBuilding CXX object examples/ctrl/CMakeFiles/sink.dir/sink.cc.o[0m
[4.854s] [ 69%] [32mBuilding CXX object examples/ctrl/CMakeFiles/source.dir/source.cc.o[0m
[4.854s] [ 72%] [32mBuilding CXX object examples/ctrl/CMakeFiles/pioneer_flocking.dir/pioneer_flocking.cc.o[0m
[4.854s] [ 74%] [32mBuilding CXX object examples/ctrl/CMakeFiles/lasernoise.dir/lasernoise.cc.o[0m
[4.854s] [ 74%] [32mBuilding CXX object examples/ctrl/CMakeFiles/dynamic.dir/dynamic.cc.o[0m
[4.854s] [ 76%] [32mBuilding CXX object examples/ctrl/CMakeFiles/rasterize.dir/rasterize.cc.o[0m
[4.854s] [ 77%] [32mBuilding CXX object worlds/benchmark/CMakeFiles/expand_swarm.dir/expand_swarm.cc.o[0m
[4.855s] [ 79%] [32mBuilding CXX object worlds/benchmark/CMakeFiles/expand_pioneer.dir/expand_pioneer.cc.o[0m
[5.634s] [ 81%] [32m[1mLinking CXX shared module pioneer_flocking.so[0m
[5.645s] [ 83%] [32m[1mLinking CXX executable stage[0m
[5.733s] [ 83%] Built target stagebinary
[5.749s] [ 83%] Built target pioneer_flocking
[5.817s] [ 84%] [32m[1mLinking CXX shared module sink.so[0m
[5.819s] [ 88%] [32m[1mLinking CXX shared module rasterize.so[0m
[5.820s] [ 88%] [32m[1mLinking CXX shared module lasernoise.so[0m
[5.834s] [ 89%] [32m[1mLinking CXX shared module expand_pioneer.so[0m
[5.845s] [ 91%] [32m[1mLinking CXX shared module dynamic.so[0m
[5.849s] [ 93%] [32m[1mLinking CXX shared module expand_swarm.so[0m
[5.876s] [ 94%] [32m[1mLinking CXX shared module fasr.so[0m
[5.893s] [ 96%] [32m[1mLinking CXX shared module wander.so[0m
[5.930s] [ 96%] Built target lasernoise
[5.930s] [ 96%] Built target rasterize
[5.935s] [ 96%] Built target sink
[5.944s] [ 98%] [32m[1mLinking CXX shared module source.so[0m
[5.962s] [ 98%] Built target expand_pioneer
[5.984s] [ 98%] Built target fasr
[5.985s] [ 98%] Built target dynamic
[5.985s] [ 98%] Built target wander
[5.991s] [ 98%] Built target expand_swarm
[6.006s] [ 98%] Built target source
[6.014s] [100%] [32m[1mLinking CXX shared module fasr2.so[0m
[6.079s] [100%] Built target fasr2
[6.088s] Invoked command in '/home/grace/Documents/Diplomado_Robotica/16_01_ws/build/stage' returned '0': DEBUGINFOD_URLS=https://debuginfod.ubuntu.com /usr/bin/cmake --build /home/grace/Documents/Diplomado_Robotica/16_01_ws/build/stage -- -j16 -l16
[6.095s] Invoking command in '/home/grace/Documents/Diplomado_Robotica/16_01_ws/build/stage': DEBUGINFOD_URLS=https://debuginfod.ubuntu.com /usr/bin/cmake --install /home/grace/Documents/Diplomado_Robotica/16_01_ws/build/stage
[6.099s] -- Install configuration: "RELEASE"
[6.100s] -- Installing: /home/grace/Documents/Diplomado_Robotica/16_01_ws/install/stage/lib/pkgconfig/stage.pc
[6.100s] -- Installing: /home/grace/Documents/Diplomado_Robotica/16_01_ws/install/stage/lib/cmake/Stage/stage-config.cmake
[6.100s] -- Installing: /home/grace/Documents/Diplomado_Robotica/16_01_ws/install/stage/lib/cmake/Stage/stage-config-version.cmake
[6.100s] -- Installing: /home/grace/Documents/Diplomado_Robotica/16_01_ws/install/stage/bin/stage
[6.100s] -- Set non-toolchain portion of runtime path of "/home/grace/Documents/Diplomado_Robotica/16_01_ws/install/stage/bin/stage" to ""
[6.100s] -- Installing: /home/grace/Documents/Diplomado_Robotica/16_01_ws/install/stage/lib/libstage.so.4.3.0
[6.100s] -- Installing: /home/grace/Documents/Diplomado_Robotica/16_01_ws/install/stage/lib/libstage.so
[6.100s] -- Installing: /home/grace/Documents/Diplomado_Robotica/16_01_ws/install/stage/include/Stage-4.3/stage.hh
[6.101s] -- Installing: /home/grace/Documents/Diplomado_Robotica/16_01_ws/install/stage/lib/Stage-4.3/fasr.so
[6.101s] -- Set non-toolchain portion of runtime path of "/home/grace/Documents/Diplomado_Robotica/16_01_ws/install/stage/lib/Stage-4.3/fasr.so" to ""
[6.101s] -- Installing: /home/grace/Documents/Diplomado_Robotica/16_01_ws/install/stage/lib/Stage-4.3/sink.so
[6.101s] -- Set non-toolchain portion of runtime path of "/home/grace/Documents/Diplomado_Robotica/16_01_ws/install/stage/lib/Stage-4.3/sink.so" to ""
[6.101s] -- Installing: /home/grace/Documents/Diplomado_Robotica/16_01_ws/install/stage/lib/Stage-4.3/source.so
[6.101s] -- Set non-toolchain portion of runtime path of "/home/grace/Documents/Diplomado_Robotica/16_01_ws/install/stage/lib/Stage-4.3/source.so" to ""
[6.101s] -- Installing: /home/grace/Documents/Diplomado_Robotica/16_01_ws/install/stage/lib/Stage-4.3/wander.so
[6.102s] -- Set non-toolchain portion of runtime path of "/home/grace/Documents/Diplomado_Robotica/16_01_ws/install/stage/lib/Stage-4.3/wander.so" to ""
[6.102s] -- Installing: /home/grace/Documents/Diplomado_Robotica/16_01_ws/install/stage/lib/Stage-4.3/pioneer_flocking.so
[6.102s] -- Set non-toolchain portion of runtime path of "/home/grace/Documents/Diplomado_Robotica/16_01_ws/install/stage/lib/Stage-4.3/pioneer_flocking.so" to ""
[6.102s] -- Installing: /home/grace/Documents/Diplomado_Robotica/16_01_ws/install/stage/lib/Stage-4.3/rasterize.so
[6.102s] -- Set non-toolchain portion of runtime path of "/home/grace/Documents/Diplomado_Robotica/16_01_ws/install/stage/lib/Stage-4.3/rasterize.so" to ""
[6.102s] -- Installing: /home/grace/Documents/Diplomado_Robotica/16_01_ws/install/stage/lib/Stage-4.3/lasernoise.so
[6.102s] -- Set non-toolchain portion of runtime path of "/home/grace/Documents/Diplomado_Robotica/16_01_ws/install/stage/lib/Stage-4.3/lasernoise.so" to ""
[6.102s] -- Installing: /home/grace/Documents/Diplomado_Robotica/16_01_ws/install/stage/lib/Stage-4.3/dynamic.so
[6.102s] -- Set non-toolchain portion of runtime path of "/home/grace/Documents/Diplomado_Robotica/16_01_ws/install/stage/lib/Stage-4.3/dynamic.so" to ""
[6.102s] -- Installing: /home/grace/Documents/Diplomado_Robotica/16_01_ws/install/stage/lib/Stage-4.3/fasr2.so
[6.103s] -- Set non-toolchain portion of runtime path of "/home/grace/Documents/Diplomado_Robotica/16_01_ws/install/stage/lib/Stage-4.3/fasr2.so" to ""
[6.103s] -- Installing: /home/grace/Documents/Diplomado_Robotica/16_01_ws/install/stage/share/stage/assets/blue.png
[6.103s] -- Installing: /home/grace/Documents/Diplomado_Robotica/16_01_ws/install/stage/share/stage/assets/death.png
[6.104s] -- Installing: /home/grace/Documents/Diplomado_Robotica/16_01_ws/install/stage/share/stage/assets/green.png
[6.104s] -- Installing: /home/grace/Documents/Diplomado_Robotica/16_01_ws/install/stage/share/stage/assets/logo.png
[6.104s] -- Installing: /home/grace/Documents/Diplomado_Robotica/16_01_ws/install/stage/share/stage/assets/mains.png
[6.106s] -- Installing: /home/grace/Documents/Diplomado_Robotica/16_01_ws/install/stage/share/stage/assets/mainspower.png
[6.107s] -- Installing: /home/grace/Documents/Diplomado_Robotica/16_01_ws/install/stage/share/stage/assets/question_mark.png
[6.107s] -- Installing: /home/grace/Documents/Diplomado_Robotica/16_01_ws/install/stage/share/stage/assets/red.png
[6.107s] -- Installing: /home/grace/Documents/Diplomado_Robotica/16_01_ws/install/stage/share/stage/assets/stagelogo.png
[6.107s] -- Installing: /home/grace/Documents/Diplomado_Robotica/16_01_ws/install/stage/share/stage/assets/stall-old.png
[6.108s] -- Installing: /home/grace/Documents/Diplomado_Robotica/16_01_ws/install/stage/share/stage/assets/stall.png
[6.108s] -- Installing: /home/grace/Documents/Diplomado_Robotica/16_01_ws/install/stage/share/stage/assets/rgb.txt
[6.108s] -- Installing: /home/grace/Documents/Diplomado_Robotica/16_01_ws/install/stage/share/stage/rgb.txt
[6.108s] -- Installing: /home/grace/Documents/Diplomado_Robotica/16_01_ws/install/stage/share/stage/worlds/amcl-sonar.cfg
[6.109s] -- Installing: /home/grace/Documents/Diplomado_Robotica/16_01_ws/install/stage/share/stage/worlds/autolab.cfg
[6.109s] -- Installing: /home/grace/Documents/Diplomado_Robotica/16_01_ws/install/stage/share/stage/worlds/camera.cfg
[6.109s] -- Installing: /home/grace/Documents/Diplomado_Robotica/16_01_ws/install/stage/share/stage/worlds/everything.cfg
[6.109s] -- Installing: /home/grace/Documents/Diplomado_Robotica/16_01_ws/install/stage/share/stage/worlds/lsp_test.cfg
[6.110s] -- Installing: /home/grace/Documents/Diplomado_Robotica/16_01_ws/install/stage/share/stage/worlds/mbicp.cfg
[6.110s] -- Installing: /home/grace/Documents/Diplomado_Robotica/16_01_ws/install/stage/share/stage/worlds/nd.cfg
[6.110s] -- Installing: /home/grace/Documents/Diplomado_Robotica/16_01_ws/install/stage/share/stage/worlds/roomba.cfg
[6.110s] -- Installing: /home/grace/Documents/Diplomado_Robotica/16_01_ws/install/stage/share/stage/worlds/simple.cfg
[6.110s] -- Installing: /home/grace/Documents/Diplomado_Robotica/16_01_ws/install/stage/share/stage/worlds/test.cfg
[6.110s] -- Installing: /home/grace/Documents/Diplomado_Robotica/16_01_ws/install/stage/share/stage/worlds/uoa_robotics_lab.cfg
[6.110s] -- Installing: /home/grace/Documents/Diplomado_Robotica/16_01_ws/install/stage/share/stage/worlds/vfh.cfg
[6.110s] -- Installing: /home/grace/Documents/Diplomado_Robotica/16_01_ws/install/stage/share/stage/worlds/wavefront-remote.cfg
[6.110s] -- Installing: /home/grace/Documents/Diplomado_Robotica/16_01_ws/install/stage/share/stage/worlds/wavefront.cfg
[6.110s] -- Installing: /home/grace/Documents/Diplomado_Robotica/16_01_ws/install/stage/share/stage/worlds/wifi.cfg
[6.110s] -- Installing: /home/grace/Documents/Diplomado_Robotica/16_01_ws/install/stage/share/stage/worlds/SFU.world
[6.110s] -- Installing: /home/grace/Documents/Diplomado_Robotica/16_01_ws/install/stage/share/stage/worlds/autolab.world
[6.110s] -- Installing: /home/grace/Documents/Diplomado_Robotica/16_01_ws/install/stage/share/stage/worlds/camera.world
[6.111s] -- Installing: /home/grace/Documents/Diplomado_Robotica/16_01_ws/install/stage/share/stage/worlds/circuit.world
[6.111s] -- Installing: /home/grace/Documents/Diplomado_Robotica/16_01_ws/install/stage/share/stage/worlds/everything.world
[6.111s] -- Installing: /home/grace/Documents/Diplomado_Robotica/16_01_ws/install/stage/share/stage/worlds/fasr.world
[6.111s] -- Installing: /home/grace/Documents/Diplomado_Robotica/16_01_ws/install/stage/share/stage/worlds/fasr2.world
[6.111s] -- Installing: /home/grace/Documents/Diplomado_Robotica/16_01_ws/install/stage/share/stage/worlds/fasr_plan.world
[6.111s] -- Installing: /home/grace/Documents/Diplomado_Robotica/16_01_ws/install/stage/share/stage/worlds/large.world
[6.111s] -- Installing: /home/grace/Documents/Diplomado_Robotica/16_01_ws/install/stage/share/stage/worlds/lsp_test.world
[6.111s] -- Installing: /home/grace/Documents/Diplomado_Robotica/16_01_ws/install/stage/share/stage/worlds/mbicp.world
[6.111s] -- Installing: /home/grace/Documents/Diplomado_Robotica/16_01_ws/install/stage/share/stage/worlds/pioneer_flocking.world
[6.112s] -- Installing: /home/grace/Documents/Diplomado_Robotica/16_01_ws/install/stage/share/stage/worlds/pioneer_follow.world
[6.112s] -- Installing: /home/grace/Documents/Diplomado_Robotica/16_01_ws/install/stage/share/stage/worlds/pioneer_walle.world
[6.112s] -- Installing: /home/grace/Documents/Diplomado_Robotica/16_01_ws/install/stage/share/stage/worlds/roomba.world
[6.112s] -- Installing: /home/grace/Documents/Diplomado_Robotica/16_01_ws/install/stage/share/stage/worlds/sensor_noise_demo.world
[6.112s] -- Installing: /home/grace/Documents/Diplomado_Robotica/16_01_ws/install/stage/share/stage/worlds/sensor_noise_module_demo.world
[6.112s] -- Installing: /home/grace/Documents/Diplomado_Robotica/16_01_ws/install/stage/share/stage/worlds/simple.world
[6.112s] -- Installing: /home/grace/Documents/Diplomado_Robotica/16_01_ws/install/stage/share/stage/worlds/uoa_robotics_lab.world
[6.112s] -- Installing: /home/grace/Documents/Diplomado_Robotica/16_01_ws/install/stage/share/stage/worlds/wifi.world
[6.112s] -- Installing: /home/grace/Documents/Diplomado_Robotica/16_01_ws/install/stage/share/stage/worlds/beacons.inc
[6.112s] -- Installing: /home/grace/Documents/Diplomado_Robotica/16_01_ws/install/stage/share/stage/worlds/chatterbox.inc
[6.112s] -- Installing: /home/grace/Documents/Diplomado_Robotica/16_01_ws/install/stage/share/stage/worlds/hokuyo.inc
[6.112s] -- Installing: /home/grace/Documents/Diplomado_Robotica/16_01_ws/install/stage/share/stage/worlds/irobot.inc
[6.113s] -- Installing: /home/grace/Documents/Diplomado_Robotica/16_01_ws/install/stage/share/stage/worlds/map.inc
[6.113s] -- Installing: /home/grace/Documents/Diplomado_Robotica/16_01_ws/install/stage/share/stage/worlds/objects.inc
[6.113s] -- Installing: /home/grace/Documents/Diplomado_Robotica/16_01_ws/install/stage/share/stage/worlds/pantilt.inc
[6.113s] -- Installing: /home/grace/Documents/Diplomado_Robotica/16_01_ws/install/stage/share/stage/worlds/pioneer.inc
[6.113s] -- Installing: /home/grace/Documents/Diplomado_Robotica/16_01_ws/install/stage/share/stage/worlds/sick.inc
[6.113s] -- Installing: /home/grace/Documents/Diplomado_Robotica/16_01_ws/install/stage/share/stage/worlds/ubot.inc
[6.113s] -- Installing: /home/grace/Documents/Diplomado_Robotica/16_01_ws/install/stage/share/stage/worlds/uoa_robotics_lab_models.inc
[6.113s] -- Installing: /home/grace/Documents/Diplomado_Robotica/16_01_ws/install/stage/share/stage/worlds/walle.inc
[6.113s] -- Installing: /home/grace/Documents/Diplomado_Robotica/16_01_ws/install/stage/share/stage/worlds/cfggen.sh
[6.113s] -- Installing: /home/grace/Documents/Diplomado_Robotica/16_01_ws/install/stage/share/stage/worlds/test.sh
[6.114s] -- Installing: /home/grace/Documents/Diplomado_Robotica/16_01_ws/install/stage/share/stage/worlds/worldgen.sh
[6.114s] -- Installing: /home/grace/Documents/Diplomado_Robotica/16_01_ws/install/stage/lib/Stage-4.3/expand_swarm.so
[6.114s] -- Set non-toolchain portion of runtime path of "/home/grace/Documents/Diplomado_Robotica/16_01_ws/install/stage/lib/Stage-4.3/expand_swarm.so" to ""
[6.114s] -- Installing: /home/grace/Documents/Diplomado_Robotica/16_01_ws/install/stage/lib/Stage-4.3/expand_pioneer.so
[6.114s] -- Set non-toolchain portion of runtime path of "/home/grace/Documents/Diplomado_Robotica/16_01_ws/install/stage/lib/Stage-4.3/expand_pioneer.so" to ""
[6.114s] -- Installing: /home/grace/Documents/Diplomado_Robotica/16_01_ws/install/stage/share/stage/worlds/bitmaps/889_05.png
[6.114s] -- Installing: /home/grace/Documents/Diplomado_Robotica/16_01_ws/install/stage/share/stage/worlds/bitmaps/SFU_1200x615.png
[6.115s] -- Installing: /home/grace/Documents/Diplomado_Robotica/16_01_ws/install/stage/share/stage/worlds/bitmaps/SRI-AIC-kwing.png
[6.115s] -- Installing: /home/grace/Documents/Diplomado_Robotica/16_01_ws/install/stage/share/stage/worlds/bitmaps/autolab.png
[6.115s] -- Installing: /home/grace/Documents/Diplomado_Robotica/16_01_ws/install/stage/share/stage/worlds/bitmaps/cave.png
[6.115s] -- Installing: /home/grace/Documents/Diplomado_Robotica/16_01_ws/install/stage/share/stage/worlds/bitmaps/cave_compact.png
[6.116s] -- Installing: /home/grace/Documents/Diplomado_Robotica/16_01_ws/install/stage/share/stage/worlds/bitmaps/cave_filled.png
[6.116s] -- Installing: /home/grace/Documents/Diplomado_Robotica/16_01_ws/install/stage/share/stage/worlds/bitmaps/frieburg.png
[6.116s] -- Installing: /home/grace/Documents/Diplomado_Robotica/16_01_ws/install/stage/share/stage/worlds/bitmaps/ghost.png
[6.116s] -- Installing: /home/grace/Documents/Diplomado_Robotica/16_01_ws/install/stage/share/stage/worlds/bitmaps/hospital.png
[6.116s] -- Installing: /home/grace/Documents/Diplomado_Robotica/16_01_ws/install/stage/share/stage/worlds/bitmaps/hospital_section.png
[6.116s] -- Installing: /home/grace/Documents/Diplomado_Robotica/16_01_ws/install/stage/share/stage/worlds/bitmaps/human_outline.png
[6.116s] -- Installing: /home/grace/Documents/Diplomado_Robotica/16_01_ws/install/stage/share/stage/worlds/bitmaps/mbicp.png
[6.116s] -- Installing: /home/grace/Documents/Diplomado_Robotica/16_01_ws/install/stage/share/stage/worlds/bitmaps/rink.png
[6.116s] -- Installing: /home/grace/Documents/Diplomado_Robotica/16_01_ws/install/stage/share/stage/worlds/bitmaps/sal2.png
[6.116s] -- Installing: /home/grace/Documents/Diplomado_Robotica/16_01_ws/install/stage/share/stage/worlds/bitmaps/simple_rooms.png
[6.116s] -- Installing: /home/grace/Documents/Diplomado_Robotica/16_01_ws/install/stage/share/stage/worlds/bitmaps/space_invader.png
[6.116s] -- Installing: /home/grace/Documents/Diplomado_Robotica/16_01_ws/install/stage/share/stage/worlds/bitmaps/submarine.png
[6.116s] -- Installing: /home/grace/Documents/Diplomado_Robotica/16_01_ws/install/stage/share/stage/worlds/bitmaps/submarine_small.png
[6.117s] -- Installing: /home/grace/Documents/Diplomado_Robotica/16_01_ws/install/stage/share/stage/worlds/bitmaps/table.png
[6.117s] -- Installing: /home/grace/Documents/Diplomado_Robotica/16_01_ws/install/stage/share/stage/worlds/bitmaps/uoa_robotics_lab.png
[6.117s] -- Installing: /home/grace/Documents/Diplomado_Robotica/16_01_ws/install/stage/share/stage/worlds/wifi/commando.world
[6.117s] -- Installing: /home/grace/Documents/Diplomado_Robotica/16_01_ws/install/stage/share/stage/worlds/wifi/hosp_wifi.world
[6.117s] -- Installing: /home/grace/Documents/Diplomado_Robotica/16_01_ws/install/stage/share/stage/worlds/wifi/hosp_wifi_5.world
[6.117s] -- Installing: /home/grace/Documents/Diplomado_Robotica/16_01_ws/install/stage/share/stage/worlds/wifi/wifi.world
[6.117s] -- Installing: /home/grace/Documents/Diplomado_Robotica/16_01_ws/install/stage/share/stage/worlds/wifi/wifi_itu.world
[6.117s] -- Installing: /home/grace/Documents/Diplomado_Robotica/16_01_ws/install/stage/share/stage/worlds/wifi/wifi_logdistance.world
[6.117s] -- Installing: /home/grace/Documents/Diplomado_Robotica/16_01_ws/install/stage/share/stage/worlds/wifi/wifi_ray.world
[6.117s] -- Installing: /home/grace/Documents/Diplomado_Robotica/16_01_ws/install/stage/share/stage/worlds/wifi/wifi_simple.world
[6.117s] -- Installing: /home/grace/Documents/Diplomado_Robotica/16_01_ws/install/stage/share/stage/worlds/wifi/map.inc
[6.118s] Invoked command in '/home/grace/Documents/Diplomado_Robotica/16_01_ws/build/stage' returned '0': DEBUGINFOD_URLS=https://debuginfod.ubuntu.com /usr/bin/cmake --install /home/grace/Documents/Diplomado_Robotica/16_01_ws/build/stage
