[0.007s] Invoking command in '/home/grace/Documents/Diplomado_Robotica/16_01_ws/build/stage_ros2': CMAKE_PREFIX_PATH=/home/grace/Documents/Diplomado_Robotica/16_01_ws/install/dqn_final:/home/grace/Documents/Diplomado_Robotica/16_01_ws/install/labo_dqn:/opt/ros/jazzy:/home/grace/Documents/Diplomado_Robotica/16_01_ws/install/stage:/home/grace/Documents/Diplomado_Robotica/16_01_ws/install/stage_ros2:/opt/ros/jazzy/opt/gz_sim_vendor:/opt/ros/jazzy/opt/gz_sensors_vendor:/opt/ros/jazzy/opt/gz_physics_vendor:/opt/ros/jazzy/opt/sdformat_vendor:/opt/ros/jazzy/opt/gz_gui_vendor:/opt/ros/jazzy/opt/gz_transport_vendor:/opt/ros/jazzy/opt/gz_rendering_vendor:/opt/ros/jazzy/opt/gz_plugin_vendor:/opt/ros/jazzy/opt/gz_fuel_tools_vendor:/opt/ros/jazzy/opt/gz_msgs_vendor:/opt/ros/jazzy/opt/gz_common_vendor:/opt/ros/jazzy/opt/gz_math_vendor:/opt/ros/jazzy/opt/gz_utils_vendor:/opt/ros/jazzy/opt/gz_tools_vendor:/opt/ros/jazzy/opt/gz_ogre_next_vendor:/opt/ros/jazzy/opt/gz_dartsim_vendor:/opt/ros/jazzy/opt/gz_cmake_vendor DEBUGINFOD_URLS=https://debuginfod.ubuntu.com LD_LIBRARY_PATH=/home/grace/Documents/Diplomado_Robotica/16_01_ws/install/stage/lib:/home/grace/Documents/Diplomado_Robotica/16_01_ws/install/stage_ros2/lib:/opt/ros/jazzy/opt/gz_sim_vendor/lib:/opt/ros/jazzy/opt/gz_sensors_vendor/lib:/opt/ros/jazzy/opt/gz_physics_vendor/lib:/opt/ros/jazzy/opt/sdformat_vendor/lib:/opt/ros/jazzy/opt/rviz_ogre_vendor/lib:/opt/ros/jazzy/lib/x86_64-linux-gnu:/opt/ros/jazzy/opt/gz_gui_vendor/lib:/opt/ros/jazzy/opt/gz_transport_vendor/lib:/opt/ros/jazzy/opt/gz_rendering_vendor/lib:/opt/ros/jazzy/opt/gz_plugin_vendor/lib:/opt/ros/jazzy/opt/gz_fuel_tools_vendor/lib:/opt/ros/jazzy/opt/gz_msgs_vendor/lib:/opt/ros/jazzy/opt/gz_common_vendor/lib:/opt/ros/jazzy/opt/gz_math_vendor/lib:/opt/ros/jazzy/opt/gz_utils_vendor/lib:/opt/ros/jazzy/opt/gz_tools_vendor/lib:/opt/ros/jazzy/opt/gz_ogre_next_vendor/lib:/opt/ros/jazzy/opt/gz_dartsim_vendor/lib:/opt/ros/jazzy/opt/gz_cmake_vendor/lib:/opt/ros/jazzy/lib /usr/bin/cmake --build /home/grace/Documents/Diplomado_Robotica/16_01_ws/build/stage_ros2 -- -j16 -l16
[0.057s] [ 71%] Built target stage_node
[0.080s] [100%] Built target stage_ros2
[0.089s] Invoked command in '/home/grace/Documents/Diplomado_Robotica/16_01_ws/build/stage_ros2' returned '0': CMAKE_PREFIX_PATH=/home/grace/Documents/Diplomado_Robotica/16_01_ws/install/dqn_final:/home/grace/Documents/Diplomado_Robotica/16_01_ws/install/labo_dqn:/opt/ros/jazzy:/home/grace/Documents/Diplomado_Robotica/16_01_ws/install/stage:/home/grace/Documents/Diplomado_Robotica/16_01_ws/install/stage_ros2:/opt/ros/jazzy/opt/gz_sim_vendor:/opt/ros/jazzy/opt/gz_sensors_vendor:/opt/ros/jazzy/opt/gz_physics_vendor:/opt/ros/jazzy/opt/sdformat_vendor:/opt/ros/jazzy/opt/gz_gui_vendor:/opt/ros/jazzy/opt/gz_transport_vendor:/opt/ros/jazzy/opt/gz_rendering_vendor:/opt/ros/jazzy/opt/gz_plugin_vendor:/opt/ros/jazzy/opt/gz_fuel_tools_vendor:/opt/ros/jazzy/opt/gz_msgs_vendor:/opt/ros/jazzy/opt/gz_common_vendor:/opt/ros/jazzy/opt/gz_math_vendor:/opt/ros/jazzy/opt/gz_utils_vendor:/opt/ros/jazzy/opt/gz_tools_vendor:/opt/ros/jazzy/opt/gz_ogre_next_vendor:/opt/ros/jazzy/opt/gz_dartsim_vendor:/opt/ros/jazzy/opt/gz_cmake_vendor DEBUGINFOD_URLS=https://debuginfod.ubuntu.com LD_LIBRARY_PATH=/home/grace/Documents/Diplomado_Robotica/16_01_ws/install/stage/lib:/home/grace/Documents/Diplomado_Robotica/16_01_ws/install/stage_ros2/lib:/opt/ros/jazzy/opt/gz_sim_vendor/lib:/opt/ros/jazzy/opt/gz_sensors_vendor/lib:/opt/ros/jazzy/opt/gz_physics_vendor/lib:/opt/ros/jazzy/opt/sdformat_vendor/lib:/opt/ros/jazzy/opt/rviz_ogre_vendor/lib:/opt/ros/jazzy/lib/x86_64-linux-gnu:/opt/ros/jazzy/opt/gz_gui_vendor/lib:/opt/ros/jazzy/opt/gz_transport_vendor/lib:/opt/ros/jazzy/opt/gz_rendering_vendor/lib:/opt/ros/jazzy/opt/gz_plugin_vendor/lib:/opt/ros/jazzy/opt/gz_fuel_tools_vendor/lib:/opt/ros/jazzy/opt/gz_msgs_vendor/lib:/opt/ros/jazzy/opt/gz_common_vendor/lib:/opt/ros/jazzy/opt/gz_math_vendor/lib:/opt/ros/jazzy/opt/gz_utils_vendor/lib:/opt/ros/jazzy/opt/gz_tools_vendor/lib:/opt/ros/jazzy/opt/gz_ogre_next_vendor/lib:/opt/ros/jazzy/opt/gz_dartsim_vendor/lib:/opt/ros/jazzy/opt/gz_cmake_vendor/lib:/opt/ros/jazzy/lib /usr/bin/cmake --build /home/grace/Documents/Diplomado_Robotica/16_01_ws/build/stage_ros2 -- -j16 -l16
[0.090s] Invoking command in '/home/grace/Documents/Diplomado_Robotica/16_01_ws/build/stage_ros2': CMAKE_PREFIX_PATH=/home/grace/Documents/Diplomado_Robotica/16_01_ws/install/dqn_final:/home/grace/Documents/Diplomado_Robotica/16_01_ws/install/labo_dqn:/opt/ros/jazzy:/home/grace/Documents/Diplomado_Robotica/16_01_ws/install/stage:/home/grace/Documents/Diplomado_Robotica/16_01_ws/install/stage_ros2:/opt/ros/jazzy/opt/gz_sim_vendor:/opt/ros/jazzy/opt/gz_sensors_vendor:/opt/ros/jazzy/opt/gz_physics_vendor:/opt/ros/jazzy/opt/sdformat_vendor:/opt/ros/jazzy/opt/gz_gui_vendor:/opt/ros/jazzy/opt/gz_transport_vendor:/opt/ros/jazzy/opt/gz_rendering_vendor:/opt/ros/jazzy/opt/gz_plugin_vendor:/opt/ros/jazzy/opt/gz_fuel_tools_vendor:/opt/ros/jazzy/opt/gz_msgs_vendor:/opt/ros/jazzy/opt/gz_common_vendor:/opt/ros/jazzy/opt/gz_math_vendor:/opt/ros/jazzy/opt/gz_utils_vendor:/opt/ros/jazzy/opt/gz_tools_vendor:/opt/ros/jazzy/opt/gz_ogre_next_vendor:/opt/ros/jazzy/opt/gz_dartsim_vendor:/opt/ros/jazzy/opt/gz_cmake_vendor DEBUGINFOD_URLS=https://debuginfod.ubuntu.com LD_LIBRARY_PATH=/home/grace/Documents/Diplomado_Robotica/16_01_ws/install/stage/lib:/home/grace/Documents/Diplomado_Robotica/16_01_ws/install/stage_ros2/lib:/opt/ros/jazzy/opt/gz_sim_vendor/lib:/opt/ros/jazzy/opt/gz_sensors_vendor/lib:/opt/ros/jazzy/opt/gz_physics_vendor/lib:/opt/ros/jazzy/opt/sdformat_vendor/lib:/opt/ros/jazzy/opt/rviz_ogre_vendor/lib:/opt/ros/jazzy/lib/x86_64-linux-gnu:/opt/ros/jazzy/opt/gz_gui_vendor/lib:/opt/ros/jazzy/opt/gz_transport_vendor/lib:/opt/ros/jazzy/opt/gz_rendering_vendor/lib:/opt/ros/jazzy/opt/gz_plugin_vendor/lib:/opt/ros/jazzy/opt/gz_fuel_tools_vendor/lib:/opt/ros/jazzy/opt/gz_msgs_vendor/lib:/opt/ros/jazzy/opt/gz_common_vendor/lib:/opt/ros/jazzy/opt/gz_math_vendor/lib:/opt/ros/jazzy/opt/gz_utils_vendor/lib:/opt/ros/jazzy/opt/gz_tools_vendor/lib:/opt/ros/jazzy/opt/gz_ogre_next_vendor/lib:/opt/ros/jazzy/opt/gz_dartsim_vendor/lib:/opt/ros/jazzy/opt/gz_cmake_vendor/lib:/opt/ros/jazzy/lib /usr/bin/cmake --install /home/grace/Documents/Diplomado_Robotica/16_01_ws/build/stage_ros2
[0.095s] -- Install configuration: ""
[0.095s] -- Up-to-date: /home/grace/Documents/Diplomado_Robotica/16_01_ws/install/stage_ros2/share/stage_ros2/environment/library_path.sh
[0.095s] -- Up-to-date: /home/grace/Documents/Diplomado_Robotica/16_01_ws/install/stage_ros2/share/stage_ros2/environment/library_path.dsv
[0.096s] -- Up-to-date: /home/grace/Documents/Diplomado_Robotica/16_01_ws/install/stage_ros2/share/stage_ros2//launch
[0.096s] -- Up-to-date: /home/grace/Documents/Diplomado_Robotica/16_01_ws/install/stage_ros2/share/stage_ros2//launch/rviz.launch.py
[0.096s] -- Up-to-date: /home/grace/Documents/Diplomado_Robotica/16_01_ws/install/stage_ros2/share/stage_ros2//launch/f710.launch.py
[0.096s] -- Up-to-date: /home/grace/Documents/Diplomado_Robotica/16_01_ws/install/stage_ros2/share/stage_ros2//launch/rviz_ns.launch.py
[0.096s] -- Up-to-date: /home/grace/Documents/Diplomado_Robotica/16_01_ws/install/stage_ros2/share/stage_ros2//launch/stage.launch.py
[0.096s] -- Up-to-date: /home/grace/Documents/Diplomado_Robotica/16_01_ws/install/stage_ros2/share/stage_ros2//launch/demo.launch.py
[0.096s] -- Up-to-date: /home/grace/Documents/Diplomado_Robotica/16_01_ws/install/stage_ros2/share/stage_ros2//world
[0.096s] -- Up-to-date: /home/grace/Documents/Diplomado_Robotica/16_01_ws/install/stage_ros2/share/stage_ros2//world/include
[0.096s] -- Up-to-date: /home/grace/Documents/Diplomado_Robotica/16_01_ws/install/stage_ros2/share/stage_ros2//world/include/pioneer2dx.inc
[0.096s] -- Up-to-date: /home/grace/Documents/Diplomado_Robotica/16_01_ws/install/stage_ros2/share/stage_ros2//world/include/robots.inc
[0.096s] -- Up-to-date: /home/grace/Documents/Diplomado_Robotica/16_01_ws/install/stage_ros2/share/stage_ros2//world/cave_three_robots.world
[0.096s] -- Up-to-date: /home/grace/Documents/Diplomado_Robotica/16_01_ws/install/stage_ros2/share/stage_ros2//world/straden.world
[0.096s] -- Up-to-date: /home/grace/Documents/Diplomado_Robotica/16_01_ws/install/stage_ros2/share/stage_ros2//world/cave_seven_robots.world
[0.096s] -- Up-to-date: /home/grace/Documents/Diplomado_Robotica/16_01_ws/install/stage_ros2/share/stage_ros2//world/cave_multi.world
[0.096s] -- Up-to-date: /home/grace/Documents/Diplomado_Robotica/16_01_ws/install/stage_ros2/share/stage_ros2//world/hallway.world
[0.096s] -- Up-to-date: /home/grace/Documents/Diplomado_Robotica/16_01_ws/install/stage_ros2/share/stage_ros2//world/lines.world
[0.097s] -- Up-to-date: /home/grace/Documents/Diplomado_Robotica/16_01_ws/install/stage_ros2/share/stage_ros2//world/cave.world
[0.097s] -- Up-to-date: /home/grace/Documents/Diplomado_Robotica/16_01_ws/install/stage_ros2/share/stage_ros2//world/willow-four-erratics-multisensor.world
[0.097s] -- Up-to-date: /home/grace/Documents/Diplomado_Robotica/16_01_ws/install/stage_ros2/share/stage_ros2//world/bitmaps
[0.097s] -- Up-to-date: /home/grace/Documents/Diplomado_Robotica/16_01_ws/install/stage_ros2/share/stage_ros2//world/bitmaps/hallway.pgm
[0.097s] -- Up-to-date: /home/grace/Documents/Diplomado_Robotica/16_01_ws/install/stage_ros2/share/stage_ros2//world/bitmaps/hallway.png
[0.097s] -- Up-to-date: /home/grace/Documents/Diplomado_Robotica/16_01_ws/install/stage_ros2/share/stage_ros2//world/bitmaps/straden.png
[0.097s] -- Up-to-date: /home/grace/Documents/Diplomado_Robotica/16_01_ws/install/stage_ros2/share/stage_ros2//world/bitmaps/warehouse008.pgm
[0.097s] -- Up-to-date: /home/grace/Documents/Diplomado_Robotica/16_01_ws/install/stage_ros2/share/stage_ros2//world/bitmaps/warehouse200.pgm
[0.097s] -- Up-to-date: /home/grace/Documents/Diplomado_Robotica/16_01_ws/install/stage_ros2/share/stage_ros2//world/bitmaps/warehouse032.pgm
[0.097s] -- Up-to-date: /home/grace/Documents/Diplomado_Robotica/16_01_ws/install/stage_ros2/share/stage_ros2//world/bitmaps/solid_cave.png
[0.097s] -- Up-to-date: /home/grace/Documents/Diplomado_Robotica/16_01_ws/install/stage_ros2/share/stage_ros2//world/bitmaps/cave.png
[0.097s] -- Up-to-date: /home/grace/Documents/Diplomado_Robotica/16_01_ws/install/stage_ros2/share/stage_ros2//world/bitmaps/willow-full.pgm
[0.097s] -- Up-to-date: /home/grace/Documents/Diplomado_Robotica/16_01_ws/install/stage_ros2/share/stage_ros2//world/bitmaps/line.png
[0.097s] -- Up-to-date: /home/grace/Documents/Diplomado_Robotica/16_01_ws/install/stage_ros2/share/stage_ros2//config
[0.097s] -- Up-to-date: /home/grace/Documents/Diplomado_Robotica/16_01_ws/install/stage_ros2/share/stage_ros2//config/rviz
[0.097s] -- Up-to-date: /home/grace/Documents/Diplomado_Robotica/16_01_ws/install/stage_ros2/share/stage_ros2//config/rviz/lines.rviz
[0.097s] -- Up-to-date: /home/grace/Documents/Diplomado_Robotica/16_01_ws/install/stage_ros2/share/stage_ros2//config/rviz/cave_seven_robots.rviz
[0.098s] -- Up-to-date: /home/grace/Documents/Diplomado_Robotica/16_01_ws/install/stage_ros2/share/stage_ros2//config/rviz/robot_ns_depth.rviz
[0.098s] -- Up-to-date: /home/grace/Documents/Diplomado_Robotica/16_01_ws/install/stage_ros2/share/stage_ros2//config/rviz/robot0.rviz
[0.098s] -- Up-to-date: /home/grace/Documents/Diplomado_Robotica/16_01_ws/install/stage_ros2/share/stage_ros2//config/rviz/cave_three_robots.rviz
[0.098s] -- Up-to-date: /home/grace/Documents/Diplomado_Robotica/16_01_ws/install/stage_ros2/share/stage_ros2//config/rviz/robot_ns.rviz
[0.098s] -- Up-to-date: /home/grace/Documents/Diplomado_Robotica/16_01_ws/install/stage_ros2/share/stage_ros2//config/rviz/cave.rviz
[0.098s] -- Up-to-date: /home/grace/Documents/Diplomado_Robotica/16_01_ws/install/stage_ros2/share/stage_ros2//config/teleop_twist_joy
[0.098s] -- Up-to-date: /home/grace/Documents/Diplomado_Robotica/16_01_ws/install/stage_ros2/share/stage_ros2//config/teleop_twist_joy/f710.config.yaml
[0.098s] -- Up-to-date: /home/grace/Documents/Diplomado_Robotica/16_01_ws/install/stage_ros2/lib/libstage_node.so
[0.098s] -- Up-to-date: /home/grace/Documents/Diplomado_Robotica/16_01_ws/install/stage_ros2/lib/stage_ros2/stage_ros2
[0.098s] -- Up-to-date: /home/grace/Documents/Diplomado_Robotica/16_01_ws/install/stage_ros2/share/ament_index/resource_index/package_run_dependencies/stage_ros2
[0.098s] -- Up-to-date: /home/grace/Documents/Diplomado_Robotica/16_01_ws/install/stage_ros2/share/ament_index/resource_index/parent_prefix_path/stage_ros2
[0.098s] -- Up-to-date: /home/grace/Documents/Diplomado_Robotica/16_01_ws/install/stage_ros2/share/stage_ros2/environment/ament_prefix_path.sh
[0.098s] -- Up-to-date: /home/grace/Documents/Diplomado_Robotica/16_01_ws/install/stage_ros2/share/stage_ros2/environment/ament_prefix_path.dsv
[0.098s] -- Up-to-date: /home/grace/Documents/Diplomado_Robotica/16_01_ws/install/stage_ros2/share/stage_ros2/environment/path.sh
[0.098s] -- Up-to-date: /home/grace/Documents/Diplomado_Robotica/16_01_ws/install/stage_ros2/share/stage_ros2/environment/path.dsv
[0.098s] -- Up-to-date: /home/grace/Documents/Diplomado_Robotica/16_01_ws/install/stage_ros2/share/stage_ros2/local_setup.bash
[0.098s] -- Up-to-date: /home/grace/Documents/Diplomado_Robotica/16_01_ws/install/stage_ros2/share/stage_ros2/local_setup.sh
[0.098s] -- Up-to-date: /home/grace/Documents/Diplomado_Robotica/16_01_ws/install/stage_ros2/share/stage_ros2/local_setup.zsh
[0.099s] -- Up-to-date: /home/grace/Documents/Diplomado_Robotica/16_01_ws/install/stage_ros2/share/stage_ros2/local_setup.dsv
[0.099s] -- Installing: /home/grace/Documents/Diplomado_Robotica/16_01_ws/install/stage_ros2/share/stage_ros2/package.dsv
[0.099s] -- Up-to-date: /home/grace/Documents/Diplomado_Robotica/16_01_ws/install/stage_ros2/share/ament_index/resource_index/packages/stage_ros2
[0.099s] -- Up-to-date: /home/grace/Documents/Diplomado_Robotica/16_01_ws/install/stage_ros2/share/stage_ros2/cmake/stage_ros2Config.cmake
[0.100s] -- Up-to-date: /home/grace/Documents/Diplomado_Robotica/16_01_ws/install/stage_ros2/share/stage_ros2/cmake/stage_ros2Config-version.cmake
[0.100s] -- Up-to-date: /home/grace/Documents/Diplomado_Robotica/16_01_ws/install/stage_ros2/share/stage_ros2/package.xml
[0.100s] Invoked command in '/home/grace/Documents/Diplomado_Robotica/16_01_ws/build/stage_ros2' returned '0': CMAKE_PREFIX_PATH=/home/grace/Documents/Diplomado_Robotica/16_01_ws/install/dqn_final:/home/grace/Documents/Diplomado_Robotica/16_01_ws/install/labo_dqn:/opt/ros/jazzy:/home/grace/Documents/Diplomado_Robotica/16_01_ws/install/stage:/home/grace/Documents/Diplomado_Robotica/16_01_ws/install/stage_ros2:/opt/ros/jazzy/opt/gz_sim_vendor:/opt/ros/jazzy/opt/gz_sensors_vendor:/opt/ros/jazzy/opt/gz_physics_vendor:/opt/ros/jazzy/opt/sdformat_vendor:/opt/ros/jazzy/opt/gz_gui_vendor:/opt/ros/jazzy/opt/gz_transport_vendor:/opt/ros/jazzy/opt/gz_rendering_vendor:/opt/ros/jazzy/opt/gz_plugin_vendor:/opt/ros/jazzy/opt/gz_fuel_tools_vendor:/opt/ros/jazzy/opt/gz_msgs_vendor:/opt/ros/jazzy/opt/gz_common_vendor:/opt/ros/jazzy/opt/gz_math_vendor:/opt/ros/jazzy/opt/gz_utils_vendor:/opt/ros/jazzy/opt/gz_tools_vendor:/opt/ros/jazzy/opt/gz_ogre_next_vendor:/opt/ros/jazzy/opt/gz_dartsim_vendor:/opt/ros/jazzy/opt/gz_cmake_vendor DEBUGINFOD_URLS=https://debuginfod.ubuntu.com LD_LIBRARY_PATH=/home/grace/Documents/Diplomado_Robotica/16_01_ws/install/stage/lib:/home/grace/Documents/Diplomado_Robotica/16_01_ws/install/stage_ros2/lib:/opt/ros/jazzy/opt/gz_sim_vendor/lib:/opt/ros/jazzy/opt/gz_sensors_vendor/lib:/opt/ros/jazzy/opt/gz_physics_vendor/lib:/opt/ros/jazzy/opt/sdformat_vendor/lib:/opt/ros/jazzy/opt/rviz_ogre_vendor/lib:/opt/ros/jazzy/lib/x86_64-linux-gnu:/opt/ros/jazzy/opt/gz_gui_vendor/lib:/opt/ros/jazzy/opt/gz_transport_vendor/lib:/opt/ros/jazzy/opt/gz_rendering_vendor/lib:/opt/ros/jazzy/opt/gz_plugin_vendor/lib:/opt/ros/jazzy/opt/gz_fuel_tools_vendor/lib:/opt/ros/jazzy/opt/gz_msgs_vendor/lib:/opt/ros/jazzy/opt/gz_common_vendor/lib:/opt/ros/jazzy/opt/gz_math_vendor/lib:/opt/ros/jazzy/opt/gz_utils_vendor/lib:/opt/ros/jazzy/opt/gz_tools_vendor/lib:/opt/ros/jazzy/opt/gz_ogre_next_vendor/lib:/opt/ros/jazzy/opt/gz_dartsim_vendor/lib:/opt/ros/jazzy/opt/gz_cmake_vendor/lib:/opt/ros/jazzy/lib /usr/bin/cmake --install /home/grace/Documents/Diplomado_Robotica/16_01_ws/build/stage_ros2
