[0.069s] DEBUG:colcon:Command line arguments: ['/usr/bin/colcon', 'build']
[0.069s] DEBUG:colcon:Parsed command line arguments: Namespace(log_base=None, log_level=None, verb_name='build', build_base='build', install_base='install', merge_install=False, symlink_install=False, test_result_base=None, continue_on_error=False, executor='parallel', parallel_workers=16, event_handlers=None, ignore_user_meta=False, metas=['./colcon.meta'], base_paths=['.'], packages_ignore=None, packages_ignore_regex=None, paths=None, packages_up_to=None, packages_up_to_regex=None, packages_above=None, packages_above_and_dependencies=None, packages_above_depth=None, packages_select_by_dep=None, packages_skip_by_dep=None, packages_skip_up_to=None, packages_select_build_failed=False, packages_skip_build_finished=False, packages_select_test_failures=False, packages_skip_test_passed=False, packages_select=None, packages_skip=None, packages_select_regex=None, packages_skip_regex=None, packages_start=None, packages_end=None, allow_overriding=[], cmake_args=None, cmake_target=None, cmake_target_skip_unavailable=False, cmake_clean_cache=False, cmake_clean_first=False, cmake_force_configure=False, ament_cmake_args=None, catkin_cmake_args=None, catkin_skip_building_tests=False, mixin_files=None, mixin=None, verb_parser=<colcon_mixin.mixin.mixin_argument.MixinArgumentDecorator object at 0x7d34abcb2270>, verb_extension=<colcon_core.verb.build.BuildVerb object at 0x7d34abcb1f10>, main=<bound method BuildVerb.main of <colcon_core.verb.build.BuildVerb object at 0x7d34abcb1f10>>, mixin_verb=('build',))
[0.094s] Level 1:colcon.colcon_core.package_discovery:discover_packages(colcon_meta) check parameters
[0.094s] Level 1:colcon.colcon_core.package_discovery:discover_packages(recursive) check parameters
[0.094s] Level 1:colcon.colcon_core.package_discovery:discover_packages(ignore) check parameters
[0.094s] Level 1:colcon.colcon_core.package_discovery:discover_packages(path) check parameters
[0.094s] Level 1:colcon.colcon_core.package_discovery:discover_packages(colcon_meta) discover
[0.094s] Level 1:colcon.colcon_core.package_discovery:discover_packages(recursive) discover
[0.094s] INFO:colcon.colcon_core.package_discovery:Crawling recursively for packages in '/home/grace/Documents/Diplomado_Robotica/16_01_ws'
[0.094s] Level 1:colcon.colcon_core.package_identification:_identify(.) by extensions ['ignore', 'ignore_ament_install']
[0.094s] Level 1:colcon.colcon_core.package_identification:_identify(.) by extension 'ignore'
[0.094s] Level 1:colcon.colcon_core.package_identification:_identify(.) by extension 'ignore_ament_install'
[0.094s] Level 1:colcon.colcon_core.package_identification:_identify(.) by extensions ['colcon_pkg']
[0.094s] Level 1:colcon.colcon_core.package_identification:_identify(.) by extension 'colcon_pkg'
[0.094s] Level 1:colcon.colcon_core.package_identification:_identify(.) by extensions ['colcon_meta']
[0.094s] Level 1:colcon.colcon_core.package_identification:_identify(.) by extension 'colcon_meta'
[0.094s] Level 1:colcon.colcon_core.package_identification:_identify(.) by extensions ['ros']
[0.094s] Level 1:colcon.colcon_core.package_identification:_identify(.) by extension 'ros'
[0.111s] Level 1:colcon.colcon_core.package_identification:_identify(.) by extensions ['cmake', 'python']
[0.111s] Level 1:colcon.colcon_core.package_identification:_identify(.) by extension 'cmake'
[0.111s] Level 1:colcon.colcon_core.package_identification:_identify(.) by extension 'python'
[0.111s] Level 1:colcon.colcon_core.package_identification:_identify(.) by extensions ['python_setup_py']
[0.111s] Level 1:colcon.colcon_core.package_identification:_identify(.) by extension 'python_setup_py'
[0.111s] Level 1:colcon.colcon_core.package_identification:_identify(assets) by extensions ['ignore', 'ignore_ament_install']
[0.111s] Level 1:colcon.colcon_core.package_identification:_identify(assets) by extension 'ignore'
[0.111s] Level 1:colcon.colcon_core.package_identification:_identify(assets) by extension 'ignore_ament_install'
[0.111s] Level 1:colcon.colcon_core.package_identification:_identify(assets) by extensions ['colcon_pkg']
[0.111s] Level 1:colcon.colcon_core.package_identification:_identify(assets) by extension 'colcon_pkg'
[0.111s] Level 1:colcon.colcon_core.package_identification:_identify(assets) by extensions ['colcon_meta']
[0.111s] Level 1:colcon.colcon_core.package_identification:_identify(assets) by extension 'colcon_meta'
[0.111s] Level 1:colcon.colcon_core.package_identification:_identify(assets) by extensions ['ros']
[0.111s] Level 1:colcon.colcon_core.package_identification:_identify(assets) by extension 'ros'
[0.111s] Level 1:colcon.colcon_core.package_identification:_identify(assets) by extensions ['cmake', 'python']
[0.111s] Level 1:colcon.colcon_core.package_identification:_identify(assets) by extension 'cmake'
[0.111s] Level 1:colcon.colcon_core.package_identification:_identify(assets) by extension 'python'
[0.111s] Level 1:colcon.colcon_core.package_identification:_identify(assets) by extensions ['python_setup_py']
[0.111s] Level 1:colcon.colcon_core.package_identification:_identify(assets) by extension 'python_setup_py'
[0.111s] Level 1:colcon.colcon_core.package_identification:_identify(build) by extensions ['ignore', 'ignore_ament_install']
[0.111s] Level 1:colcon.colcon_core.package_identification:_identify(build) by extension 'ignore'
[0.111s] Level 1:colcon.colcon_core.package_identification:_identify(build) ignored
[0.111s] Level 1:colcon.colcon_core.package_identification:_identify(install) by extensions ['ignore', 'ignore_ament_install']
[0.111s] Level 1:colcon.colcon_core.package_identification:_identify(install) by extension 'ignore'
[0.111s] Level 1:colcon.colcon_core.package_identification:_identify(install) ignored
[0.112s] Level 1:colcon.colcon_core.package_identification:_identify(log) by extensions ['ignore', 'ignore_ament_install']
[0.112s] Level 1:colcon.colcon_core.package_identification:_identify(log) by extension 'ignore'
[0.112s] Level 1:colcon.colcon_core.package_identification:_identify(log) ignored
[0.112s] Level 1:colcon.colcon_core.package_identification:_identify(src) by extensions ['ignore', 'ignore_ament_install']
[0.112s] Level 1:colcon.colcon_core.package_identification:_identify(src) by extension 'ignore'
[0.112s] Level 1:colcon.colcon_core.package_identification:_identify(src) by extension 'ignore_ament_install'
[0.112s] Level 1:colcon.colcon_core.package_identification:_identify(src) by extensions ['colcon_pkg']
[0.112s] Level 1:colcon.colcon_core.package_identification:_identify(src) by extension 'colcon_pkg'
[0.112s] Level 1:colcon.colcon_core.package_identification:_identify(src) by extensions ['colcon_meta']
[0.112s] Level 1:colcon.colcon_core.package_identification:_identify(src) by extension 'colcon_meta'
[0.112s] Level 1:colcon.colcon_core.package_identification:_identify(src) by extensions ['ros']
[0.112s] Level 1:colcon.colcon_core.package_identification:_identify(src) by extension 'ros'
[0.112s] Level 1:colcon.colcon_core.package_identification:_identify(src) by extensions ['cmake', 'python']
[0.112s] Level 1:colcon.colcon_core.package_identification:_identify(src) by extension 'cmake'
[0.112s] Level 1:colcon.colcon_core.package_identification:_identify(src) by extension 'python'
[0.112s] Level 1:colcon.colcon_core.package_identification:_identify(src) by extensions ['python_setup_py']
[0.112s] Level 1:colcon.colcon_core.package_identification:_identify(src) by extension 'python_setup_py'
[0.112s] Level 1:colcon.colcon_core.package_identification:_identify(src/Stage) by extensions ['ignore', 'ignore_ament_install']
[0.112s] Level 1:colcon.colcon_core.package_identification:_identify(src/Stage) by extension 'ignore'
[0.112s] Level 1:colcon.colcon_core.package_identification:_identify(src/Stage) by extension 'ignore_ament_install'
[0.112s] Level 1:colcon.colcon_core.package_identification:_identify(src/Stage) by extensions ['colcon_pkg']
[0.112s] Level 1:colcon.colcon_core.package_identification:_identify(src/Stage) by extension 'colcon_pkg'
[0.112s] Level 1:colcon.colcon_core.package_identification:_identify(src/Stage) by extensions ['colcon_meta']
[0.112s] Level 1:colcon.colcon_core.package_identification:_identify(src/Stage) by extension 'colcon_meta'
[0.112s] Level 1:colcon.colcon_core.package_identification:_identify(src/Stage) by extensions ['ros']
[0.112s] Level 1:colcon.colcon_core.package_identification:_identify(src/Stage) by extension 'ros'
[0.114s] DEBUG:colcon.colcon_core.package_identification:Package 'src/Stage' with type 'ros.catkin' and name 'stage'
[0.114s] Level 1:colcon.colcon_core.package_identification:_identify(src/dqn_final) by extensions ['ignore', 'ignore_ament_install']
[0.114s] Level 1:colcon.colcon_core.package_identification:_identify(src/dqn_final) by extension 'ignore'
[0.114s] Level 1:colcon.colcon_core.package_identification:_identify(src/dqn_final) by extension 'ignore_ament_install'
[0.114s] Level 1:colcon.colcon_core.package_identification:_identify(src/dqn_final) by extensions ['colcon_pkg']
[0.114s] Level 1:colcon.colcon_core.package_identification:_identify(src/dqn_final) by extension 'colcon_pkg'
[0.114s] Level 1:colcon.colcon_core.package_identification:_identify(src/dqn_final) by extensions ['colcon_meta']
[0.114s] Level 1:colcon.colcon_core.package_identification:_identify(src/dqn_final) by extension 'colcon_meta'
[0.114s] Level 1:colcon.colcon_core.package_identification:_identify(src/dqn_final) by extensions ['ros']
[0.114s] Level 1:colcon.colcon_core.package_identification:_identify(src/dqn_final) by extension 'ros'
[0.114s] DEBUG:colcon.colcon_core.package_identification:Package 'src/dqn_final' with type 'ros.ament_python' and name 'dqn_final'
[0.114s] Level 1:colcon.colcon_core.package_identification:_identify(src/labo_dqn) by extensions ['ignore', 'ignore_ament_install']
[0.114s] Level 1:colcon.colcon_core.package_identification:_identify(src/labo_dqn) by extension 'ignore'
[0.115s] Level 1:colcon.colcon_core.package_identification:_identify(src/labo_dqn) by extension 'ignore_ament_install'
[0.115s] Level 1:colcon.colcon_core.package_identification:_identify(src/labo_dqn) by extensions ['colcon_pkg']
[0.115s] Level 1:colcon.colcon_core.package_identification:_identify(src/labo_dqn) by extension 'colcon_pkg'
[0.115s] Level 1:colcon.colcon_core.package_identification:_identify(src/labo_dqn) by extensions ['colcon_meta']
[0.115s] Level 1:colcon.colcon_core.package_identification:_identify(src/labo_dqn) by extension 'colcon_meta'
[0.115s] Level 1:colcon.colcon_core.package_identification:_identify(src/labo_dqn) by extensions ['ros']
[0.115s] Level 1:colcon.colcon_core.package_identification:_identify(src/labo_dqn) by extension 'ros'
[0.115s] DEBUG:colcon.colcon_core.package_identification:Package 'src/labo_dqn' with type 'ros.ament_python' and name 'labo_dqn'
[0.115s] Level 1:colcon.colcon_core.package_identification:_identify(src/stage_ros2) by extensions ['ignore', 'ignore_ament_install']
[0.115s] Level 1:colcon.colcon_core.package_identification:_identify(src/stage_ros2) by extension 'ignore'
[0.115s] Level 1:colcon.colcon_core.package_identification:_identify(src/stage_ros2) by extension 'ignore_ament_install'
[0.115s] Level 1:colcon.colcon_core.package_identification:_identify(src/stage_ros2) by extensions ['colcon_pkg']
[0.115s] Level 1:colcon.colcon_core.package_identification:_identify(src/stage_ros2) by extension 'colcon_pkg'
[0.115s] Level 1:colcon.colcon_core.package_identification:_identify(src/stage_ros2) by extensions ['colcon_meta']
[0.115s] Level 1:colcon.colcon_core.package_identification:_identify(src/stage_ros2) by extension 'colcon_meta'
[0.115s] Level 1:colcon.colcon_core.package_identification:_identify(src/stage_ros2) by extensions ['ros']
[0.115s] Level 1:colcon.colcon_core.package_identification:_identify(src/stage_ros2) by extension 'ros'
[0.116s] DEBUG:colcon.colcon_core.package_identification:Package 'src/stage_ros2' with type 'ros.ament_cmake' and name 'stage_ros2'
[0.116s] Level 1:colcon.colcon_core.package_discovery:discover_packages(recursive) using defaults
[0.116s] Level 1:colcon.colcon_core.package_discovery:discover_packages(ignore) discover
[0.116s] Level 1:colcon.colcon_core.package_discovery:discover_packages(ignore) using defaults
[0.116s] Level 1:colcon.colcon_core.package_discovery:discover_packages(path) discover
[0.116s] Level 1:colcon.colcon_core.package_discovery:discover_packages(path) using defaults
[0.127s] Level 1:colcon.colcon_core.package_discovery:discover_packages(prefix_path) check parameters
[0.127s] Level 1:colcon.colcon_core.package_discovery:discover_packages(prefix_path) discover
[0.129s] DEBUG:colcon.colcon_installed_package_information.package_discovery:Found 4 installed packages in /home/grace/Documents/Diplomado_Robotica/16_01_ws/install
[0.129s] DEBUG:colcon.colcon_installed_package_information.package_discovery:Found 0 installed packages in /home/grace/Documents/Diplomado_Robotica/16_01_ws/src/dqn_final/dqn_final/install
[0.130s] DEBUG:colcon.colcon_installed_package_information.package_discovery:Found 498 installed packages in /opt/ros/jazzy
[0.131s] Level 1:colcon.colcon_core.package_discovery:discover_packages(prefix_path) using defaults
[0.171s] Level 5:colcon.colcon_core.verb:set package 'dqn_final' build argument 'cmake_args' from command line to 'None'
[0.171s] Level 5:colcon.colcon_core.verb:set package 'dqn_final' build argument 'cmake_target' from command line to 'None'
[0.171s] Level 5:colcon.colcon_core.verb:set package 'dqn_final' build argument 'cmake_target_skip_unavailable' from command line to 'False'
[0.171s] Level 5:colcon.colcon_core.verb:set package 'dqn_final' build argument 'cmake_clean_cache' from command line to 'False'
[0.171s] Level 5:colcon.colcon_core.verb:set package 'dqn_final' build argument 'cmake_clean_first' from command line to 'False'
[0.171s] Level 5:colcon.colcon_core.verb:set package 'dqn_final' build argument 'cmake_force_configure' from command line to 'False'
[0.171s] Level 5:colcon.colcon_core.verb:set package 'dqn_final' build argument 'ament_cmake_args' from command line to 'None'
[0.171s] Level 5:colcon.colcon_core.verb:set package 'dqn_final' build argument 'catkin_cmake_args' from command line to 'None'
[0.171s] Level 5:colcon.colcon_core.verb:set package 'dqn_final' build argument 'catkin_skip_building_tests' from command line to 'False'
[0.171s] DEBUG:colcon.colcon_core.verb:Building package 'dqn_final' with the following arguments: {'ament_cmake_args': None, 'build_base': '/home/grace/Documents/Diplomado_Robotica/16_01_ws/build/dqn_final', 'catkin_cmake_args': None, 'catkin_skip_building_tests': False, 'cmake_args': None, 'cmake_clean_cache': False, 'cmake_clean_first': False, 'cmake_force_configure': False, 'cmake_target': None, 'cmake_target_skip_unavailable': False, 'install_base': '/home/grace/Documents/Diplomado_Robotica/16_01_ws/install/dqn_final', 'merge_install': False, 'path': '/home/grace/Documents/Diplomado_Robotica/16_01_ws/src/dqn_final', 'symlink_install': False, 'test_result_base': None}
[0.171s] Level 5:colcon.colcon_core.verb:set package 'labo_dqn' build argument 'cmake_args' from command line to 'None'
[0.171s] Level 5:colcon.colcon_core.verb:set package 'labo_dqn' build argument 'cmake_target' from command line to 'None'
[0.171s] Level 5:colcon.colcon_core.verb:set package 'labo_dqn' build argument 'cmake_target_skip_unavailable' from command line to 'False'
[0.171s] Level 5:colcon.colcon_core.verb:set package 'labo_dqn' build argument 'cmake_clean_cache' from command line to 'False'
[0.171s] Level 5:colcon.colcon_core.verb:set package 'labo_dqn' build argument 'cmake_clean_first' from command line to 'False'
[0.171s] Level 5:colcon.colcon_core.verb:set package 'labo_dqn' build argument 'cmake_force_configure' from command line to 'False'
[0.171s] Level 5:colcon.colcon_core.verb:set package 'labo_dqn' build argument 'ament_cmake_args' from command line to 'None'
[0.171s] Level 5:colcon.colcon_core.verb:set package 'labo_dqn' build argument 'catkin_cmake_args' from command line to 'None'
[0.171s] Level 5:colcon.colcon_core.verb:set package 'labo_dqn' build argument 'catkin_skip_building_tests' from command line to 'False'
[0.172s] DEBUG:colcon.colcon_core.verb:Building package 'labo_dqn' with the following arguments: {'ament_cmake_args': None, 'build_base': '/home/grace/Documents/Diplomado_Robotica/16_01_ws/build/labo_dqn', 'catkin_cmake_args': None, 'catkin_skip_building_tests': False, 'cmake_args': None, 'cmake_clean_cache': False, 'cmake_clean_first': False, 'cmake_force_configure': False, 'cmake_target': None, 'cmake_target_skip_unavailable': False, 'install_base': '/home/grace/Documents/Diplomado_Robotica/16_01_ws/install/labo_dqn', 'merge_install': False, 'path': '/home/grace/Documents/Diplomado_Robotica/16_01_ws/src/labo_dqn', 'symlink_install': False, 'test_result_base': None}
[0.172s] Level 5:colcon.colcon_core.verb:set package 'stage' build argument 'cmake_args' from command line to 'None'
[0.172s] Level 5:colcon.colcon_core.verb:set package 'stage' build argument 'cmake_target' from command line to 'None'
[0.172s] Level 5:colcon.colcon_core.verb:set package 'stage' build argument 'cmake_target_skip_unavailable' from command line to 'False'
[0.172s] Level 5:colcon.colcon_core.verb:set package 'stage' build argument 'cmake_clean_cache' from command line to 'False'
[0.172s] Level 5:colcon.colcon_core.verb:set package 'stage' build argument 'cmake_clean_first' from command line to 'False'
[0.172s] Level 5:colcon.colcon_core.verb:set package 'stage' build argument 'cmake_force_configure' from command line to 'False'
[0.172s] Level 5:colcon.colcon_core.verb:set package 'stage' build argument 'ament_cmake_args' from command line to 'None'
[0.172s] Level 5:colcon.colcon_core.verb:set package 'stage' build argument 'catkin_cmake_args' from command line to 'None'
[0.172s] Level 5:colcon.colcon_core.verb:set package 'stage' build argument 'catkin_skip_building_tests' from command line to 'False'
[0.172s] DEBUG:colcon.colcon_core.verb:Building package 'stage' with the following arguments: {'ament_cmake_args': None, 'build_base': '/home/grace/Documents/Diplomado_Robotica/16_01_ws/build/stage', 'catkin_cmake_args': None, 'catkin_skip_building_tests': False, 'cmake_args': None, 'cmake_clean_cache': False, 'cmake_clean_first': False, 'cmake_force_configure': False, 'cmake_target': None, 'cmake_target_skip_unavailable': False, 'install_base': '/home/grace/Documents/Diplomado_Robotica/16_01_ws/install/stage', 'merge_install': False, 'path': '/home/grace/Documents/Diplomado_Robotica/16_01_ws/src/Stage', 'symlink_install': False, 'test_result_base': None}
[0.172s] Level 5:colcon.colcon_core.verb:set package 'stage_ros2' build argument 'cmake_args' from command line to 'None'
[0.172s] Level 5:colcon.colcon_core.verb:set package 'stage_ros2' build argument 'cmake_target' from command line to 'None'
[0.172s] Level 5:colcon.colcon_core.verb:set package 'stage_ros2' build argument 'cmake_target_skip_unavailable' from command line to 'False'
[0.172s] Level 5:colcon.colcon_core.verb:set package 'stage_ros2' build argument 'cmake_clean_cache' from command line to 'False'
[0.172s] Level 5:colcon.colcon_core.verb:set package 'stage_ros2' build argument 'cmake_clean_first' from command line to 'False'
[0.172s] Level 5:colcon.colcon_core.verb:set package 'stage_ros2' build argument 'cmake_force_configure' from command line to 'False'
[0.172s] Level 5:colcon.colcon_core.verb:set package 'stage_ros2' build argument 'ament_cmake_args' from command line to 'None'
[0.172s] Level 5:colcon.colcon_core.verb:set package 'stage_ros2' build argument 'catkin_cmake_args' from command line to 'None'
[0.172s] Level 5:colcon.colcon_core.verb:set package 'stage_ros2' build argument 'catkin_skip_building_tests' from command line to 'False'
[0.172s] DEBUG:colcon.colcon_core.verb:Building package 'stage_ros2' with the following arguments: {'ament_cmake_args': None, 'build_base': '/home/grace/Documents/Diplomado_Robotica/16_01_ws/build/stage_ros2', 'catkin_cmake_args': None, 'catkin_skip_building_tests': False, 'cmake_args': None, 'cmake_clean_cache': False, 'cmake_clean_first': False, 'cmake_force_configure': False, 'cmake_target': None, 'cmake_target_skip_unavailable': False, 'install_base': '/home/grace/Documents/Diplomado_Robotica/16_01_ws/install/stage_ros2', 'merge_install': False, 'path': '/home/grace/Documents/Diplomado_Robotica/16_01_ws/src/stage_ros2', 'symlink_install': False, 'test_result_base': None}
[0.172s] INFO:colcon.colcon_core.executor:Executing jobs using 'parallel' executor
[0.173s] DEBUG:colcon.colcon_parallel_executor.executor.parallel:run_until_complete
[0.173s] INFO:colcon.colcon_ros.task.catkin.build:Building ROS package in '/home/grace/Documents/Diplomado_Robotica/16_01_ws/src/Stage' with build type 'catkin'
[0.173s] INFO:colcon.colcon_cmake.task.cmake.build:Building CMake package in '/home/grace/Documents/Diplomado_Robotica/16_01_ws/src/Stage'
[0.174s] INFO:colcon.colcon_core.plugin_system:Skipping extension 'colcon_core.shell.bat': Not used on non-Windows systems
[0.174s] INFO:colcon.colcon_core.shell:Skip shell extension 'powershell' for command environment: Not usable outside of PowerShell
[0.174s] DEBUG:colcon.colcon_core.shell:Skip shell extension 'dsv' for command environment
[0.177s] INFO:colcon.colcon_ros.task.ament_python.build:Building ROS package in '/home/grace/Documents/Diplomado_Robotica/16_01_ws/src/dqn_final' with build type 'ament_python'
[0.177s] Level 1:colcon.colcon_core.shell:create_environment_hook('dqn_final', 'ament_prefix_path')
[0.178s] INFO:colcon.colcon_core.shell:Creating environment hook '/home/grace/Documents/Diplomado_Robotica/16_01_ws/install/dqn_final/share/dqn_final/hook/ament_prefix_path.ps1'
[0.178s] INFO:colcon.colcon_core.shell:Creating environment descriptor '/home/grace/Documents/Diplomado_Robotica/16_01_ws/install/dqn_final/share/dqn_final/hook/ament_prefix_path.dsv'
[0.178s] INFO:colcon.colcon_core.shell:Creating environment hook '/home/grace/Documents/Diplomado_Robotica/16_01_ws/install/dqn_final/share/dqn_final/hook/ament_prefix_path.sh'
[0.179s] INFO:colcon.colcon_core.shell:Skip shell extension 'powershell' for command environment: Not usable outside of PowerShell
[0.179s] DEBUG:colcon.colcon_core.shell:Skip shell extension 'dsv' for command environment
[0.181s] INFO:colcon.colcon_ros.task.ament_python.build:Building ROS package in '/home/grace/Documents/Diplomado_Robotica/16_01_ws/src/labo_dqn' with build type 'ament_python'
[0.181s] Level 1:colcon.colcon_core.shell:create_environment_hook('labo_dqn', 'ament_prefix_path')
[0.181s] INFO:colcon.colcon_core.shell:Creating environment hook '/home/grace/Documents/Diplomado_Robotica/16_01_ws/install/labo_dqn/share/labo_dqn/hook/ament_prefix_path.ps1'
[0.182s] INFO:colcon.colcon_core.shell:Creating environment descriptor '/home/grace/Documents/Diplomado_Robotica/16_01_ws/install/labo_dqn/share/labo_dqn/hook/ament_prefix_path.dsv'
[0.182s] INFO:colcon.colcon_core.shell:Creating environment hook '/home/grace/Documents/Diplomado_Robotica/16_01_ws/install/labo_dqn/share/labo_dqn/hook/ament_prefix_path.sh'
[0.182s] INFO:colcon.colcon_core.shell:Skip shell extension 'powershell' for command environment: Not usable outside of PowerShell
[0.182s] DEBUG:colcon.colcon_core.shell:Skip shell extension 'dsv' for command environment
[0.195s] DEBUG:colcon.colcon_core.event_handler.log_command:Invoking command in '/home/grace/Documents/Diplomado_Robotica/16_01_ws/build/stage': DEBUGINFOD_URLS=https://debuginfod.ubuntu.com /usr/bin/cmake --build /home/grace/Documents/Diplomado_Robotica/16_01_ws/build/stage -- -j16 -l16
[0.359s] INFO:colcon.colcon_core.task.python.build:Building Python package in '/home/grace/Documents/Diplomado_Robotica/16_01_ws/src/dqn_final'
[0.360s] INFO:colcon.colcon_core.shell:Skip shell extension 'powershell' for command environment: Not usable outside of PowerShell
[0.360s] DEBUG:colcon.colcon_core.shell:Skip shell extension 'dsv' for command environment
[0.507s] INFO:colcon.colcon_core.task.python.build:Building Python package in '/home/grace/Documents/Diplomado_Robotica/16_01_ws/src/labo_dqn'
[0.507s] INFO:colcon.colcon_core.shell:Skip shell extension 'powershell' for command environment: Not usable outside of PowerShell
[0.507s] DEBUG:colcon.colcon_core.shell:Skip shell extension 'dsv' for command environment
[0.512s] DEBUG:colcon.colcon_core.event_handler.log_command:Invoked command in '/home/grace/Documents/Diplomado_Robotica/16_01_ws/build/stage' returned '0': DEBUGINFOD_URLS=https://debuginfod.ubuntu.com /usr/bin/cmake --build /home/grace/Documents/Diplomado_Robotica/16_01_ws/build/stage -- -j16 -l16
[0.520s] DEBUG:colcon.colcon_core.event_handler.log_command:Invoking command in '/home/grace/Documents/Diplomado_Robotica/16_01_ws/build/stage': DEBUGINFOD_URLS=https://debuginfod.ubuntu.com /usr/bin/cmake --install /home/grace/Documents/Diplomado_Robotica/16_01_ws/build/stage
[0.533s] Level 1:colcon.colcon_core.shell:create_environment_hook('stage', 'ros_package_path')
[0.533s] INFO:colcon.colcon_core.shell:Creating environment hook '/home/grace/Documents/Diplomado_Robotica/16_01_ws/install/stage/share/stage/hook/ros_package_path.ps1'
[0.533s] DEBUG:colcon.colcon_core.event_handler.log_command:Invoked command in '/home/grace/Documents/Diplomado_Robotica/16_01_ws/build/stage' returned '0': DEBUGINFOD_URLS=https://debuginfod.ubuntu.com /usr/bin/cmake --install /home/grace/Documents/Diplomado_Robotica/16_01_ws/build/stage
[0.534s] INFO:colcon.colcon_core.shell:Creating environment descriptor '/home/grace/Documents/Diplomado_Robotica/16_01_ws/install/stage/share/stage/hook/ros_package_path.dsv'
[0.534s] INFO:colcon.colcon_core.shell:Creating environment hook '/home/grace/Documents/Diplomado_Robotica/16_01_ws/install/stage/share/stage/hook/ros_package_path.sh'
[0.534s] Level 1:colcon.colcon_core.shell:create_environment_hook('stage', 'pkg_config_path')
[0.534s] INFO:colcon.colcon_core.shell:Creating environment hook '/home/grace/Documents/Diplomado_Robotica/16_01_ws/install/stage/share/stage/hook/pkg_config_path.ps1'
[0.535s] INFO:colcon.colcon_core.shell:Creating environment descriptor '/home/grace/Documents/Diplomado_Robotica/16_01_ws/install/stage/share/stage/hook/pkg_config_path.dsv'
[0.535s] INFO:colcon.colcon_core.shell:Creating environment hook '/home/grace/Documents/Diplomado_Robotica/16_01_ws/install/stage/share/stage/hook/pkg_config_path.sh'
[0.536s] Level 1:colcon.colcon_core.shell:create_environment_hook('stage', 'pkg_config_path_multiarch')
[0.536s] INFO:colcon.colcon_core.shell:Creating environment hook '/home/grace/Documents/Diplomado_Robotica/16_01_ws/install/stage/share/stage/hook/pkg_config_path_multiarch.ps1'
[0.536s] INFO:colcon.colcon_core.shell:Creating environment descriptor '/home/grace/Documents/Diplomado_Robotica/16_01_ws/install/stage/share/stage/hook/pkg_config_path_multiarch.dsv'
[0.536s] INFO:colcon.colcon_core.shell:Creating environment hook '/home/grace/Documents/Diplomado_Robotica/16_01_ws/install/stage/share/stage/hook/pkg_config_path_multiarch.sh'
[0.537s] Level 1:colcon.colcon_core.environment:create_environment_scripts_only(stage)
[0.538s] Level 1:colcon.colcon_core.environment:checking '/home/grace/Documents/Diplomado_Robotica/16_01_ws/install/stage' for CMake module files
[0.539s] Level 1:colcon.colcon_core.environment:checking '/home/grace/Documents/Diplomado_Robotica/16_01_ws/install/stage' for CMake config files
[0.539s] Level 1:colcon.colcon_core.shell:create_environment_hook('stage', 'cmake_prefix_path')
[0.539s] INFO:colcon.colcon_core.shell:Creating environment hook '/home/grace/Documents/Diplomado_Robotica/16_01_ws/install/stage/share/stage/hook/cmake_prefix_path.ps1'
[0.539s] INFO:colcon.colcon_core.shell:Creating environment descriptor '/home/grace/Documents/Diplomado_Robotica/16_01_ws/install/stage/share/stage/hook/cmake_prefix_path.dsv'
[0.539s] INFO:colcon.colcon_core.shell:Creating environment hook '/home/grace/Documents/Diplomado_Robotica/16_01_ws/install/stage/share/stage/hook/cmake_prefix_path.sh'
[0.540s] Level 1:colcon.colcon_core.environment:checking '/home/grace/Documents/Diplomado_Robotica/16_01_ws/install/stage/lib'
[0.540s] Level 1:colcon.colcon_core.shell:create_environment_hook('stage', 'ld_library_path_lib')
[0.540s] INFO:colcon.colcon_core.shell:Creating environment hook '/home/grace/Documents/Diplomado_Robotica/16_01_ws/install/stage/share/stage/hook/ld_library_path_lib.ps1'
[0.540s] INFO:colcon.colcon_core.shell:Creating environment descriptor '/home/grace/Documents/Diplomado_Robotica/16_01_ws/install/stage/share/stage/hook/ld_library_path_lib.dsv'
[0.540s] INFO:colcon.colcon_core.shell:Creating environment hook '/home/grace/Documents/Diplomado_Robotica/16_01_ws/install/stage/share/stage/hook/ld_library_path_lib.sh'
[0.541s] Level 1:colcon.colcon_core.environment:checking '/home/grace/Documents/Diplomado_Robotica/16_01_ws/install/stage/bin'
[0.541s] Level 1:colcon.colcon_core.shell:create_environment_hook('stage', 'path')
[0.541s] INFO:colcon.colcon_core.shell:Creating environment hook '/home/grace/Documents/Diplomado_Robotica/16_01_ws/install/stage/share/stage/hook/path.ps1'
[0.541s] INFO:colcon.colcon_core.shell:Creating environment descriptor '/home/grace/Documents/Diplomado_Robotica/16_01_ws/install/stage/share/stage/hook/path.dsv'
[0.541s] INFO:colcon.colcon_core.shell:Creating environment hook '/home/grace/Documents/Diplomado_Robotica/16_01_ws/install/stage/share/stage/hook/path.sh'
[0.541s] Level 1:colcon.colcon_core.environment:checking '/home/grace/Documents/Diplomado_Robotica/16_01_ws/install/stage/lib/pkgconfig/stage.pc'
[0.541s] Level 1:colcon.colcon_core.shell:create_environment_hook('stage', 'pkg_config')
[0.541s] INFO:colcon.colcon_core.shell:Creating environment hook '/home/grace/Documents/Diplomado_Robotica/16_01_ws/install/stage/share/stage/hook/pkg_config.ps1'
[0.542s] INFO:colcon.colcon_core.shell:Creating environment descriptor '/home/grace/Documents/Diplomado_Robotica/16_01_ws/install/stage/share/stage/hook/pkg_config.dsv'
[0.542s] INFO:colcon.colcon_core.shell:Creating environment hook '/home/grace/Documents/Diplomado_Robotica/16_01_ws/install/stage/share/stage/hook/pkg_config.sh'
[0.542s] Level 1:colcon.colcon_core.environment:checking '/home/grace/Documents/Diplomado_Robotica/16_01_ws/install/stage/lib/python3.12/site-packages'
[0.542s] Level 1:colcon.colcon_core.environment:checking '/home/grace/Documents/Diplomado_Robotica/16_01_ws/install/stage/bin'
[0.542s] Level 1:colcon.colcon_core.shell:create_environment_hook('stage', 'pythonscriptspath')
[0.542s] INFO:colcon.colcon_core.shell:Creating environment hook '/home/grace/Documents/Diplomado_Robotica/16_01_ws/install/stage/share/stage/hook/pythonscriptspath.ps1'
[0.543s] INFO:colcon.colcon_core.shell:Creating environment descriptor '/home/grace/Documents/Diplomado_Robotica/16_01_ws/install/stage/share/stage/hook/pythonscriptspath.dsv'
[0.543s] INFO:colcon.colcon_core.shell:Creating environment hook '/home/grace/Documents/Diplomado_Robotica/16_01_ws/install/stage/share/stage/hook/pythonscriptspath.sh'
[0.543s] INFO:colcon.colcon_core.shell:Creating package script '/home/grace/Documents/Diplomado_Robotica/16_01_ws/install/stage/share/stage/package.ps1'
[0.544s] INFO:colcon.colcon_core.shell:Creating package descriptor '/home/grace/Documents/Diplomado_Robotica/16_01_ws/install/stage/share/stage/package.dsv'
[0.544s] INFO:colcon.colcon_core.shell:Creating package script '/home/grace/Documents/Diplomado_Robotica/16_01_ws/install/stage/share/stage/package.sh'
[0.545s] INFO:colcon.colcon_core.shell:Creating package script '/home/grace/Documents/Diplomado_Robotica/16_01_ws/install/stage/share/stage/package.bash'
[0.545s] INFO:colcon.colcon_core.shell:Creating package script '/home/grace/Documents/Diplomado_Robotica/16_01_ws/install/stage/share/stage/package.zsh'
[0.545s] Level 1:colcon.colcon_core.environment:create_file_with_runtime_dependencies(/home/grace/Documents/Diplomado_Robotica/16_01_ws/install/stage/share/colcon-core/packages/stage)
[0.546s] INFO:colcon.colcon_ros.task.ament_cmake.build:Building ROS package in '/home/grace/Documents/Diplomado_Robotica/16_01_ws/src/stage_ros2' with build type 'ament_cmake'
[0.546s] INFO:colcon.colcon_cmake.task.cmake.build:Building CMake package in '/home/grace/Documents/Diplomado_Robotica/16_01_ws/src/stage_ros2'
[0.546s] INFO:colcon.colcon_core.shell:Skip shell extension 'powershell' for command environment: Not usable outside of PowerShell
[0.546s] DEBUG:colcon.colcon_core.shell:Skip shell extension 'dsv' for command environment
[0.554s] DEBUG:colcon.colcon_core.event_handler.log_command:Invoking command in '/home/grace/Documents/Diplomado_Robotica/16_01_ws/build/stage_ros2': CMAKE_PREFIX_PATH=/home/grace/Documents/Diplomado_Robotica/16_01_ws/install/labo_dqn:/home/grace/Documents/Diplomado_Robotica/16_01_ws/install/dqn_final:/opt/ros/jazzy:/home/grace/Documents/Diplomado_Robotica/16_01_ws/install/stage:/home/grace/Documents/Diplomado_Robotica/16_01_ws/install/stage_ros2:/opt/ros/jazzy/opt/gz_sim_vendor:/opt/ros/jazzy/opt/gz_sensors_vendor:/opt/ros/jazzy/opt/gz_physics_vendor:/opt/ros/jazzy/opt/sdformat_vendor:/opt/ros/jazzy/opt/gz_gui_vendor:/opt/ros/jazzy/opt/gz_transport_vendor:/opt/ros/jazzy/opt/gz_rendering_vendor:/opt/ros/jazzy/opt/gz_plugin_vendor:/opt/ros/jazzy/opt/gz_fuel_tools_vendor:/opt/ros/jazzy/opt/gz_msgs_vendor:/opt/ros/jazzy/opt/gz_common_vendor:/opt/ros/jazzy/opt/gz_math_vendor:/opt/ros/jazzy/opt/gz_utils_vendor:/opt/ros/jazzy/opt/gz_tools_vendor:/opt/ros/jazzy/opt/gz_ogre_next_vendor:/opt/ros/jazzy/opt/gz_dartsim_vendor:/opt/ros/jazzy/opt/gz_cmake_vendor DEBUGINFOD_URLS=https://debuginfod.ubuntu.com LD_LIBRARY_PATH=/home/grace/Documents/Diplomado_Robotica/16_01_ws/install/stage/lib:/home/grace/Documents/Diplomado_Robotica/16_01_ws/install/stage_ros2/lib:/opt/ros/jazzy/opt/gz_sim_vendor/lib:/opt/ros/jazzy/opt/gz_sensors_vendor/lib:/opt/ros/jazzy/opt/gz_physics_vendor/lib:/opt/ros/jazzy/opt/sdformat_vendor/lib:/opt/ros/jazzy/opt/rviz_ogre_vendor/lib:/opt/ros/jazzy/lib/x86_64-linux-gnu:/opt/ros/jazzy/opt/gz_gui_vendor/lib:/opt/ros/jazzy/opt/gz_transport_vendor/lib:/opt/ros/jazzy/opt/gz_rendering_vendor/lib:/opt/ros/jazzy/opt/gz_plugin_vendor/lib:/opt/ros/jazzy/opt/gz_fuel_tools_vendor/lib:/opt/ros/jazzy/opt/gz_msgs_vendor/lib:/opt/ros/jazzy/opt/gz_common_vendor/lib:/opt/ros/jazzy/opt/gz_math_vendor/lib:/opt/ros/jazzy/opt/gz_utils_vendor/lib:/opt/ros/jazzy/opt/gz_tools_vendor/lib:/opt/ros/jazzy/opt/gz_ogre_next_vendor/lib:/opt/ros/jazzy/opt/gz_dartsim_vendor/lib:/opt/ros/jazzy/opt/gz_cmake_vendor/lib:/opt/ros/jazzy/lib /usr/bin/cmake --build /home/grace/Documents/Diplomado_Robotica/16_01_ws/build/stage_ros2 -- -j16 -l16
[0.630s] DEBUG:colcon.colcon_core.event_handler.log_command:Invoked command in '/home/grace/Documents/Diplomado_Robotica/16_01_ws/build/stage_ros2' returned '0': CMAKE_PREFIX_PATH=/home/grace/Documents/Diplomado_Robotica/16_01_ws/install/labo_dqn:/home/grace/Documents/Diplomado_Robotica/16_01_ws/install/dqn_final:/opt/ros/jazzy:/home/grace/Documents/Diplomado_Robotica/16_01_ws/install/stage:/home/grace/Documents/Diplomado_Robotica/16_01_ws/install/stage_ros2:/opt/ros/jazzy/opt/gz_sim_vendor:/opt/ros/jazzy/opt/gz_sensors_vendor:/opt/ros/jazzy/opt/gz_physics_vendor:/opt/ros/jazzy/opt/sdformat_vendor:/opt/ros/jazzy/opt/gz_gui_vendor:/opt/ros/jazzy/opt/gz_transport_vendor:/opt/ros/jazzy/opt/gz_rendering_vendor:/opt/ros/jazzy/opt/gz_plugin_vendor:/opt/ros/jazzy/opt/gz_fuel_tools_vendor:/opt/ros/jazzy/opt/gz_msgs_vendor:/opt/ros/jazzy/opt/gz_common_vendor:/opt/ros/jazzy/opt/gz_math_vendor:/opt/ros/jazzy/opt/gz_utils_vendor:/opt/ros/jazzy/opt/gz_tools_vendor:/opt/ros/jazzy/opt/gz_ogre_next_vendor:/opt/ros/jazzy/opt/gz_dartsim_vendor:/opt/ros/jazzy/opt/gz_cmake_vendor DEBUGINFOD_URLS=https://debuginfod.ubuntu.com LD_LIBRARY_PATH=/home/grace/Documents/Diplomado_Robotica/16_01_ws/install/stage/lib:/home/grace/Documents/Diplomado_Robotica/16_01_ws/install/stage_ros2/lib:/opt/ros/jazzy/opt/gz_sim_vendor/lib:/opt/ros/jazzy/opt/gz_sensors_vendor/lib:/opt/ros/jazzy/opt/gz_physics_vendor/lib:/opt/ros/jazzy/opt/sdformat_vendor/lib:/opt/ros/jazzy/opt/rviz_ogre_vendor/lib:/opt/ros/jazzy/lib/x86_64-linux-gnu:/opt/ros/jazzy/opt/gz_gui_vendor/lib:/opt/ros/jazzy/opt/gz_transport_vendor/lib:/opt/ros/jazzy/opt/gz_rendering_vendor/lib:/opt/ros/jazzy/opt/gz_plugin_vendor/lib:/opt/ros/jazzy/opt/gz_fuel_tools_vendor/lib:/opt/ros/jazzy/opt/gz_msgs_vendor/lib:/opt/ros/jazzy/opt/gz_common_vendor/lib:/opt/ros/jazzy/opt/gz_math_vendor/lib:/opt/ros/jazzy/opt/gz_utils_vendor/lib:/opt/ros/jazzy/opt/gz_tools_vendor/lib:/opt/ros/jazzy/opt/gz_ogre_next_vendor/lib:/opt/ros/jazzy/opt/gz_dartsim_vendor/lib:/opt/ros/jazzy/opt/gz_cmake_vendor/lib:/opt/ros/jazzy/lib /usr/bin/cmake --build /home/grace/Documents/Diplomado_Robotica/16_01_ws/build/stage_ros2 -- -j16 -l16
[0.630s] DEBUG:colcon.colcon_core.event_handler.log_command:Invoking command in '/home/grace/Documents/Diplomado_Robotica/16_01_ws/build/stage_ros2': CMAKE_PREFIX_PATH=/home/grace/Documents/Diplomado_Robotica/16_01_ws/install/labo_dqn:/home/grace/Documents/Diplomado_Robotica/16_01_ws/install/dqn_final:/opt/ros/jazzy:/home/grace/Documents/Diplomado_Robotica/16_01_ws/install/stage:/home/grace/Documents/Diplomado_Robotica/16_01_ws/install/stage_ros2:/opt/ros/jazzy/opt/gz_sim_vendor:/opt/ros/jazzy/opt/gz_sensors_vendor:/opt/ros/jazzy/opt/gz_physics_vendor:/opt/ros/jazzy/opt/sdformat_vendor:/opt/ros/jazzy/opt/gz_gui_vendor:/opt/ros/jazzy/opt/gz_transport_vendor:/opt/ros/jazzy/opt/gz_rendering_vendor:/opt/ros/jazzy/opt/gz_plugin_vendor:/opt/ros/jazzy/opt/gz_fuel_tools_vendor:/opt/ros/jazzy/opt/gz_msgs_vendor:/opt/ros/jazzy/opt/gz_common_vendor:/opt/ros/jazzy/opt/gz_math_vendor:/opt/ros/jazzy/opt/gz_utils_vendor:/opt/ros/jazzy/opt/gz_tools_vendor:/opt/ros/jazzy/opt/gz_ogre_next_vendor:/opt/ros/jazzy/opt/gz_dartsim_vendor:/opt/ros/jazzy/opt/gz_cmake_vendor DEBUGINFOD_URLS=https://debuginfod.ubuntu.com LD_LIBRARY_PATH=/home/grace/Documents/Diplomado_Robotica/16_01_ws/install/stage/lib:/home/grace/Documents/Diplomado_Robotica/16_01_ws/install/stage_ros2/lib:/opt/ros/jazzy/opt/gz_sim_vendor/lib:/opt/ros/jazzy/opt/gz_sensors_vendor/lib:/opt/ros/jazzy/opt/gz_physics_vendor/lib:/opt/ros/jazzy/opt/sdformat_vendor/lib:/opt/ros/jazzy/opt/rviz_ogre_vendor/lib:/opt/ros/jazzy/lib/x86_64-linux-gnu:/opt/ros/jazzy/opt/gz_gui_vendor/lib:/opt/ros/jazzy/opt/gz_transport_vendor/lib:/opt/ros/jazzy/opt/gz_rendering_vendor/lib:/opt/ros/jazzy/opt/gz_plugin_vendor/lib:/opt/ros/jazzy/opt/gz_fuel_tools_vendor/lib:/opt/ros/jazzy/opt/gz_msgs_vendor/lib:/opt/ros/jazzy/opt/gz_common_vendor/lib:/opt/ros/jazzy/opt/gz_math_vendor/lib:/opt/ros/jazzy/opt/gz_utils_vendor/lib:/opt/ros/jazzy/opt/gz_tools_vendor/lib:/opt/ros/jazzy/opt/gz_ogre_next_vendor/lib:/opt/ros/jazzy/opt/gz_dartsim_vendor/lib:/opt/ros/jazzy/opt/gz_cmake_vendor/lib:/opt/ros/jazzy/lib /usr/bin/cmake --install /home/grace/Documents/Diplomado_Robotica/16_01_ws/build/stage_ros2
[0.640s] Level 1:colcon.colcon_core.environment:create_environment_scripts_only(stage_ros2)
[0.640s] Level 1:colcon.colcon_core.environment:checking '/home/grace/Documents/Diplomado_Robotica/16_01_ws/install/stage_ros2' for CMake module files
[0.640s] DEBUG:colcon.colcon_core.event_handler.log_command:Invoked command in '/home/grace/Documents/Diplomado_Robotica/16_01_ws/build/stage_ros2' returned '0': CMAKE_PREFIX_PATH=/home/grace/Documents/Diplomado_Robotica/16_01_ws/install/labo_dqn:/home/grace/Documents/Diplomado_Robotica/16_01_ws/install/dqn_final:/opt/ros/jazzy:/home/grace/Documents/Diplomado_Robotica/16_01_ws/install/stage:/home/grace/Documents/Diplomado_Robotica/16_01_ws/install/stage_ros2:/opt/ros/jazzy/opt/gz_sim_vendor:/opt/ros/jazzy/opt/gz_sensors_vendor:/opt/ros/jazzy/opt/gz_physics_vendor:/opt/ros/jazzy/opt/sdformat_vendor:/opt/ros/jazzy/opt/gz_gui_vendor:/opt/ros/jazzy/opt/gz_transport_vendor:/opt/ros/jazzy/opt/gz_rendering_vendor:/opt/ros/jazzy/opt/gz_plugin_vendor:/opt/ros/jazzy/opt/gz_fuel_tools_vendor:/opt/ros/jazzy/opt/gz_msgs_vendor:/opt/ros/jazzy/opt/gz_common_vendor:/opt/ros/jazzy/opt/gz_math_vendor:/opt/ros/jazzy/opt/gz_utils_vendor:/opt/ros/jazzy/opt/gz_tools_vendor:/opt/ros/jazzy/opt/gz_ogre_next_vendor:/opt/ros/jazzy/opt/gz_dartsim_vendor:/opt/ros/jazzy/opt/gz_cmake_vendor DEBUGINFOD_URLS=https://debuginfod.ubuntu.com LD_LIBRARY_PATH=/home/grace/Documents/Diplomado_Robotica/16_01_ws/install/stage/lib:/home/grace/Documents/Diplomado_Robotica/16_01_ws/install/stage_ros2/lib:/opt/ros/jazzy/opt/gz_sim_vendor/lib:/opt/ros/jazzy/opt/gz_sensors_vendor/lib:/opt/ros/jazzy/opt/gz_physics_vendor/lib:/opt/ros/jazzy/opt/sdformat_vendor/lib:/opt/ros/jazzy/opt/rviz_ogre_vendor/lib:/opt/ros/jazzy/lib/x86_64-linux-gnu:/opt/ros/jazzy/opt/gz_gui_vendor/lib:/opt/ros/jazzy/opt/gz_transport_vendor/lib:/opt/ros/jazzy/opt/gz_rendering_vendor/lib:/opt/ros/jazzy/opt/gz_plugin_vendor/lib:/opt/ros/jazzy/opt/gz_fuel_tools_vendor/lib:/opt/ros/jazzy/opt/gz_msgs_vendor/lib:/opt/ros/jazzy/opt/gz_common_vendor/lib:/opt/ros/jazzy/opt/gz_math_vendor/lib:/opt/ros/jazzy/opt/gz_utils_vendor/lib:/opt/ros/jazzy/opt/gz_tools_vendor/lib:/opt/ros/jazzy/opt/gz_ogre_next_vendor/lib:/opt/ros/jazzy/opt/gz_dartsim_vendor/lib:/opt/ros/jazzy/opt/gz_cmake_vendor/lib:/opt/ros/jazzy/lib /usr/bin/cmake --install /home/grace/Documents/Diplomado_Robotica/16_01_ws/build/stage_ros2
[0.640s] Level 1:colcon.colcon_core.environment:checking '/home/grace/Documents/Diplomado_Robotica/16_01_ws/install/stage_ros2' for CMake config files
[0.641s] Level 1:colcon.colcon_core.shell:create_environment_hook('stage_ros2', 'cmake_prefix_path')
[0.641s] INFO:colcon.colcon_core.shell:Creating environment hook '/home/grace/Documents/Diplomado_Robotica/16_01_ws/install/stage_ros2/share/stage_ros2/hook/cmake_prefix_path.ps1'
[0.641s] INFO:colcon.colcon_core.shell:Creating environment descriptor '/home/grace/Documents/Diplomado_Robotica/16_01_ws/install/stage_ros2/share/stage_ros2/hook/cmake_prefix_path.dsv'
[0.641s] INFO:colcon.colcon_core.shell:Creating environment hook '/home/grace/Documents/Diplomado_Robotica/16_01_ws/install/stage_ros2/share/stage_ros2/hook/cmake_prefix_path.sh'
[0.642s] Level 1:colcon.colcon_core.environment:checking '/home/grace/Documents/Diplomado_Robotica/16_01_ws/install/stage_ros2/lib'
[0.642s] Level 1:colcon.colcon_core.shell:create_environment_hook('stage_ros2', 'ld_library_path_lib')
[0.642s] INFO:colcon.colcon_core.shell:Creating environment hook '/home/grace/Documents/Diplomado_Robotica/16_01_ws/install/stage_ros2/share/stage_ros2/hook/ld_library_path_lib.ps1'
[0.642s] INFO:colcon.colcon_core.shell:Creating environment descriptor '/home/grace/Documents/Diplomado_Robotica/16_01_ws/install/stage_ros2/share/stage_ros2/hook/ld_library_path_lib.dsv'
[0.642s] INFO:colcon.colcon_core.shell:Creating environment hook '/home/grace/Documents/Diplomado_Robotica/16_01_ws/install/stage_ros2/share/stage_ros2/hook/ld_library_path_lib.sh'
[0.642s] Level 1:colcon.colcon_core.environment:checking '/home/grace/Documents/Diplomado_Robotica/16_01_ws/install/stage_ros2/bin'
[0.643s] Level 1:colcon.colcon_core.environment:checking '/home/grace/Documents/Diplomado_Robotica/16_01_ws/install/stage_ros2/lib/pkgconfig/stage_ros2.pc'
[0.643s] Level 1:colcon.colcon_core.environment:checking '/home/grace/Documents/Diplomado_Robotica/16_01_ws/install/stage_ros2/lib/python3.12/site-packages'
[0.643s] Level 1:colcon.colcon_core.environment:checking '/home/grace/Documents/Diplomado_Robotica/16_01_ws/install/stage_ros2/bin'
[0.643s] INFO:colcon.colcon_core.shell:Creating package script '/home/grace/Documents/Diplomado_Robotica/16_01_ws/install/stage_ros2/share/stage_ros2/package.ps1'
[0.643s] INFO:colcon.colcon_core.shell:Creating package descriptor '/home/grace/Documents/Diplomado_Robotica/16_01_ws/install/stage_ros2/share/stage_ros2/package.dsv'
[0.644s] INFO:colcon.colcon_core.shell:Creating package script '/home/grace/Documents/Diplomado_Robotica/16_01_ws/install/stage_ros2/share/stage_ros2/package.sh'
[0.644s] INFO:colcon.colcon_core.shell:Creating package script '/home/grace/Documents/Diplomado_Robotica/16_01_ws/install/stage_ros2/share/stage_ros2/package.bash'
[0.644s] INFO:colcon.colcon_core.shell:Creating package script '/home/grace/Documents/Diplomado_Robotica/16_01_ws/install/stage_ros2/share/stage_ros2/package.zsh'
[0.644s] Level 1:colcon.colcon_core.environment:create_file_with_runtime_dependencies(/home/grace/Documents/Diplomado_Robotica/16_01_ws/install/stage_ros2/share/colcon-core/packages/stage_ros2)
[0.644s] Level 1:colcon.colcon_core.environment:create_environment_scripts_only(stage_ros2)
[0.645s] Level 1:colcon.colcon_core.environment:checking '/home/grace/Documents/Diplomado_Robotica/16_01_ws/install/stage_ros2' for CMake module files
[0.645s] Level 1:colcon.colcon_core.environment:checking '/home/grace/Documents/Diplomado_Robotica/16_01_ws/install/stage_ros2' for CMake config files
[0.645s] Level 1:colcon.colcon_core.shell:create_environment_hook('stage_ros2', 'cmake_prefix_path')
[0.645s] INFO:colcon.colcon_core.shell:Creating environment hook '/home/grace/Documents/Diplomado_Robotica/16_01_ws/install/stage_ros2/share/stage_ros2/hook/cmake_prefix_path.ps1'
[0.645s] INFO:colcon.colcon_core.shell:Creating environment descriptor '/home/grace/Documents/Diplomado_Robotica/16_01_ws/install/stage_ros2/share/stage_ros2/hook/cmake_prefix_path.dsv'
[0.646s] INFO:colcon.colcon_core.shell:Creating environment hook '/home/grace/Documents/Diplomado_Robotica/16_01_ws/install/stage_ros2/share/stage_ros2/hook/cmake_prefix_path.sh'
[0.646s] Level 1:colcon.colcon_core.environment:checking '/home/grace/Documents/Diplomado_Robotica/16_01_ws/install/stage_ros2/lib'
[0.646s] Level 1:colcon.colcon_core.shell:create_environment_hook('stage_ros2', 'ld_library_path_lib')
[0.646s] INFO:colcon.colcon_core.shell:Creating environment hook '/home/grace/Documents/Diplomado_Robotica/16_01_ws/install/stage_ros2/share/stage_ros2/hook/ld_library_path_lib.ps1'
[0.646s] INFO:colcon.colcon_core.shell:Creating environment descriptor '/home/grace/Documents/Diplomado_Robotica/16_01_ws/install/stage_ros2/share/stage_ros2/hook/ld_library_path_lib.dsv'
[0.647s] INFO:colcon.colcon_core.shell:Creating environment hook '/home/grace/Documents/Diplomado_Robotica/16_01_ws/install/stage_ros2/share/stage_ros2/hook/ld_library_path_lib.sh'
[0.647s] Level 1:colcon.colcon_core.environment:checking '/home/grace/Documents/Diplomado_Robotica/16_01_ws/install/stage_ros2/bin'
[0.647s] Level 1:colcon.colcon_core.environment:checking '/home/grace/Documents/Diplomado_Robotica/16_01_ws/install/stage_ros2/lib/pkgconfig/stage_ros2.pc'
[0.647s] Level 1:colcon.colcon_core.environment:checking '/home/grace/Documents/Diplomado_Robotica/16_01_ws/install/stage_ros2/lib/python3.12/site-packages'
[0.647s] Level 1:colcon.colcon_core.environment:checking '/home/grace/Documents/Diplomado_Robotica/16_01_ws/install/stage_ros2/bin'
[0.647s] INFO:colcon.colcon_core.shell:Creating package script '/home/grace/Documents/Diplomado_Robotica/16_01_ws/install/stage_ros2/share/stage_ros2/package.ps1'
[0.648s] INFO:colcon.colcon_core.shell:Creating package descriptor '/home/grace/Documents/Diplomado_Robotica/16_01_ws/install/stage_ros2/share/stage_ros2/package.dsv'
[0.648s] INFO:colcon.colcon_core.shell:Creating package script '/home/grace/Documents/Diplomado_Robotica/16_01_ws/install/stage_ros2/share/stage_ros2/package.sh'
[0.648s] INFO:colcon.colcon_core.shell:Creating package script '/home/grace/Documents/Diplomado_Robotica/16_01_ws/install/stage_ros2/share/stage_ros2/package.bash'
[0.648s] INFO:colcon.colcon_core.shell:Creating package script '/home/grace/Documents/Diplomado_Robotica/16_01_ws/install/stage_ros2/share/stage_ros2/package.zsh'
[0.649s] Level 1:colcon.colcon_core.environment:create_file_with_runtime_dependencies(/home/grace/Documents/Diplomado_Robotica/16_01_ws/install/stage_ros2/share/colcon-core/packages/stage_ros2)
[0.948s] DEBUG:colcon.colcon_core.event_handler.log_command:Invoking command in '/home/grace/Documents/Diplomado_Robotica/16_01_ws/src/labo_dqn': DEBUGINFOD_URLS=https://debuginfod.ubuntu.com PYTHONPATH=/home/grace/Documents/Diplomado_Robotica/16_01_ws/build/labo_dqn/prefix_override:/usr/lib/python3/dist-packages/colcon_core/task/python/colcon_distutils_commands:/home/grace/Documents/Diplomado_Robotica/16_01_ws/install/labo_dqn/lib/python3.12/site-packages:${PYTHONPATH} /usr/bin/python3 -W ignore:setup.py install is deprecated -W ignore:easy_install command is deprecated setup.py egg_info --egg-base ../../build/labo_dqn build --build-base /home/grace/Documents/Diplomado_Robotica/16_01_ws/build/labo_dqn/build install --record /home/grace/Documents/Diplomado_Robotica/16_01_ws/build/labo_dqn/install.log --single-version-externally-managed install_data
[0.948s] DEBUG:colcon.colcon_core.event_handler.log_command:Invoking command in '/home/grace/Documents/Diplomado_Robotica/16_01_ws/src/dqn_final': DEBUGINFOD_URLS=https://debuginfod.ubuntu.com PYTHONPATH=/home/grace/Documents/Diplomado_Robotica/16_01_ws/build/dqn_final/prefix_override:/usr/lib/python3/dist-packages/colcon_core/task/python/colcon_distutils_commands:/home/grace/Documents/Diplomado_Robotica/16_01_ws/install/dqn_final/lib/python3.12/site-packages:${PYTHONPATH} /usr/bin/python3 -W ignore:setup.py install is deprecated -W ignore:easy_install command is deprecated setup.py egg_info --egg-base ../../build/dqn_final build --build-base /home/grace/Documents/Diplomado_Robotica/16_01_ws/build/dqn_final/build install --record /home/grace/Documents/Diplomado_Robotica/16_01_ws/build/dqn_final/install.log --single-version-externally-managed install_data
[1.334s] Level 1:colcon.colcon_core.environment:checking '/home/grace/Documents/Diplomado_Robotica/16_01_ws/install/labo_dqn' for CMake module files
[1.335s] DEBUG:colcon.colcon_core.event_handler.log_command:Invoked command in '/home/grace/Documents/Diplomado_Robotica/16_01_ws/src/labo_dqn' returned '0': DEBUGINFOD_URLS=https://debuginfod.ubuntu.com PYTHONPATH=/home/grace/Documents/Diplomado_Robotica/16_01_ws/build/labo_dqn/prefix_override:/usr/lib/python3/dist-packages/colcon_core/task/python/colcon_distutils_commands:/home/grace/Documents/Diplomado_Robotica/16_01_ws/install/labo_dqn/lib/python3.12/site-packages:${PYTHONPATH} /usr/bin/python3 -W ignore:setup.py install is deprecated -W ignore:easy_install command is deprecated setup.py egg_info --egg-base ../../build/labo_dqn build --build-base /home/grace/Documents/Diplomado_Robotica/16_01_ws/build/labo_dqn/build install --record /home/grace/Documents/Diplomado_Robotica/16_01_ws/build/labo_dqn/install.log --single-version-externally-managed install_data
[1.335s] Level 1:colcon.colcon_core.environment:checking '/home/grace/Documents/Diplomado_Robotica/16_01_ws/install/labo_dqn' for CMake config files
[1.335s] Level 1:colcon.colcon_core.environment:checking '/home/grace/Documents/Diplomado_Robotica/16_01_ws/install/labo_dqn/lib'
[1.335s] Level 1:colcon.colcon_core.environment:checking '/home/grace/Documents/Diplomado_Robotica/16_01_ws/install/labo_dqn/bin'
[1.335s] Level 1:colcon.colcon_core.environment:checking '/home/grace/Documents/Diplomado_Robotica/16_01_ws/install/labo_dqn/lib/pkgconfig/labo_dqn.pc'
[1.336s] Level 1:colcon.colcon_core.environment:checking '/home/grace/Documents/Diplomado_Robotica/16_01_ws/install/labo_dqn/lib/python3.12/site-packages'
[1.336s] Level 1:colcon.colcon_core.shell:create_environment_hook('labo_dqn', 'pythonpath')
[1.336s] INFO:colcon.colcon_core.shell:Creating environment hook '/home/grace/Documents/Diplomado_Robotica/16_01_ws/install/labo_dqn/share/labo_dqn/hook/pythonpath.ps1'
[1.336s] INFO:colcon.colcon_core.shell:Creating environment descriptor '/home/grace/Documents/Diplomado_Robotica/16_01_ws/install/labo_dqn/share/labo_dqn/hook/pythonpath.dsv'
[1.336s] INFO:colcon.colcon_core.shell:Creating environment hook '/home/grace/Documents/Diplomado_Robotica/16_01_ws/install/labo_dqn/share/labo_dqn/hook/pythonpath.sh'
[1.337s] Level 1:colcon.colcon_core.environment:checking '/home/grace/Documents/Diplomado_Robotica/16_01_ws/install/labo_dqn/bin'
[1.337s] Level 1:colcon.colcon_core.environment:create_environment_scripts_only(labo_dqn)
[1.337s] INFO:colcon.colcon_core.shell:Creating package script '/home/grace/Documents/Diplomado_Robotica/16_01_ws/install/labo_dqn/share/labo_dqn/package.ps1'
[1.337s] INFO:colcon.colcon_core.shell:Creating package descriptor '/home/grace/Documents/Diplomado_Robotica/16_01_ws/install/labo_dqn/share/labo_dqn/package.dsv'
[1.337s] INFO:colcon.colcon_core.shell:Creating package script '/home/grace/Documents/Diplomado_Robotica/16_01_ws/install/labo_dqn/share/labo_dqn/package.sh'
[1.338s] INFO:colcon.colcon_core.shell:Creating package script '/home/grace/Documents/Diplomado_Robotica/16_01_ws/install/labo_dqn/share/labo_dqn/package.bash'
[1.338s] INFO:colcon.colcon_core.shell:Creating package script '/home/grace/Documents/Diplomado_Robotica/16_01_ws/install/labo_dqn/share/labo_dqn/package.zsh'
[1.338s] Level 1:colcon.colcon_core.environment:create_file_with_runtime_dependencies(/home/grace/Documents/Diplomado_Robotica/16_01_ws/install/labo_dqn/share/colcon-core/packages/labo_dqn)
[1.339s] Level 1:colcon.colcon_core.environment:checking '/home/grace/Documents/Diplomado_Robotica/16_01_ws/install/dqn_final' for CMake module files
[1.339s] DEBUG:colcon.colcon_core.event_handler.log_command:Invoked command in '/home/grace/Documents/Diplomado_Robotica/16_01_ws/src/dqn_final' returned '0': DEBUGINFOD_URLS=https://debuginfod.ubuntu.com PYTHONPATH=/home/grace/Documents/Diplomado_Robotica/16_01_ws/build/dqn_final/prefix_override:/usr/lib/python3/dist-packages/colcon_core/task/python/colcon_distutils_commands:/home/grace/Documents/Diplomado_Robotica/16_01_ws/install/dqn_final/lib/python3.12/site-packages:${PYTHONPATH} /usr/bin/python3 -W ignore:setup.py install is deprecated -W ignore:easy_install command is deprecated setup.py egg_info --egg-base ../../build/dqn_final build --build-base /home/grace/Documents/Diplomado_Robotica/16_01_ws/build/dqn_final/build install --record /home/grace/Documents/Diplomado_Robotica/16_01_ws/build/dqn_final/install.log --single-version-externally-managed install_data
[1.339s] Level 1:colcon.colcon_core.environment:checking '/home/grace/Documents/Diplomado_Robotica/16_01_ws/install/dqn_final' for CMake config files
[1.340s] Level 1:colcon.colcon_core.environment:checking '/home/grace/Documents/Diplomado_Robotica/16_01_ws/install/dqn_final/lib'
[1.340s] Level 1:colcon.colcon_core.environment:checking '/home/grace/Documents/Diplomado_Robotica/16_01_ws/install/dqn_final/bin'
[1.340s] Level 1:colcon.colcon_core.environment:checking '/home/grace/Documents/Diplomado_Robotica/16_01_ws/install/dqn_final/lib/pkgconfig/dqn_final.pc'
[1.340s] Level 1:colcon.colcon_core.environment:checking '/home/grace/Documents/Diplomado_Robotica/16_01_ws/install/dqn_final/lib/python3.12/site-packages'
[1.340s] Level 1:colcon.colcon_core.shell:create_environment_hook('dqn_final', 'pythonpath')
[1.340s] INFO:colcon.colcon_core.shell:Creating environment hook '/home/grace/Documents/Diplomado_Robotica/16_01_ws/install/dqn_final/share/dqn_final/hook/pythonpath.ps1'
[1.340s] INFO:colcon.colcon_core.shell:Creating environment descriptor '/home/grace/Documents/Diplomado_Robotica/16_01_ws/install/dqn_final/share/dqn_final/hook/pythonpath.dsv'
[1.340s] INFO:colcon.colcon_core.shell:Creating environment hook '/home/grace/Documents/Diplomado_Robotica/16_01_ws/install/dqn_final/share/dqn_final/hook/pythonpath.sh'
[1.341s] Level 1:colcon.colcon_core.environment:checking '/home/grace/Documents/Diplomado_Robotica/16_01_ws/install/dqn_final/bin'
[1.341s] Level 1:colcon.colcon_core.environment:create_environment_scripts_only(dqn_final)
[1.341s] INFO:colcon.colcon_core.shell:Creating package script '/home/grace/Documents/Diplomado_Robotica/16_01_ws/install/dqn_final/share/dqn_final/package.ps1'
[1.341s] INFO:colcon.colcon_core.shell:Creating package descriptor '/home/grace/Documents/Diplomado_Robotica/16_01_ws/install/dqn_final/share/dqn_final/package.dsv'
[1.342s] INFO:colcon.colcon_core.shell:Creating package script '/home/grace/Documents/Diplomado_Robotica/16_01_ws/install/dqn_final/share/dqn_final/package.sh'
[1.342s] INFO:colcon.colcon_core.shell:Creating package script '/home/grace/Documents/Diplomado_Robotica/16_01_ws/install/dqn_final/share/dqn_final/package.bash'
[1.342s] INFO:colcon.colcon_core.shell:Creating package script '/home/grace/Documents/Diplomado_Robotica/16_01_ws/install/dqn_final/share/dqn_final/package.zsh'
[1.342s] Level 1:colcon.colcon_core.environment:create_file_with_runtime_dependencies(/home/grace/Documents/Diplomado_Robotica/16_01_ws/install/dqn_final/share/colcon-core/packages/dqn_final)
[1.342s] DEBUG:colcon.colcon_parallel_executor.executor.parallel:closing loop
[1.342s] DEBUG:colcon.colcon_parallel_executor.executor.parallel:loop closed
[1.343s] DEBUG:colcon.colcon_parallel_executor.executor.parallel:run_until_complete finished with '0'
[1.343s] DEBUG:colcon.colcon_core.event_reactor:joining thread
[1.346s] INFO:colcon.colcon_core.plugin_system:Skipping extension 'colcon_notification.desktop_notification.terminal_notifier': Not used on non-Darwin systems
[1.346s] INFO:colcon.colcon_core.plugin_system:Skipping extension 'colcon_notification.desktop_notification.win32': Not used on non-Windows systems
[1.346s] INFO:colcon.colcon_notification.desktop_notification:Sending desktop notification using 'notify2'
[1.356s] DEBUG:colcon.colcon_core.event_reactor:joined thread
[1.356s] INFO:colcon.colcon_core.shell:Creating prefix script '/home/grace/Documents/Diplomado_Robotica/16_01_ws/install/local_setup.ps1'
[1.356s] INFO:colcon.colcon_core.shell:Creating prefix util module '/home/grace/Documents/Diplomado_Robotica/16_01_ws/install/_local_setup_util_ps1.py'
[1.357s] INFO:colcon.colcon_core.shell:Creating prefix chain script '/home/grace/Documents/Diplomado_Robotica/16_01_ws/install/setup.ps1'
[1.358s] INFO:colcon.colcon_core.shell:Creating prefix script '/home/grace/Documents/Diplomado_Robotica/16_01_ws/install/local_setup.sh'
[1.358s] INFO:colcon.colcon_core.shell:Creating prefix util module '/home/grace/Documents/Diplomado_Robotica/16_01_ws/install/_local_setup_util_sh.py'
[1.358s] INFO:colcon.colcon_core.shell:Creating prefix chain script '/home/grace/Documents/Diplomado_Robotica/16_01_ws/install/setup.sh'
[1.359s] INFO:colcon.colcon_core.shell:Creating prefix script '/home/grace/Documents/Diplomado_Robotica/16_01_ws/install/local_setup.bash'
[1.359s] INFO:colcon.colcon_core.shell:Creating prefix chain script '/home/grace/Documents/Diplomado_Robotica/16_01_ws/install/setup.bash'
[1.360s] INFO:colcon.colcon_core.shell:Creating prefix script '/home/grace/Documents/Diplomado_Robotica/16_01_ws/install/local_setup.zsh'
[1.360s] INFO:colcon.colcon_core.shell:Creating prefix chain script '/home/grace/Documents/Diplomado_Robotica/16_01_ws/install/setup.zsh'
