[0.585s] Invoking command in '/home/grace/Documents/Diplomado_Robotica/16_01_ws/src/dqn_final': DEBUGINFOD_URLS=https://debuginfod.ubuntu.com PYTHONPATH=/home/grace/Documents/Diplomado_Robotica/16_01_ws/build/dqn_final/prefix_override:/usr/lib/python3/dist-packages/colcon_core/task/python/colcon_distutils_commands:/home/grace/Documents/Diplomado_Robotica/16_01_ws/install/dqn_final/lib/python3.12/site-packages:${PYTHONPATH} /usr/bin/python3 -W ignore:setup.py install is deprecated -W ignore:easy_install command is deprecated setup.py egg_info --egg-base ../../build/dqn_final build --build-base /home/grace/Documents/Diplomado_Robotica/16_01_ws/build/dqn_final/build install --record /home/grace/Documents/Diplomado_Robotica/16_01_ws/build/dqn_final/install.log --single-version-externally-managed install_data
[0.775s] running egg_info
[0.789s] writing ../../build/dqn_final/dqn_final.egg-info/PKG-INFO
[0.789s] writing dependency_links to ../../build/dqn_final/dqn_final.egg-info/dependency_links.txt
[0.790s] writing entry points to ../../build/dqn_final/dqn_final.egg-info/entry_points.txt
[0.790s] writing requirements to ../../build/dqn_final/dqn_final.egg-info/requires.txt
[0.790s] writing top-level names to ../../build/dqn_final/dqn_final.egg-info/top_level.txt
[0.820s] reading manifest file '../../build/dqn_final/dqn_final.egg-info/SOURCES.txt'
[0.821s] writing manifest file '../../build/dqn_final/dqn_final.egg-info/SOURCES.txt'
[0.821s] running build
[0.821s] running build_py
[0.821s] copying dqn_final/environment.py -> /home/grace/Documents/Diplomado_Robotica/16_01_ws/build/dqn_final/build/lib/dqn_final
[0.821s] copying dqn_final/dqn_agent.py -> /home/grace/Documents/Diplomado_Robotica/16_01_ws/build/dqn_final/build/lib/dqn_final
[0.821s] copying dqn_final/train_node.py -> /home/grace/Documents/Diplomado_Robotica/16_01_ws/build/dqn_final/build/lib/dqn_final
[0.822s] running install
[0.826s] running install_lib
[0.842s] copying /home/grace/Documents/Diplomado_Robotica/16_01_ws/build/dqn_final/build/lib/dqn_final/environment.py -> /home/grace/Documents/Diplomado_Robotica/16_01_ws/install/dqn_final/lib/python3.12/site-packages/dqn_final
[0.842s] copying /home/grace/Documents/Diplomado_Robotica/16_01_ws/build/dqn_final/build/lib/dqn_final/dqn_agent.py -> /home/grace/Documents/Diplomado_Robotica/16_01_ws/install/dqn_final/lib/python3.12/site-packages/dqn_final
[0.843s] copying /home/grace/Documents/Diplomado_Robotica/16_01_ws/build/dqn_final/build/lib/dqn_final/train_node.py -> /home/grace/Documents/Diplomado_Robotica/16_01_ws/install/dqn_final/lib/python3.12/site-packages/dqn_final
[0.843s] byte-compiling /home/grace/Documents/Diplomado_Robotica/16_01_ws/install/dqn_final/lib/python3.12/site-packages/dqn_final/environment.py to environment.cpython-312.pyc
[0.844s] byte-compiling /home/grace/Documents/Diplomado_Robotica/16_01_ws/install/dqn_final/lib/python3.12/site-packages/dqn_final/dqn_agent.py to dqn_agent.cpython-312.pyc
[0.845s] byte-compiling /home/grace/Documents/Diplomado_Robotica/16_01_ws/install/dqn_final/lib/python3.12/site-packages/dqn_final/train_node.py to train_node.cpython-312.pyc
[0.846s] running install_data
[0.846s] running install_egg_info
[0.862s] removing '/home/grace/Documents/Diplomado_Robotica/16_01_ws/install/dqn_final/lib/python3.12/site-packages/dqn_final-0.0.0-py3.12.egg-info' (and everything under it)
[0.862s] Copying ../../build/dqn_final/dqn_final.egg-info to /home/grace/Documents/Diplomado_Robotica/16_01_ws/install/dqn_final/lib/python3.12/site-packages/dqn_final-0.0.0-py3.12.egg-info
[0.863s] running install_scripts
[0.960s] Installing reset_stage script to /home/grace/Documents/Diplomado_Robotica/16_01_ws/install/dqn_final/lib/dqn_final
[0.960s] Installing test_node script to /home/grace/Documents/Diplomado_Robotica/16_01_ws/install/dqn_final/lib/dqn_final
[0.960s] Installing train_node script to /home/grace/Documents/Diplomado_Robotica/16_01_ws/install/dqn_final/lib/dqn_final
[0.960s] writing list of installed files to '/home/grace/Documents/Diplomado_Robotica/16_01_ws/build/dqn_final/install.log'
[0.978s] Invoked command in '/home/grace/Documents/Diplomado_Robotica/16_01_ws/src/dqn_final' returned '0': DEBUGINFOD_URLS=https://debuginfod.ubuntu.com PYTHONPATH=/home/grace/Documents/Diplomado_Robotica/16_01_ws/build/dqn_final/prefix_override:/usr/lib/python3/dist-packages/colcon_core/task/python/colcon_distutils_commands:/home/grace/Documents/Diplomado_Robotica/16_01_ws/install/dqn_final/lib/python3.12/site-packages:${PYTHONPATH} /usr/bin/python3 -W ignore:setup.py install is deprecated -W ignore:easy_install command is deprecated setup.py egg_info --egg-base ../../build/dqn_final build --build-base /home/grace/Documents/Diplomado_Robotica/16_01_ws/build/dqn_final/build install --record /home/grace/Documents/Diplomado_Robotica/16_01_ws/build/dqn_final/install.log --single-version-externally-managed install_data
