[0.069s] DEBUG:colcon:Command line arguments: ['/usr/bin/colcon', 'build']
[0.069s] DEBUG:colcon:Parsed command line arguments: Namespace(log_base=None, log_level=None, verb_name='build', build_base='build', install_base='install', merge_install=False, symlink_install=False, test_result_base=None, continue_on_error=False, executor='parallel', parallel_workers=16, event_handlers=None, ignore_user_meta=False, metas=['./colcon.meta'], base_paths=['.'], packages_ignore=None, packages_ignore_regex=None, paths=None, packages_up_to=None, packages_up_to_regex=None, packages_above=None, packages_above_and_dependencies=None, packages_above_depth=None, packages_select_by_dep=None, packages_skip_by_dep=None, packages_skip_up_to=None, packages_select_build_failed=False, packages_skip_build_finished=False, packages_select_test_failures=False, packages_skip_test_passed=False, packages_select=None, packages_skip=None, packages_select_regex=None, packages_skip_regex=None, packages_start=None, packages_end=None, allow_overriding=[], cmake_args=None, cmake_target=None, cmake_target_skip_unavailable=False, cmake_clean_cache=False, cmake_clean_first=False, cmake_force_configure=False, ament_cmake_args=None, catkin_cmake_args=None, catkin_skip_building_tests=False, mixin_files=None, mixin=None, verb_parser=<colcon_mixin.mixin.mixin_argument.MixinArgumentDecorator object at 0x70ceb0ce3e60>, verb_extension=<colcon_core.verb.build.BuildVerb object at 0x70ceb04ba1b0>, main=<bound method BuildVerb.main of <colcon_core.verb.build.BuildVerb object at 0x70ceb04ba1b0>>, mixin_verb=('build',))
[0.093s] Level 1:colcon.colcon_core.package_discovery:discover_packages(colcon_meta) check parameters
[0.093s] Level 1:colcon.colcon_core.package_discovery:discover_packages(recursive) check parameters
[0.094s] Level 1:colcon.colcon_core.package_discovery:discover_packages(ignore) check parameters
[0.094s] Level 1:colcon.colcon_core.package_discovery:discover_packages(path) check parameters
[0.094s] Level 1:colcon.colcon_core.package_discovery:discover_packages(colcon_meta) discover
[0.094s] Level 1:colcon.colcon_core.package_discovery:discover_packages(recursive) discover
[0.094s] INFO:colcon.colcon_core.package_discovery:Crawling recursively for packages in '/home/grace/Documents/Diplomado_Robotica/16_01_ws'
[0.094s] Level 1:colcon.colcon_core.package_identification:_identify(.) by extensions ['ignore', 'ignore_ament_install']
[0.094s] Level 1:colcon.colcon_core.package_identification:_identify(.) by extension 'ignore'
[0.094s] Level 1:colcon.colcon_core.package_identification:_identify(.) by extension 'ignore_ament_install'
[0.094s] Level 1:colcon.colcon_core.package_identification:_identify(.) by extensions ['colcon_pkg']
[0.094s] Level 1:colcon.colcon_core.package_identification:_identify(.) by extension 'colcon_pkg'
[0.094s] Level 1:colcon.colcon_core.package_identification:_identify(.) by extensions ['colcon_meta']
[0.094s] Level 1:colcon.colcon_core.package_identification:_identify(.) by extension 'colcon_meta'
[0.094s] Level 1:colcon.colcon_core.package_identification:_identify(.) by extensions ['ros']
[0.094s] Level 1:colcon.colcon_core.package_identification:_identify(.) by extension 'ros'
[0.112s] Level 1:colcon.colcon_core.package_identification:_identify(.) by extensions ['cmake', 'python']
[0.112s] Level 1:colcon.colcon_core.package_identification:_identify(.) by extension 'cmake'
[0.112s] Level 1:colcon.colcon_core.package_identification:_identify(.) by extension 'python'
[0.112s] Level 1:colcon.colcon_core.package_identification:_identify(.) by extensions ['python_setup_py']
[0.112s] Level 1:colcon.colcon_core.package_identification:_identify(.) by extension 'python_setup_py'
[0.112s] Level 1:colcon.colcon_core.package_identification:_identify(assets) by extensions ['ignore', 'ignore_ament_install']
[0.112s] Level 1:colcon.colcon_core.package_identification:_identify(assets) by extension 'ignore'
[0.112s] Level 1:colcon.colcon_core.package_identification:_identify(assets) by extension 'ignore_ament_install'
[0.112s] Level 1:colcon.colcon_core.package_identification:_identify(assets) by extensions ['colcon_pkg']
[0.112s] Level 1:colcon.colcon_core.package_identification:_identify(assets) by extension 'colcon_pkg'
[0.112s] Level 1:colcon.colcon_core.package_identification:_identify(assets) by extensions ['colcon_meta']
[0.112s] Level 1:colcon.colcon_core.package_identification:_identify(assets) by extension 'colcon_meta'
[0.112s] Level 1:colcon.colcon_core.package_identification:_identify(assets) by extensions ['ros']
[0.112s] Level 1:colcon.colcon_core.package_identification:_identify(assets) by extension 'ros'
[0.112s] Level 1:colcon.colcon_core.package_identification:_identify(assets) by extensions ['cmake', 'python']
[0.112s] Level 1:colcon.colcon_core.package_identification:_identify(assets) by extension 'cmake'
[0.112s] Level 1:colcon.colcon_core.package_identification:_identify(assets) by extension 'python'
[0.112s] Level 1:colcon.colcon_core.package_identification:_identify(assets) by extensions ['python_setup_py']
[0.112s] Level 1:colcon.colcon_core.package_identification:_identify(assets) by extension 'python_setup_py'
[0.112s] Level 1:colcon.colcon_core.package_identification:_identify(build) by extensions ['ignore', 'ignore_ament_install']
[0.113s] Level 1:colcon.colcon_core.package_identification:_identify(build) by extension 'ignore'
[0.113s] Level 1:colcon.colcon_core.package_identification:_identify(build) ignored
[0.113s] Level 1:colcon.colcon_core.package_identification:_identify(install) by extensions ['ignore', 'ignore_ament_install']
[0.113s] Level 1:colcon.colcon_core.package_identification:_identify(install) by extension 'ignore'
[0.113s] Level 1:colcon.colcon_core.package_identification:_identify(install) ignored
[0.113s] Level 1:colcon.colcon_core.package_identification:_identify(log) by extensions ['ignore', 'ignore_ament_install']
[0.113s] Level 1:colcon.colcon_core.package_identification:_identify(log) by extension 'ignore'
[0.113s] Level 1:colcon.colcon_core.package_identification:_identify(log) ignored
[0.113s] Level 1:colcon.colcon_core.package_identification:_identify(src) by extensions ['ignore', 'ignore_ament_install']
[0.113s] Level 1:colcon.colcon_core.package_identification:_identify(src) by extension 'ignore'
[0.113s] Level 1:colcon.colcon_core.package_identification:_identify(src) by extension 'ignore_ament_install'
[0.113s] Level 1:colcon.colcon_core.package_identification:_identify(src) by extensions ['colcon_pkg']
[0.113s] Level 1:colcon.colcon_core.package_identification:_identify(src) by extension 'colcon_pkg'
[0.113s] Level 1:colcon.colcon_core.package_identification:_identify(src) by extensions ['colcon_meta']
[0.113s] Level 1:colcon.colcon_core.package_identification:_identify(src) by extension 'colcon_meta'
[0.113s] Level 1:colcon.colcon_core.package_identification:_identify(src) by extensions ['ros']
[0.113s] Level 1:colcon.colcon_core.package_identification:_identify(src) by extension 'ros'
[0.113s] Level 1:colcon.colcon_core.package_identification:_identify(src) by extensions ['cmake', 'python']
[0.113s] Level 1:colcon.colcon_core.package_identification:_identify(src) by extension 'cmake'
[0.113s] Level 1:colcon.colcon_core.package_identification:_identify(src) by extension 'python'
[0.113s] Level 1:colcon.colcon_core.package_identification:_identify(src) by extensions ['python_setup_py']
[0.113s] Level 1:colcon.colcon_core.package_identification:_identify(src) by extension 'python_setup_py'
[0.113s] Level 1:colcon.colcon_core.package_identification:_identify(src/Stage) by extensions ['ignore', 'ignore_ament_install']
[0.113s] Level 1:colcon.colcon_core.package_identification:_identify(src/Stage) by extension 'ignore'
[0.113s] Level 1:colcon.colcon_core.package_identification:_identify(src/Stage) by extension 'ignore_ament_install'
[0.114s] Level 1:colcon.colcon_core.package_identification:_identify(src/Stage) by extensions ['colcon_pkg']
[0.114s] Level 1:colcon.colcon_core.package_identification:_identify(src/Stage) by extension 'colcon_pkg'
[0.114s] Level 1:colcon.colcon_core.package_identification:_identify(src/Stage) by extensions ['colcon_meta']
[0.114s] Level 1:colcon.colcon_core.package_identification:_identify(src/Stage) by extension 'colcon_meta'
[0.114s] Level 1:colcon.colcon_core.package_identification:_identify(src/Stage) by extensions ['ros']
[0.114s] Level 1:colcon.colcon_core.package_identification:_identify(src/Stage) by extension 'ros'
[0.115s] DEBUG:colcon.colcon_core.package_identification:Package 'src/Stage' with type 'ros.catkin' and name 'stage'
[0.115s] Level 1:colcon.colcon_core.package_identification:_identify(src/dqn_final) by extensions ['ignore', 'ignore_ament_install']
[0.116s] Level 1:colcon.colcon_core.package_identification:_identify(src/dqn_final) by extension 'ignore'
[0.116s] Level 1:colcon.colcon_core.package_identification:_identify(src/dqn_final) by extension 'ignore_ament_install'
[0.116s] Level 1:colcon.colcon_core.package_identification:_identify(src/dqn_final) by extensions ['colcon_pkg']
[0.116s] Level 1:colcon.colcon_core.package_identification:_identify(src/dqn_final) by extension 'colcon_pkg'
[0.116s] Level 1:colcon.colcon_core.package_identification:_identify(src/dqn_final) by extensions ['colcon_meta']
[0.116s] Level 1:colcon.colcon_core.package_identification:_identify(src/dqn_final) by extension 'colcon_meta'
[0.116s] Level 1:colcon.colcon_core.package_identification:_identify(src/dqn_final) by extensions ['ros']
[0.116s] Level 1:colcon.colcon_core.package_identification:_identify(src/dqn_final) by extension 'ros'
[0.116s] DEBUG:colcon.colcon_core.package_identification:Package 'src/dqn_final' with type 'ros.ament_python' and name 'dqn_final'
[0.116s] Level 1:colcon.colcon_core.package_identification:_identify(src/labo_dqn) by extensions ['ignore', 'ignore_ament_install']
[0.116s] Level 1:colcon.colcon_core.package_identification:_identify(src/labo_dqn) by extension 'ignore'
[0.116s] Level 1:colcon.colcon_core.package_identification:_identify(src/labo_dqn) by extension 'ignore_ament_install'
[0.116s] Level 1:colcon.colcon_core.package_identification:_identify(src/labo_dqn) by extensions ['colcon_pkg']
[0.116s] Level 1:colcon.colcon_core.package_identification:_identify(src/labo_dqn) by extension 'colcon_pkg'
[0.116s] Level 1:colcon.colcon_core.package_identification:_identify(src/labo_dqn) by extensions ['colcon_meta']
[0.116s] Level 1:colcon.colcon_core.package_identification:_identify(src/labo_dqn) by extension 'colcon_meta'
[0.116s] Level 1:colcon.colcon_core.package_identification:_identify(src/labo_dqn) by extensions ['ros']
[0.116s] Level 1:colcon.colcon_core.package_identification:_identify(src/labo_dqn) by extension 'ros'
[0.117s] DEBUG:colcon.colcon_core.package_identification:Package 'src/labo_dqn' with type 'ros.ament_python' and name 'labo_dqn'
[0.117s] Level 1:colcon.colcon_core.package_identification:_identify(src/stage_ros2) by extensions ['ignore', 'ignore_ament_install']
[0.117s] Level 1:colcon.colcon_core.package_identification:_identify(src/stage_ros2) by extension 'ignore'
[0.117s] Level 1:colcon.colcon_core.package_identification:_identify(src/stage_ros2) by extension 'ignore_ament_install'
[0.117s] Level 1:colcon.colcon_core.package_identification:_identify(src/stage_ros2) by extensions ['colcon_pkg']
[0.117s] Level 1:colcon.colcon_core.package_identification:_identify(src/stage_ros2) by extension 'colcon_pkg'
[0.117s] Level 1:colcon.colcon_core.package_identification:_identify(src/stage_ros2) by extensions ['colcon_meta']
[0.117s] Level 1:colcon.colcon_core.package_identification:_identify(src/stage_ros2) by extension 'colcon_meta'
[0.117s] Level 1:colcon.colcon_core.package_identification:_identify(src/stage_ros2) by extensions ['ros']
[0.117s] Level 1:colcon.colcon_core.package_identification:_identify(src/stage_ros2) by extension 'ros'
[0.118s] DEBUG:colcon.colcon_core.package_identification:Package 'src/stage_ros2' with type 'ros.ament_cmake' and name 'stage_ros2'
[0.118s] Level 1:colcon.colcon_core.package_discovery:discover_packages(recursive) using defaults
[0.118s] Level 1:colcon.colcon_core.package_discovery:discover_packages(ignore) discover
[0.118s] Level 1:colcon.colcon_core.package_discovery:discover_packages(ignore) using defaults
[0.118s] Level 1:colcon.colcon_core.package_discovery:discover_packages(path) discover
[0.118s] Level 1:colcon.colcon_core.package_discovery:discover_packages(path) using defaults
[0.130s] Level 1:colcon.colcon_core.package_discovery:discover_packages(prefix_path) check parameters
[0.130s] Level 1:colcon.colcon_core.package_discovery:discover_packages(prefix_path) discover
[0.130s] WARNING:colcon.colcon_ros.prefix_path.ament:The path '/home/grace/Documents/Diplomado_Robotica/16_01_ws/install/stage_ros2' in the environment variable AMENT_PREFIX_PATH doesn't exist
[0.130s] WARNING:colcon.colcon_ros.prefix_path.ament:The path '/home/grace/Documents/Diplomado_Robotica/16_01_ws/install/labo_dqn' in the environment variable AMENT_PREFIX_PATH doesn't exist
[0.130s] WARNING:colcon.colcon_ros.prefix_path.catkin:The path '/home/grace/Documents/Diplomado_Robotica/16_01_ws/install/stage_ros2' in the environment variable CMAKE_PREFIX_PATH doesn't exist
[0.130s] WARNING:colcon.colcon_ros.prefix_path.catkin:The path '/home/grace/Documents/Diplomado_Robotica/16_01_ws/install/stage' in the environment variable CMAKE_PREFIX_PATH doesn't exist
[0.131s] DEBUG:colcon.colcon_installed_package_information.package_discovery:Found 1 installed packages in /home/grace/Documents/Diplomado_Robotica/16_01_ws/install
[0.132s] DEBUG:colcon.colcon_installed_package_information.package_discovery:Found 498 installed packages in /opt/ros/jazzy
[0.134s] Level 1:colcon.colcon_core.package_discovery:discover_packages(prefix_path) using defaults
[0.174s] Level 5:colcon.colcon_core.verb:set package 'dqn_final' build argument 'cmake_args' from command line to 'None'
[0.174s] Level 5:colcon.colcon_core.verb:set package 'dqn_final' build argument 'cmake_target' from command line to 'None'
[0.174s] Level 5:colcon.colcon_core.verb:set package 'dqn_final' build argument 'cmake_target_skip_unavailable' from command line to 'False'
[0.174s] Level 5:colcon.colcon_core.verb:set package 'dqn_final' build argument 'cmake_clean_cache' from command line to 'False'
[0.174s] Level 5:colcon.colcon_core.verb:set package 'dqn_final' build argument 'cmake_clean_first' from command line to 'False'
[0.174s] Level 5:colcon.colcon_core.verb:set package 'dqn_final' build argument 'cmake_force_configure' from command line to 'False'
[0.174s] Level 5:colcon.colcon_core.verb:set package 'dqn_final' build argument 'ament_cmake_args' from command line to 'None'
[0.174s] Level 5:colcon.colcon_core.verb:set package 'dqn_final' build argument 'catkin_cmake_args' from command line to 'None'
[0.174s] Level 5:colcon.colcon_core.verb:set package 'dqn_final' build argument 'catkin_skip_building_tests' from command line to 'False'
[0.174s] DEBUG:colcon.colcon_core.verb:Building package 'dqn_final' with the following arguments: {'ament_cmake_args': None, 'build_base': '/home/grace/Documents/Diplomado_Robotica/16_01_ws/build/dqn_final', 'catkin_cmake_args': None, 'catkin_skip_building_tests': False, 'cmake_args': None, 'cmake_clean_cache': False, 'cmake_clean_first': False, 'cmake_force_configure': False, 'cmake_target': None, 'cmake_target_skip_unavailable': False, 'install_base': '/home/grace/Documents/Diplomado_Robotica/16_01_ws/install/dqn_final', 'merge_install': False, 'path': '/home/grace/Documents/Diplomado_Robotica/16_01_ws/src/dqn_final', 'symlink_install': False, 'test_result_base': None}
[0.175s] Level 5:colcon.colcon_core.verb:set package 'labo_dqn' build argument 'cmake_args' from command line to 'None'
[0.175s] Level 5:colcon.colcon_core.verb:set package 'labo_dqn' build argument 'cmake_target' from command line to 'None'
[0.175s] Level 5:colcon.colcon_core.verb:set package 'labo_dqn' build argument 'cmake_target_skip_unavailable' from command line to 'False'
[0.175s] Level 5:colcon.colcon_core.verb:set package 'labo_dqn' build argument 'cmake_clean_cache' from command line to 'False'
[0.175s] Level 5:colcon.colcon_core.verb:set package 'labo_dqn' build argument 'cmake_clean_first' from command line to 'False'
[0.175s] Level 5:colcon.colcon_core.verb:set package 'labo_dqn' build argument 'cmake_force_configure' from command line to 'False'
[0.175s] Level 5:colcon.colcon_core.verb:set package 'labo_dqn' build argument 'ament_cmake_args' from command line to 'None'
[0.175s] Level 5:colcon.colcon_core.verb:set package 'labo_dqn' build argument 'catkin_cmake_args' from command line to 'None'
[0.175s] Level 5:colcon.colcon_core.verb:set package 'labo_dqn' build argument 'catkin_skip_building_tests' from command line to 'False'
[0.175s] DEBUG:colcon.colcon_core.verb:Building package 'labo_dqn' with the following arguments: {'ament_cmake_args': None, 'build_base': '/home/grace/Documents/Diplomado_Robotica/16_01_ws/build/labo_dqn', 'catkin_cmake_args': None, 'catkin_skip_building_tests': False, 'cmake_args': None, 'cmake_clean_cache': False, 'cmake_clean_first': False, 'cmake_force_configure': False, 'cmake_target': None, 'cmake_target_skip_unavailable': False, 'install_base': '/home/grace/Documents/Diplomado_Robotica/16_01_ws/install/labo_dqn', 'merge_install': False, 'path': '/home/grace/Documents/Diplomado_Robotica/16_01_ws/src/labo_dqn', 'symlink_install': False, 'test_result_base': None}
[0.175s] Level 5:colcon.colcon_core.verb:set package 'stage' build argument 'cmake_args' from command line to 'None'
[0.175s] Level 5:colcon.colcon_core.verb:set package 'stage' build argument 'cmake_target' from command line to 'None'
[0.175s] Level 5:colcon.colcon_core.verb:set package 'stage' build argument 'cmake_target_skip_unavailable' from command line to 'False'
[0.175s] Level 5:colcon.colcon_core.verb:set package 'stage' build argument 'cmake_clean_cache' from command line to 'False'
[0.175s] Level 5:colcon.colcon_core.verb:set package 'stage' build argument 'cmake_clean_first' from command line to 'False'
[0.175s] Level 5:colcon.colcon_core.verb:set package 'stage' build argument 'cmake_force_configure' from command line to 'False'
[0.175s] Level 5:colcon.colcon_core.verb:set package 'stage' build argument 'ament_cmake_args' from command line to 'None'
[0.175s] Level 5:colcon.colcon_core.verb:set package 'stage' build argument 'catkin_cmake_args' from command line to 'None'
[0.175s] Level 5:colcon.colcon_core.verb:set package 'stage' build argument 'catkin_skip_building_tests' from command line to 'False'
[0.175s] DEBUG:colcon.colcon_core.verb:Building package 'stage' with the following arguments: {'ament_cmake_args': None, 'build_base': '/home/grace/Documents/Diplomado_Robotica/16_01_ws/build/stage', 'catkin_cmake_args': None, 'catkin_skip_building_tests': False, 'cmake_args': None, 'cmake_clean_cache': False, 'cmake_clean_first': False, 'cmake_force_configure': False, 'cmake_target': None, 'cmake_target_skip_unavailable': False, 'install_base': '/home/grace/Documents/Diplomado_Robotica/16_01_ws/install/stage', 'merge_install': False, 'path': '/home/grace/Documents/Diplomado_Robotica/16_01_ws/src/Stage', 'symlink_install': False, 'test_result_base': None}
[0.175s] Level 5:colcon.colcon_core.verb:set package 'stage_ros2' build argument 'cmake_args' from command line to 'None'
[0.175s] Level 5:colcon.colcon_core.verb:set package 'stage_ros2' build argument 'cmake_target' from command line to 'None'
[0.175s] Level 5:colcon.colcon_core.verb:set package 'stage_ros2' build argument 'cmake_target_skip_unavailable' from command line to 'False'
[0.175s] Level 5:colcon.colcon_core.verb:set package 'stage_ros2' build argument 'cmake_clean_cache' from command line to 'False'
[0.175s] Level 5:colcon.colcon_core.verb:set package 'stage_ros2' build argument 'cmake_clean_first' from command line to 'False'
[0.175s] Level 5:colcon.colcon_core.verb:set package 'stage_ros2' build argument 'cmake_force_configure' from command line to 'False'
[0.175s] Level 5:colcon.colcon_core.verb:set package 'stage_ros2' build argument 'ament_cmake_args' from command line to 'None'
[0.175s] Level 5:colcon.colcon_core.verb:set package 'stage_ros2' build argument 'catkin_cmake_args' from command line to 'None'
[0.175s] Level 5:colcon.colcon_core.verb:set package 'stage_ros2' build argument 'catkin_skip_building_tests' from command line to 'False'
[0.175s] DEBUG:colcon.colcon_core.verb:Building package 'stage_ros2' with the following arguments: {'ament_cmake_args': None, 'build_base': '/home/grace/Documents/Diplomado_Robotica/16_01_ws/build/stage_ros2', 'catkin_cmake_args': None, 'catkin_skip_building_tests': False, 'cmake_args': None, 'cmake_clean_cache': False, 'cmake_clean_first': False, 'cmake_force_configure': False, 'cmake_target': None, 'cmake_target_skip_unavailable': False, 'install_base': '/home/grace/Documents/Diplomado_Robotica/16_01_ws/install/stage_ros2', 'merge_install': False, 'path': '/home/grace/Documents/Diplomado_Robotica/16_01_ws/src/stage_ros2', 'symlink_install': False, 'test_result_base': None}
[0.175s] INFO:colcon.colcon_core.executor:Executing jobs using 'parallel' executor
[0.176s] DEBUG:colcon.colcon_parallel_executor.executor.parallel:run_until_complete
[0.176s] INFO:colcon.colcon_ros.task.catkin.build:Building ROS package in '/home/grace/Documents/Diplomado_Robotica/16_01_ws/src/Stage' with build type 'catkin'
[0.176s] INFO:colcon.colcon_cmake.task.cmake.build:Building CMake package in '/home/grace/Documents/Diplomado_Robotica/16_01_ws/src/Stage'
[0.177s] INFO:colcon.colcon_core.plugin_system:Skipping extension 'colcon_core.shell.bat': Not used on non-Windows systems
[0.177s] INFO:colcon.colcon_core.shell:Skip shell extension 'powershell' for command environment: Not usable outside of PowerShell
[0.177s] DEBUG:colcon.colcon_core.shell:Skip shell extension 'dsv' for command environment
[0.180s] INFO:colcon.colcon_ros.task.ament_python.build:Building ROS package in '/home/grace/Documents/Diplomado_Robotica/16_01_ws/src/dqn_final' with build type 'ament_python'
[0.181s] Level 1:colcon.colcon_core.shell:create_environment_hook('dqn_final', 'ament_prefix_path')
[0.181s] INFO:colcon.colcon_core.shell:Creating environment hook '/home/grace/Documents/Diplomado_Robotica/16_01_ws/install/dqn_final/share/dqn_final/hook/ament_prefix_path.ps1'
[0.181s] INFO:colcon.colcon_core.shell:Creating environment descriptor '/home/grace/Documents/Diplomado_Robotica/16_01_ws/install/dqn_final/share/dqn_final/hook/ament_prefix_path.dsv'
[0.181s] INFO:colcon.colcon_core.shell:Creating environment hook '/home/grace/Documents/Diplomado_Robotica/16_01_ws/install/dqn_final/share/dqn_final/hook/ament_prefix_path.sh'
[0.182s] INFO:colcon.colcon_core.shell:Skip shell extension 'powershell' for command environment: Not usable outside of PowerShell
[0.182s] DEBUG:colcon.colcon_core.shell:Skip shell extension 'dsv' for command environment
[0.184s] INFO:colcon.colcon_ros.task.ament_python.build:Building ROS package in '/home/grace/Documents/Diplomado_Robotica/16_01_ws/src/labo_dqn' with build type 'ament_python'
[0.184s] Level 1:colcon.colcon_core.shell:create_environment_hook('labo_dqn', 'ament_prefix_path')
[0.184s] INFO:colcon.colcon_core.shell:Creating environment hook '/home/grace/Documents/Diplomado_Robotica/16_01_ws/install/labo_dqn/share/labo_dqn/hook/ament_prefix_path.ps1'
[0.185s] INFO:colcon.colcon_core.shell:Creating environment descriptor '/home/grace/Documents/Diplomado_Robotica/16_01_ws/install/labo_dqn/share/labo_dqn/hook/ament_prefix_path.dsv'
[0.185s] INFO:colcon.colcon_core.shell:Creating environment hook '/home/grace/Documents/Diplomado_Robotica/16_01_ws/install/labo_dqn/share/labo_dqn/hook/ament_prefix_path.sh'
[0.185s] INFO:colcon.colcon_core.shell:Skip shell extension 'powershell' for command environment: Not usable outside of PowerShell
[0.185s] DEBUG:colcon.colcon_core.shell:Skip shell extension 'dsv' for command environment
[0.197s] DEBUG:colcon.colcon_core.event_handler.log_command:Invoking command in '/home/grace/Documents/Diplomado_Robotica/16_01_ws/build/stage': DEBUGINFOD_URLS=https://debuginfod.ubuntu.com /usr/bin/cmake /home/grace/Documents/Diplomado_Robotica/16_01_ws/src/Stage -DCATKIN_INSTALL_INTO_PREFIX_ROOT=0 -DCMAKE_INSTALL_PREFIX=/home/grace/Documents/Diplomado_Robotica/16_01_ws/install/stage
[0.365s] INFO:colcon.colcon_core.task.python.build:Building Python package in '/home/grace/Documents/Diplomado_Robotica/16_01_ws/src/dqn_final'
[0.365s] INFO:colcon.colcon_core.shell:Skip shell extension 'powershell' for command environment: Not usable outside of PowerShell
[0.365s] DEBUG:colcon.colcon_core.shell:Skip shell extension 'dsv' for command environment
[0.524s] INFO:colcon.colcon_core.task.python.build:Building Python package in '/home/grace/Documents/Diplomado_Robotica/16_01_ws/src/labo_dqn'
[0.524s] INFO:colcon.colcon_core.shell:Skip shell extension 'powershell' for command environment: Not usable outside of PowerShell
[0.524s] DEBUG:colcon.colcon_core.shell:Skip shell extension 'dsv' for command environment
[0.976s] DEBUG:colcon.colcon_core.event_handler.log_command:Invoking command in '/home/grace/Documents/Diplomado_Robotica/16_01_ws/src/dqn_final': DEBUGINFOD_URLS=https://debuginfod.ubuntu.com PYTHONPATH=/home/grace/Documents/Diplomado_Robotica/16_01_ws/build/dqn_final/prefix_override:/usr/lib/python3/dist-packages/colcon_core/task/python/colcon_distutils_commands:/home/grace/Documents/Diplomado_Robotica/16_01_ws/install/dqn_final/lib/python3.12/site-packages:${PYTHONPATH} /usr/bin/python3 -W ignore:setup.py install is deprecated -W ignore:easy_install command is deprecated setup.py egg_info --egg-base ../../build/dqn_final build --build-base /home/grace/Documents/Diplomado_Robotica/16_01_ws/build/dqn_final/build install --record /home/grace/Documents/Diplomado_Robotica/16_01_ws/build/dqn_final/install.log --single-version-externally-managed install_data
[0.992s] DEBUG:colcon.colcon_core.event_handler.log_command:Invoking command in '/home/grace/Documents/Diplomado_Robotica/16_01_ws/src/labo_dqn': DEBUGINFOD_URLS=https://debuginfod.ubuntu.com PYTHONPATH=/home/grace/Documents/Diplomado_Robotica/16_01_ws/build/labo_dqn/prefix_override:/usr/lib/python3/dist-packages/colcon_core/task/python/colcon_distutils_commands:/home/grace/Documents/Diplomado_Robotica/16_01_ws/install/labo_dqn/lib/python3.12/site-packages:${PYTHONPATH} /usr/bin/python3 -W ignore:setup.py install is deprecated -W ignore:easy_install command is deprecated setup.py egg_info --egg-base ../../build/labo_dqn build --build-base /home/grace/Documents/Diplomado_Robotica/16_01_ws/build/labo_dqn/build install --record /home/grace/Documents/Diplomado_Robotica/16_01_ws/build/labo_dqn/install.log --single-version-externally-managed install_data
[1.231s] DEBUG:colcon.colcon_core.event_handler.log_command:Invoked command in '/home/grace/Documents/Diplomado_Robotica/16_01_ws/build/stage' returned '0': DEBUGINFOD_URLS=https://debuginfod.ubuntu.com /usr/bin/cmake /home/grace/Documents/Diplomado_Robotica/16_01_ws/src/Stage -DCATKIN_INSTALL_INTO_PREFIX_ROOT=0 -DCMAKE_INSTALL_PREFIX=/home/grace/Documents/Diplomado_Robotica/16_01_ws/install/stage
[1.232s] DEBUG:colcon.colcon_core.event_handler.log_command:Invoking command in '/home/grace/Documents/Diplomado_Robotica/16_01_ws/build/stage': DEBUGINFOD_URLS=https://debuginfod.ubuntu.com /usr/bin/cmake --build /home/grace/Documents/Diplomado_Robotica/16_01_ws/build/stage -- -j16 -l16
[1.604s] DEBUG:colcon.colcon_core.event_handler.log_command:Invoked command in '/home/grace/Documents/Diplomado_Robotica/16_01_ws/src/labo_dqn' returned '0': DEBUGINFOD_URLS=https://debuginfod.ubuntu.com PYTHONPATH=/home/grace/Documents/Diplomado_Robotica/16_01_ws/build/labo_dqn/prefix_override:/usr/lib/python3/dist-packages/colcon_core/task/python/colcon_distutils_commands:/home/grace/Documents/Diplomado_Robotica/16_01_ws/install/labo_dqn/lib/python3.12/site-packages:${PYTHONPATH} /usr/bin/python3 -W ignore:setup.py install is deprecated -W ignore:easy_install command is deprecated setup.py egg_info --egg-base ../../build/labo_dqn build --build-base /home/grace/Documents/Diplomado_Robotica/16_01_ws/build/labo_dqn/build install --record /home/grace/Documents/Diplomado_Robotica/16_01_ws/build/labo_dqn/install.log --single-version-externally-managed install_data
[1.608s] Level 1:colcon.colcon_core.environment:checking '/home/grace/Documents/Diplomado_Robotica/16_01_ws/install/labo_dqn' for CMake module files
[1.609s] Level 1:colcon.colcon_core.environment:checking '/home/grace/Documents/Diplomado_Robotica/16_01_ws/install/labo_dqn' for CMake config files
[1.612s] Level 1:colcon.colcon_core.environment:checking '/home/grace/Documents/Diplomado_Robotica/16_01_ws/install/labo_dqn/lib'
[1.621s] Level 1:colcon.colcon_core.environment:checking '/home/grace/Documents/Diplomado_Robotica/16_01_ws/install/labo_dqn/bin'
[1.621s] Level 1:colcon.colcon_core.environment:checking '/home/grace/Documents/Diplomado_Robotica/16_01_ws/install/labo_dqn/lib/pkgconfig/labo_dqn.pc'
[1.621s] Level 1:colcon.colcon_core.environment:checking '/home/grace/Documents/Diplomado_Robotica/16_01_ws/install/labo_dqn/lib/python3.12/site-packages'
[1.621s] Level 1:colcon.colcon_core.shell:create_environment_hook('labo_dqn', 'pythonpath')
[1.622s] INFO:colcon.colcon_core.shell:Creating environment hook '/home/grace/Documents/Diplomado_Robotica/16_01_ws/install/labo_dqn/share/labo_dqn/hook/pythonpath.ps1'
[1.622s] INFO:colcon.colcon_core.shell:Creating environment descriptor '/home/grace/Documents/Diplomado_Robotica/16_01_ws/install/labo_dqn/share/labo_dqn/hook/pythonpath.dsv'
[1.623s] INFO:colcon.colcon_core.shell:Creating environment hook '/home/grace/Documents/Diplomado_Robotica/16_01_ws/install/labo_dqn/share/labo_dqn/hook/pythonpath.sh'
[1.624s] Level 1:colcon.colcon_core.environment:checking '/home/grace/Documents/Diplomado_Robotica/16_01_ws/install/labo_dqn/bin'
[1.624s] Level 1:colcon.colcon_core.environment:create_environment_scripts_only(labo_dqn)
[1.624s] INFO:colcon.colcon_core.shell:Creating package script '/home/grace/Documents/Diplomado_Robotica/16_01_ws/install/labo_dqn/share/labo_dqn/package.ps1'
[1.625s] INFO:colcon.colcon_core.shell:Creating package descriptor '/home/grace/Documents/Diplomado_Robotica/16_01_ws/install/labo_dqn/share/labo_dqn/package.dsv'
[1.625s] INFO:colcon.colcon_core.shell:Creating package script '/home/grace/Documents/Diplomado_Robotica/16_01_ws/install/labo_dqn/share/labo_dqn/package.sh'
[1.626s] INFO:colcon.colcon_core.shell:Creating package script '/home/grace/Documents/Diplomado_Robotica/16_01_ws/install/labo_dqn/share/labo_dqn/package.bash'
[1.627s] INFO:colcon.colcon_core.shell:Creating package script '/home/grace/Documents/Diplomado_Robotica/16_01_ws/install/labo_dqn/share/labo_dqn/package.zsh'
[1.628s] Level 1:colcon.colcon_core.environment:create_file_with_runtime_dependencies(/home/grace/Documents/Diplomado_Robotica/16_01_ws/install/labo_dqn/share/colcon-core/packages/labo_dqn)
[1.629s] Level 1:colcon.colcon_core.environment:checking '/home/grace/Documents/Diplomado_Robotica/16_01_ws/install/dqn_final' for CMake module files
[1.629s] Level 1:colcon.colcon_core.environment:checking '/home/grace/Documents/Diplomado_Robotica/16_01_ws/install/dqn_final' for CMake config files
[1.630s] DEBUG:colcon.colcon_core.event_handler.log_command:Invoked command in '/home/grace/Documents/Diplomado_Robotica/16_01_ws/src/dqn_final' returned '0': DEBUGINFOD_URLS=https://debuginfod.ubuntu.com PYTHONPATH=/home/grace/Documents/Diplomado_Robotica/16_01_ws/build/dqn_final/prefix_override:/usr/lib/python3/dist-packages/colcon_core/task/python/colcon_distutils_commands:/home/grace/Documents/Diplomado_Robotica/16_01_ws/install/dqn_final/lib/python3.12/site-packages:${PYTHONPATH} /usr/bin/python3 -W ignore:setup.py install is deprecated -W ignore:easy_install command is deprecated setup.py egg_info --egg-base ../../build/dqn_final build --build-base /home/grace/Documents/Diplomado_Robotica/16_01_ws/build/dqn_final/build install --record /home/grace/Documents/Diplomado_Robotica/16_01_ws/build/dqn_final/install.log --single-version-externally-managed install_data
[1.632s] Level 1:colcon.colcon_core.environment:checking '/home/grace/Documents/Diplomado_Robotica/16_01_ws/install/dqn_final/lib'
[1.634s] Level 1:colcon.colcon_core.environment:checking '/home/grace/Documents/Diplomado_Robotica/16_01_ws/install/dqn_final/bin'
[1.634s] Level 1:colcon.colcon_core.environment:checking '/home/grace/Documents/Diplomado_Robotica/16_01_ws/install/dqn_final/lib/pkgconfig/dqn_final.pc'
[1.635s] Level 1:colcon.colcon_core.environment:checking '/home/grace/Documents/Diplomado_Robotica/16_01_ws/install/dqn_final/lib/python3.12/site-packages'
[1.635s] Level 1:colcon.colcon_core.shell:create_environment_hook('dqn_final', 'pythonpath')
[1.635s] INFO:colcon.colcon_core.shell:Creating environment hook '/home/grace/Documents/Diplomado_Robotica/16_01_ws/install/dqn_final/share/dqn_final/hook/pythonpath.ps1'
[1.636s] INFO:colcon.colcon_core.shell:Creating environment descriptor '/home/grace/Documents/Diplomado_Robotica/16_01_ws/install/dqn_final/share/dqn_final/hook/pythonpath.dsv'
[1.637s] INFO:colcon.colcon_core.shell:Creating environment hook '/home/grace/Documents/Diplomado_Robotica/16_01_ws/install/dqn_final/share/dqn_final/hook/pythonpath.sh'
[1.638s] Level 1:colcon.colcon_core.environment:checking '/home/grace/Documents/Diplomado_Robotica/16_01_ws/install/dqn_final/bin'
[1.638s] Level 1:colcon.colcon_core.environment:create_environment_scripts_only(dqn_final)
[1.638s] INFO:colcon.colcon_core.shell:Creating package script '/home/grace/Documents/Diplomado_Robotica/16_01_ws/install/dqn_final/share/dqn_final/package.ps1'
[1.639s] INFO:colcon.colcon_core.shell:Creating package descriptor '/home/grace/Documents/Diplomado_Robotica/16_01_ws/install/dqn_final/share/dqn_final/package.dsv'
[1.640s] INFO:colcon.colcon_core.shell:Creating package script '/home/grace/Documents/Diplomado_Robotica/16_01_ws/install/dqn_final/share/dqn_final/package.sh'
[1.640s] INFO:colcon.colcon_core.shell:Creating package script '/home/grace/Documents/Diplomado_Robotica/16_01_ws/install/dqn_final/share/dqn_final/package.bash'
[1.640s] INFO:colcon.colcon_core.shell:Creating package script '/home/grace/Documents/Diplomado_Robotica/16_01_ws/install/dqn_final/share/dqn_final/package.zsh'
[1.641s] Level 1:colcon.colcon_core.environment:create_file_with_runtime_dependencies(/home/grace/Documents/Diplomado_Robotica/16_01_ws/install/dqn_final/share/colcon-core/packages/dqn_final)
[6.264s] DEBUG:colcon.colcon_core.event_handler.log_command:Invoked command in '/home/grace/Documents/Diplomado_Robotica/16_01_ws/build/stage' returned '0': DEBUGINFOD_URLS=https://debuginfod.ubuntu.com /usr/bin/cmake --build /home/grace/Documents/Diplomado_Robotica/16_01_ws/build/stage -- -j16 -l16
[6.271s] DEBUG:colcon.colcon_core.event_handler.log_command:Invoking command in '/home/grace/Documents/Diplomado_Robotica/16_01_ws/build/stage': DEBUGINFOD_URLS=https://debuginfod.ubuntu.com /usr/bin/cmake --install /home/grace/Documents/Diplomado_Robotica/16_01_ws/build/stage
[6.295s] DEBUG:colcon.colcon_core.event_handler.log_command:Invoked command in '/home/grace/Documents/Diplomado_Robotica/16_01_ws/build/stage' returned '0': DEBUGINFOD_URLS=https://debuginfod.ubuntu.com /usr/bin/cmake --install /home/grace/Documents/Diplomado_Robotica/16_01_ws/build/stage
[6.295s] Level 1:colcon.colcon_core.shell:create_environment_hook('stage', 'ros_package_path')
[6.295s] INFO:colcon.colcon_core.shell:Creating environment hook '/home/grace/Documents/Diplomado_Robotica/16_01_ws/install/stage/share/stage/hook/ros_package_path.ps1'
[6.296s] INFO:colcon.colcon_core.shell:Creating environment descriptor '/home/grace/Documents/Diplomado_Robotica/16_01_ws/install/stage/share/stage/hook/ros_package_path.dsv'
[6.296s] INFO:colcon.colcon_core.shell:Creating environment hook '/home/grace/Documents/Diplomado_Robotica/16_01_ws/install/stage/share/stage/hook/ros_package_path.sh'
[6.296s] Level 1:colcon.colcon_core.shell:create_environment_hook('stage', 'pkg_config_path')
[6.296s] INFO:colcon.colcon_core.shell:Creating environment hook '/home/grace/Documents/Diplomado_Robotica/16_01_ws/install/stage/share/stage/hook/pkg_config_path.ps1'
[6.297s] INFO:colcon.colcon_core.shell:Creating environment descriptor '/home/grace/Documents/Diplomado_Robotica/16_01_ws/install/stage/share/stage/hook/pkg_config_path.dsv'
[6.297s] INFO:colcon.colcon_core.shell:Creating environment hook '/home/grace/Documents/Diplomado_Robotica/16_01_ws/install/stage/share/stage/hook/pkg_config_path.sh'
[6.298s] Level 1:colcon.colcon_core.shell:create_environment_hook('stage', 'pkg_config_path_multiarch')
[6.298s] INFO:colcon.colcon_core.shell:Creating environment hook '/home/grace/Documents/Diplomado_Robotica/16_01_ws/install/stage/share/stage/hook/pkg_config_path_multiarch.ps1'
[6.298s] INFO:colcon.colcon_core.shell:Creating environment descriptor '/home/grace/Documents/Diplomado_Robotica/16_01_ws/install/stage/share/stage/hook/pkg_config_path_multiarch.dsv'
[6.298s] INFO:colcon.colcon_core.shell:Creating environment hook '/home/grace/Documents/Diplomado_Robotica/16_01_ws/install/stage/share/stage/hook/pkg_config_path_multiarch.sh'
[6.299s] Level 1:colcon.colcon_core.environment:create_environment_scripts_only(stage)
[6.299s] Level 1:colcon.colcon_core.environment:checking '/home/grace/Documents/Diplomado_Robotica/16_01_ws/install/stage' for CMake module files
[6.299s] Level 1:colcon.colcon_core.environment:checking '/home/grace/Documents/Diplomado_Robotica/16_01_ws/install/stage' for CMake config files
[6.299s] Level 1:colcon.colcon_core.shell:create_environment_hook('stage', 'cmake_prefix_path')
[6.299s] INFO:colcon.colcon_core.shell:Creating environment hook '/home/grace/Documents/Diplomado_Robotica/16_01_ws/install/stage/share/stage/hook/cmake_prefix_path.ps1'
[6.300s] INFO:colcon.colcon_core.shell:Creating environment descriptor '/home/grace/Documents/Diplomado_Robotica/16_01_ws/install/stage/share/stage/hook/cmake_prefix_path.dsv'
[6.300s] INFO:colcon.colcon_core.shell:Creating environment hook '/home/grace/Documents/Diplomado_Robotica/16_01_ws/install/stage/share/stage/hook/cmake_prefix_path.sh'
[6.300s] Level 1:colcon.colcon_core.environment:checking '/home/grace/Documents/Diplomado_Robotica/16_01_ws/install/stage/lib'
[6.300s] Level 1:colcon.colcon_core.shell:create_environment_hook('stage', 'ld_library_path_lib')
[6.300s] INFO:colcon.colcon_core.shell:Creating environment hook '/home/grace/Documents/Diplomado_Robotica/16_01_ws/install/stage/share/stage/hook/ld_library_path_lib.ps1'
[6.301s] INFO:colcon.colcon_core.shell:Creating environment descriptor '/home/grace/Documents/Diplomado_Robotica/16_01_ws/install/stage/share/stage/hook/ld_library_path_lib.dsv'
[6.301s] INFO:colcon.colcon_core.shell:Creating environment hook '/home/grace/Documents/Diplomado_Robotica/16_01_ws/install/stage/share/stage/hook/ld_library_path_lib.sh'
[6.301s] Level 1:colcon.colcon_core.environment:checking '/home/grace/Documents/Diplomado_Robotica/16_01_ws/install/stage/bin'
[6.301s] Level 1:colcon.colcon_core.shell:create_environment_hook('stage', 'path')
[6.301s] INFO:colcon.colcon_core.shell:Creating environment hook '/home/grace/Documents/Diplomado_Robotica/16_01_ws/install/stage/share/stage/hook/path.ps1'
[6.301s] INFO:colcon.colcon_core.shell:Creating environment descriptor '/home/grace/Documents/Diplomado_Robotica/16_01_ws/install/stage/share/stage/hook/path.dsv'
[6.301s] INFO:colcon.colcon_core.shell:Creating environment hook '/home/grace/Documents/Diplomado_Robotica/16_01_ws/install/stage/share/stage/hook/path.sh'
[6.302s] Level 1:colcon.colcon_core.environment:checking '/home/grace/Documents/Diplomado_Robotica/16_01_ws/install/stage/lib/pkgconfig/stage.pc'
[6.302s] Level 1:colcon.colcon_core.shell:create_environment_hook('stage', 'pkg_config')
[6.302s] INFO:colcon.colcon_core.shell:Creating environment hook '/home/grace/Documents/Diplomado_Robotica/16_01_ws/install/stage/share/stage/hook/pkg_config.ps1'
[6.302s] INFO:colcon.colcon_core.shell:Creating environment descriptor '/home/grace/Documents/Diplomado_Robotica/16_01_ws/install/stage/share/stage/hook/pkg_config.dsv'
[6.302s] INFO:colcon.colcon_core.shell:Creating environment hook '/home/grace/Documents/Diplomado_Robotica/16_01_ws/install/stage/share/stage/hook/pkg_config.sh'
[6.303s] Level 1:colcon.colcon_core.environment:checking '/home/grace/Documents/Diplomado_Robotica/16_01_ws/install/stage/lib/python3.12/site-packages'
[6.303s] Level 1:colcon.colcon_core.environment:checking '/home/grace/Documents/Diplomado_Robotica/16_01_ws/install/stage/bin'
[6.303s] Level 1:colcon.colcon_core.shell:create_environment_hook('stage', 'pythonscriptspath')
[6.303s] INFO:colcon.colcon_core.shell:Creating environment hook '/home/grace/Documents/Diplomado_Robotica/16_01_ws/install/stage/share/stage/hook/pythonscriptspath.ps1'
[6.303s] INFO:colcon.colcon_core.shell:Creating environment descriptor '/home/grace/Documents/Diplomado_Robotica/16_01_ws/install/stage/share/stage/hook/pythonscriptspath.dsv'
[6.303s] INFO:colcon.colcon_core.shell:Creating environment hook '/home/grace/Documents/Diplomado_Robotica/16_01_ws/install/stage/share/stage/hook/pythonscriptspath.sh'
[6.304s] INFO:colcon.colcon_core.shell:Creating package script '/home/grace/Documents/Diplomado_Robotica/16_01_ws/install/stage/share/stage/package.ps1'
[6.304s] INFO:colcon.colcon_core.shell:Creating package descriptor '/home/grace/Documents/Diplomado_Robotica/16_01_ws/install/stage/share/stage/package.dsv'
[6.304s] INFO:colcon.colcon_core.shell:Creating package script '/home/grace/Documents/Diplomado_Robotica/16_01_ws/install/stage/share/stage/package.sh'
[6.305s] INFO:colcon.colcon_core.shell:Creating package script '/home/grace/Documents/Diplomado_Robotica/16_01_ws/install/stage/share/stage/package.bash'
[6.305s] INFO:colcon.colcon_core.shell:Creating package script '/home/grace/Documents/Diplomado_Robotica/16_01_ws/install/stage/share/stage/package.zsh'
[6.305s] Level 1:colcon.colcon_core.environment:create_file_with_runtime_dependencies(/home/grace/Documents/Diplomado_Robotica/16_01_ws/install/stage/share/colcon-core/packages/stage)
[6.305s] INFO:colcon.colcon_ros.task.ament_cmake.build:Building ROS package in '/home/grace/Documents/Diplomado_Robotica/16_01_ws/src/stage_ros2' with build type 'ament_cmake'
[6.306s] INFO:colcon.colcon_cmake.task.cmake.build:Building CMake package in '/home/grace/Documents/Diplomado_Robotica/16_01_ws/src/stage_ros2'
[6.306s] INFO:colcon.colcon_core.shell:Skip shell extension 'powershell' for command environment: Not usable outside of PowerShell
[6.306s] DEBUG:colcon.colcon_core.shell:Skip shell extension 'dsv' for command environment
[6.314s] DEBUG:colcon.colcon_core.event_handler.log_command:Invoking command in '/home/grace/Documents/Diplomado_Robotica/16_01_ws/build/stage_ros2': CMAKE_PREFIX_PATH=/home/grace/Documents/Diplomado_Robotica/16_01_ws/install/dqn_final:/home/grace/Documents/Diplomado_Robotica/16_01_ws/install/labo_dqn:/opt/ros/jazzy:/home/grace/Documents/Diplomado_Robotica/16_01_ws/install/stage:/home/grace/Documents/Diplomado_Robotica/16_01_ws/install/stage_ros2:/opt/ros/jazzy/opt/gz_sim_vendor:/opt/ros/jazzy/opt/gz_sensors_vendor:/opt/ros/jazzy/opt/gz_physics_vendor:/opt/ros/jazzy/opt/sdformat_vendor:/opt/ros/jazzy/opt/gz_gui_vendor:/opt/ros/jazzy/opt/gz_transport_vendor:/opt/ros/jazzy/opt/gz_rendering_vendor:/opt/ros/jazzy/opt/gz_plugin_vendor:/opt/ros/jazzy/opt/gz_fuel_tools_vendor:/opt/ros/jazzy/opt/gz_msgs_vendor:/opt/ros/jazzy/opt/gz_common_vendor:/opt/ros/jazzy/opt/gz_math_vendor:/opt/ros/jazzy/opt/gz_utils_vendor:/opt/ros/jazzy/opt/gz_tools_vendor:/opt/ros/jazzy/opt/gz_ogre_next_vendor:/opt/ros/jazzy/opt/gz_dartsim_vendor:/opt/ros/jazzy/opt/gz_cmake_vendor DEBUGINFOD_URLS=https://debuginfod.ubuntu.com LD_LIBRARY_PATH=/home/grace/Documents/Diplomado_Robotica/16_01_ws/install/stage/lib:/home/grace/Documents/Diplomado_Robotica/16_01_ws/install/stage_ros2/lib:/opt/ros/jazzy/opt/gz_sim_vendor/lib:/opt/ros/jazzy/opt/gz_sensors_vendor/lib:/opt/ros/jazzy/opt/gz_physics_vendor/lib:/opt/ros/jazzy/opt/sdformat_vendor/lib:/opt/ros/jazzy/opt/rviz_ogre_vendor/lib:/opt/ros/jazzy/lib/x86_64-linux-gnu:/opt/ros/jazzy/opt/gz_gui_vendor/lib:/opt/ros/jazzy/opt/gz_transport_vendor/lib:/opt/ros/jazzy/opt/gz_rendering_vendor/lib:/opt/ros/jazzy/opt/gz_plugin_vendor/lib:/opt/ros/jazzy/opt/gz_fuel_tools_vendor/lib:/opt/ros/jazzy/opt/gz_msgs_vendor/lib:/opt/ros/jazzy/opt/gz_common_vendor/lib:/opt/ros/jazzy/opt/gz_math_vendor/lib:/opt/ros/jazzy/opt/gz_utils_vendor/lib:/opt/ros/jazzy/opt/gz_tools_vendor/lib:/opt/ros/jazzy/opt/gz_ogre_next_vendor/lib:/opt/ros/jazzy/opt/gz_dartsim_vendor/lib:/opt/ros/jazzy/opt/gz_cmake_vendor/lib:/opt/ros/jazzy/lib /usr/bin/cmake /home/grace/Documents/Diplomado_Robotica/16_01_ws/src/stage_ros2 -DCMAKE_INSTALL_PREFIX=/home/grace/Documents/Diplomado_Robotica/16_01_ws/install/stage_ros2
[7.404s] DEBUG:colcon.colcon_core.event_handler.log_command:Invoked command in '/home/grace/Documents/Diplomado_Robotica/16_01_ws/build/stage_ros2' returned '0': CMAKE_PREFIX_PATH=/home/grace/Documents/Diplomado_Robotica/16_01_ws/install/dqn_final:/home/grace/Documents/Diplomado_Robotica/16_01_ws/install/labo_dqn:/opt/ros/jazzy:/home/grace/Documents/Diplomado_Robotica/16_01_ws/install/stage:/home/grace/Documents/Diplomado_Robotica/16_01_ws/install/stage_ros2:/opt/ros/jazzy/opt/gz_sim_vendor:/opt/ros/jazzy/opt/gz_sensors_vendor:/opt/ros/jazzy/opt/gz_physics_vendor:/opt/ros/jazzy/opt/sdformat_vendor:/opt/ros/jazzy/opt/gz_gui_vendor:/opt/ros/jazzy/opt/gz_transport_vendor:/opt/ros/jazzy/opt/gz_rendering_vendor:/opt/ros/jazzy/opt/gz_plugin_vendor:/opt/ros/jazzy/opt/gz_fuel_tools_vendor:/opt/ros/jazzy/opt/gz_msgs_vendor:/opt/ros/jazzy/opt/gz_common_vendor:/opt/ros/jazzy/opt/gz_math_vendor:/opt/ros/jazzy/opt/gz_utils_vendor:/opt/ros/jazzy/opt/gz_tools_vendor:/opt/ros/jazzy/opt/gz_ogre_next_vendor:/opt/ros/jazzy/opt/gz_dartsim_vendor:/opt/ros/jazzy/opt/gz_cmake_vendor DEBUGINFOD_URLS=https://debuginfod.ubuntu.com LD_LIBRARY_PATH=/home/grace/Documents/Diplomado_Robotica/16_01_ws/install/stage/lib:/home/grace/Documents/Diplomado_Robotica/16_01_ws/install/stage_ros2/lib:/opt/ros/jazzy/opt/gz_sim_vendor/lib:/opt/ros/jazzy/opt/gz_sensors_vendor/lib:/opt/ros/jazzy/opt/gz_physics_vendor/lib:/opt/ros/jazzy/opt/sdformat_vendor/lib:/opt/ros/jazzy/opt/rviz_ogre_vendor/lib:/opt/ros/jazzy/lib/x86_64-linux-gnu:/opt/ros/jazzy/opt/gz_gui_vendor/lib:/opt/ros/jazzy/opt/gz_transport_vendor/lib:/opt/ros/jazzy/opt/gz_rendering_vendor/lib:/opt/ros/jazzy/opt/gz_plugin_vendor/lib:/opt/ros/jazzy/opt/gz_fuel_tools_vendor/lib:/opt/ros/jazzy/opt/gz_msgs_vendor/lib:/opt/ros/jazzy/opt/gz_common_vendor/lib:/opt/ros/jazzy/opt/gz_math_vendor/lib:/opt/ros/jazzy/opt/gz_utils_vendor/lib:/opt/ros/jazzy/opt/gz_tools_vendor/lib:/opt/ros/jazzy/opt/gz_ogre_next_vendor/lib:/opt/ros/jazzy/opt/gz_dartsim_vendor/lib:/opt/ros/jazzy/opt/gz_cmake_vendor/lib:/opt/ros/jazzy/lib /usr/bin/cmake /home/grace/Documents/Diplomado_Robotica/16_01_ws/src/stage_ros2 -DCMAKE_INSTALL_PREFIX=/home/grace/Documents/Diplomado_Robotica/16_01_ws/install/stage_ros2
[7.404s] DEBUG:colcon.colcon_core.event_handler.log_command:Invoking command in '/home/grace/Documents/Diplomado_Robotica/16_01_ws/build/stage_ros2': CMAKE_PREFIX_PATH=/home/grace/Documents/Diplomado_Robotica/16_01_ws/install/dqn_final:/home/grace/Documents/Diplomado_Robotica/16_01_ws/install/labo_dqn:/opt/ros/jazzy:/home/grace/Documents/Diplomado_Robotica/16_01_ws/install/stage:/home/grace/Documents/Diplomado_Robotica/16_01_ws/install/stage_ros2:/opt/ros/jazzy/opt/gz_sim_vendor:/opt/ros/jazzy/opt/gz_sensors_vendor:/opt/ros/jazzy/opt/gz_physics_vendor:/opt/ros/jazzy/opt/sdformat_vendor:/opt/ros/jazzy/opt/gz_gui_vendor:/opt/ros/jazzy/opt/gz_transport_vendor:/opt/ros/jazzy/opt/gz_rendering_vendor:/opt/ros/jazzy/opt/gz_plugin_vendor:/opt/ros/jazzy/opt/gz_fuel_tools_vendor:/opt/ros/jazzy/opt/gz_msgs_vendor:/opt/ros/jazzy/opt/gz_common_vendor:/opt/ros/jazzy/opt/gz_math_vendor:/opt/ros/jazzy/opt/gz_utils_vendor:/opt/ros/jazzy/opt/gz_tools_vendor:/opt/ros/jazzy/opt/gz_ogre_next_vendor:/opt/ros/jazzy/opt/gz_dartsim_vendor:/opt/ros/jazzy/opt/gz_cmake_vendor DEBUGINFOD_URLS=https://debuginfod.ubuntu.com LD_LIBRARY_PATH=/home/grace/Documents/Diplomado_Robotica/16_01_ws/install/stage/lib:/home/grace/Documents/Diplomado_Robotica/16_01_ws/install/stage_ros2/lib:/opt/ros/jazzy/opt/gz_sim_vendor/lib:/opt/ros/jazzy/opt/gz_sensors_vendor/lib:/opt/ros/jazzy/opt/gz_physics_vendor/lib:/opt/ros/jazzy/opt/sdformat_vendor/lib:/opt/ros/jazzy/opt/rviz_ogre_vendor/lib:/opt/ros/jazzy/lib/x86_64-linux-gnu:/opt/ros/jazzy/opt/gz_gui_vendor/lib:/opt/ros/jazzy/opt/gz_transport_vendor/lib:/opt/ros/jazzy/opt/gz_rendering_vendor/lib:/opt/ros/jazzy/opt/gz_plugin_vendor/lib:/opt/ros/jazzy/opt/gz_fuel_tools_vendor/lib:/opt/ros/jazzy/opt/gz_msgs_vendor/lib:/opt/ros/jazzy/opt/gz_common_vendor/lib:/opt/ros/jazzy/opt/gz_math_vendor/lib:/opt/ros/jazzy/opt/gz_utils_vendor/lib:/opt/ros/jazzy/opt/gz_tools_vendor/lib:/opt/ros/jazzy/opt/gz_ogre_next_vendor/lib:/opt/ros/jazzy/opt/gz_dartsim_vendor/lib:/opt/ros/jazzy/opt/gz_cmake_vendor/lib:/opt/ros/jazzy/lib /usr/bin/cmake --build /home/grace/Documents/Diplomado_Robotica/16_01_ws/build/stage_ros2 -- -j16 -l16
[21.037s] DEBUG:colcon.colcon_core.event_handler.log_command:Invoked command in '/home/grace/Documents/Diplomado_Robotica/16_01_ws/build/stage_ros2' returned '0': CMAKE_PREFIX_PATH=/home/grace/Documents/Diplomado_Robotica/16_01_ws/install/dqn_final:/home/grace/Documents/Diplomado_Robotica/16_01_ws/install/labo_dqn:/opt/ros/jazzy:/home/grace/Documents/Diplomado_Robotica/16_01_ws/install/stage:/home/grace/Documents/Diplomado_Robotica/16_01_ws/install/stage_ros2:/opt/ros/jazzy/opt/gz_sim_vendor:/opt/ros/jazzy/opt/gz_sensors_vendor:/opt/ros/jazzy/opt/gz_physics_vendor:/opt/ros/jazzy/opt/sdformat_vendor:/opt/ros/jazzy/opt/gz_gui_vendor:/opt/ros/jazzy/opt/gz_transport_vendor:/opt/ros/jazzy/opt/gz_rendering_vendor:/opt/ros/jazzy/opt/gz_plugin_vendor:/opt/ros/jazzy/opt/gz_fuel_tools_vendor:/opt/ros/jazzy/opt/gz_msgs_vendor:/opt/ros/jazzy/opt/gz_common_vendor:/opt/ros/jazzy/opt/gz_math_vendor:/opt/ros/jazzy/opt/gz_utils_vendor:/opt/ros/jazzy/opt/gz_tools_vendor:/opt/ros/jazzy/opt/gz_ogre_next_vendor:/opt/ros/jazzy/opt/gz_dartsim_vendor:/opt/ros/jazzy/opt/gz_cmake_vendor DEBUGINFOD_URLS=https://debuginfod.ubuntu.com LD_LIBRARY_PATH=/home/grace/Documents/Diplomado_Robotica/16_01_ws/install/stage/lib:/home/grace/Documents/Diplomado_Robotica/16_01_ws/install/stage_ros2/lib:/opt/ros/jazzy/opt/gz_sim_vendor/lib:/opt/ros/jazzy/opt/gz_sensors_vendor/lib:/opt/ros/jazzy/opt/gz_physics_vendor/lib:/opt/ros/jazzy/opt/sdformat_vendor/lib:/opt/ros/jazzy/opt/rviz_ogre_vendor/lib:/opt/ros/jazzy/lib/x86_64-linux-gnu:/opt/ros/jazzy/opt/gz_gui_vendor/lib:/opt/ros/jazzy/opt/gz_transport_vendor/lib:/opt/ros/jazzy/opt/gz_rendering_vendor/lib:/opt/ros/jazzy/opt/gz_plugin_vendor/lib:/opt/ros/jazzy/opt/gz_fuel_tools_vendor/lib:/opt/ros/jazzy/opt/gz_msgs_vendor/lib:/opt/ros/jazzy/opt/gz_common_vendor/lib:/opt/ros/jazzy/opt/gz_math_vendor/lib:/opt/ros/jazzy/opt/gz_utils_vendor/lib:/opt/ros/jazzy/opt/gz_tools_vendor/lib:/opt/ros/jazzy/opt/gz_ogre_next_vendor/lib:/opt/ros/jazzy/opt/gz_dartsim_vendor/lib:/opt/ros/jazzy/opt/gz_cmake_vendor/lib:/opt/ros/jazzy/lib /usr/bin/cmake --build /home/grace/Documents/Diplomado_Robotica/16_01_ws/build/stage_ros2 -- -j16 -l16
[21.038s] DEBUG:colcon.colcon_core.event_handler.log_command:Invoking command in '/home/grace/Documents/Diplomado_Robotica/16_01_ws/build/stage_ros2': CMAKE_PREFIX_PATH=/home/grace/Documents/Diplomado_Robotica/16_01_ws/install/dqn_final:/home/grace/Documents/Diplomado_Robotica/16_01_ws/install/labo_dqn:/opt/ros/jazzy:/home/grace/Documents/Diplomado_Robotica/16_01_ws/install/stage:/home/grace/Documents/Diplomado_Robotica/16_01_ws/install/stage_ros2:/opt/ros/jazzy/opt/gz_sim_vendor:/opt/ros/jazzy/opt/gz_sensors_vendor:/opt/ros/jazzy/opt/gz_physics_vendor:/opt/ros/jazzy/opt/sdformat_vendor:/opt/ros/jazzy/opt/gz_gui_vendor:/opt/ros/jazzy/opt/gz_transport_vendor:/opt/ros/jazzy/opt/gz_rendering_vendor:/opt/ros/jazzy/opt/gz_plugin_vendor:/opt/ros/jazzy/opt/gz_fuel_tools_vendor:/opt/ros/jazzy/opt/gz_msgs_vendor:/opt/ros/jazzy/opt/gz_common_vendor:/opt/ros/jazzy/opt/gz_math_vendor:/opt/ros/jazzy/opt/gz_utils_vendor:/opt/ros/jazzy/opt/gz_tools_vendor:/opt/ros/jazzy/opt/gz_ogre_next_vendor:/opt/ros/jazzy/opt/gz_dartsim_vendor:/opt/ros/jazzy/opt/gz_cmake_vendor DEBUGINFOD_URLS=https://debuginfod.ubuntu.com LD_LIBRARY_PATH=/home/grace/Documents/Diplomado_Robotica/16_01_ws/install/stage/lib:/home/grace/Documents/Diplomado_Robotica/16_01_ws/install/stage_ros2/lib:/opt/ros/jazzy/opt/gz_sim_vendor/lib:/opt/ros/jazzy/opt/gz_sensors_vendor/lib:/opt/ros/jazzy/opt/gz_physics_vendor/lib:/opt/ros/jazzy/opt/sdformat_vendor/lib:/opt/ros/jazzy/opt/rviz_ogre_vendor/lib:/opt/ros/jazzy/lib/x86_64-linux-gnu:/opt/ros/jazzy/opt/gz_gui_vendor/lib:/opt/ros/jazzy/opt/gz_transport_vendor/lib:/opt/ros/jazzy/opt/gz_rendering_vendor/lib:/opt/ros/jazzy/opt/gz_plugin_vendor/lib:/opt/ros/jazzy/opt/gz_fuel_tools_vendor/lib:/opt/ros/jazzy/opt/gz_msgs_vendor/lib:/opt/ros/jazzy/opt/gz_common_vendor/lib:/opt/ros/jazzy/opt/gz_math_vendor/lib:/opt/ros/jazzy/opt/gz_utils_vendor/lib:/opt/ros/jazzy/opt/gz_tools_vendor/lib:/opt/ros/jazzy/opt/gz_ogre_next_vendor/lib:/opt/ros/jazzy/opt/gz_dartsim_vendor/lib:/opt/ros/jazzy/opt/gz_cmake_vendor/lib:/opt/ros/jazzy/lib /usr/bin/cmake --install /home/grace/Documents/Diplomado_Robotica/16_01_ws/build/stage_ros2
[21.059s] Level 1:colcon.colcon_core.environment:create_environment_scripts_only(stage_ros2)
[21.059s] Level 1:colcon.colcon_core.environment:checking '/home/grace/Documents/Diplomado_Robotica/16_01_ws/install/stage_ros2' for CMake module files
[21.060s] DEBUG:colcon.colcon_core.event_handler.log_command:Invoked command in '/home/grace/Documents/Diplomado_Robotica/16_01_ws/build/stage_ros2' returned '0': CMAKE_PREFIX_PATH=/home/grace/Documents/Diplomado_Robotica/16_01_ws/install/dqn_final:/home/grace/Documents/Diplomado_Robotica/16_01_ws/install/labo_dqn:/opt/ros/jazzy:/home/grace/Documents/Diplomado_Robotica/16_01_ws/install/stage:/home/grace/Documents/Diplomado_Robotica/16_01_ws/install/stage_ros2:/opt/ros/jazzy/opt/gz_sim_vendor:/opt/ros/jazzy/opt/gz_sensors_vendor:/opt/ros/jazzy/opt/gz_physics_vendor:/opt/ros/jazzy/opt/sdformat_vendor:/opt/ros/jazzy/opt/gz_gui_vendor:/opt/ros/jazzy/opt/gz_transport_vendor:/opt/ros/jazzy/opt/gz_rendering_vendor:/opt/ros/jazzy/opt/gz_plugin_vendor:/opt/ros/jazzy/opt/gz_fuel_tools_vendor:/opt/ros/jazzy/opt/gz_msgs_vendor:/opt/ros/jazzy/opt/gz_common_vendor:/opt/ros/jazzy/opt/gz_math_vendor:/opt/ros/jazzy/opt/gz_utils_vendor:/opt/ros/jazzy/opt/gz_tools_vendor:/opt/ros/jazzy/opt/gz_ogre_next_vendor:/opt/ros/jazzy/opt/gz_dartsim_vendor:/opt/ros/jazzy/opt/gz_cmake_vendor DEBUGINFOD_URLS=https://debuginfod.ubuntu.com LD_LIBRARY_PATH=/home/grace/Documents/Diplomado_Robotica/16_01_ws/install/stage/lib:/home/grace/Documents/Diplomado_Robotica/16_01_ws/install/stage_ros2/lib:/opt/ros/jazzy/opt/gz_sim_vendor/lib:/opt/ros/jazzy/opt/gz_sensors_vendor/lib:/opt/ros/jazzy/opt/gz_physics_vendor/lib:/opt/ros/jazzy/opt/sdformat_vendor/lib:/opt/ros/jazzy/opt/rviz_ogre_vendor/lib:/opt/ros/jazzy/lib/x86_64-linux-gnu:/opt/ros/jazzy/opt/gz_gui_vendor/lib:/opt/ros/jazzy/opt/gz_transport_vendor/lib:/opt/ros/jazzy/opt/gz_rendering_vendor/lib:/opt/ros/jazzy/opt/gz_plugin_vendor/lib:/opt/ros/jazzy/opt/gz_fuel_tools_vendor/lib:/opt/ros/jazzy/opt/gz_msgs_vendor/lib:/opt/ros/jazzy/opt/gz_common_vendor/lib:/opt/ros/jazzy/opt/gz_math_vendor/lib:/opt/ros/jazzy/opt/gz_utils_vendor/lib:/opt/ros/jazzy/opt/gz_tools_vendor/lib:/opt/ros/jazzy/opt/gz_ogre_next_vendor/lib:/opt/ros/jazzy/opt/gz_dartsim_vendor/lib:/opt/ros/jazzy/opt/gz_cmake_vendor/lib:/opt/ros/jazzy/lib /usr/bin/cmake --install /home/grace/Documents/Diplomado_Robotica/16_01_ws/build/stage_ros2
[21.060s] Level 1:colcon.colcon_core.environment:checking '/home/grace/Documents/Diplomado_Robotica/16_01_ws/install/stage_ros2' for CMake config files
[21.060s] Level 1:colcon.colcon_core.shell:create_environment_hook('stage_ros2', 'cmake_prefix_path')
[21.060s] INFO:colcon.colcon_core.shell:Creating environment hook '/home/grace/Documents/Diplomado_Robotica/16_01_ws/install/stage_ros2/share/stage_ros2/hook/cmake_prefix_path.ps1'
[21.060s] INFO:colcon.colcon_core.shell:Creating environment descriptor '/home/grace/Documents/Diplomado_Robotica/16_01_ws/install/stage_ros2/share/stage_ros2/hook/cmake_prefix_path.dsv'
[21.061s] INFO:colcon.colcon_core.shell:Creating environment hook '/home/grace/Documents/Diplomado_Robotica/16_01_ws/install/stage_ros2/share/stage_ros2/hook/cmake_prefix_path.sh'
[21.061s] Level 1:colcon.colcon_core.environment:checking '/home/grace/Documents/Diplomado_Robotica/16_01_ws/install/stage_ros2/lib'
[21.061s] Level 1:colcon.colcon_core.shell:create_environment_hook('stage_ros2', 'ld_library_path_lib')
[21.061s] INFO:colcon.colcon_core.shell:Creating environment hook '/home/grace/Documents/Diplomado_Robotica/16_01_ws/install/stage_ros2/share/stage_ros2/hook/ld_library_path_lib.ps1'
[21.061s] INFO:colcon.colcon_core.shell:Creating environment descriptor '/home/grace/Documents/Diplomado_Robotica/16_01_ws/install/stage_ros2/share/stage_ros2/hook/ld_library_path_lib.dsv'
[21.062s] INFO:colcon.colcon_core.shell:Creating environment hook '/home/grace/Documents/Diplomado_Robotica/16_01_ws/install/stage_ros2/share/stage_ros2/hook/ld_library_path_lib.sh'
[21.062s] Level 1:colcon.colcon_core.environment:checking '/home/grace/Documents/Diplomado_Robotica/16_01_ws/install/stage_ros2/bin'
[21.062s] Level 1:colcon.colcon_core.environment:checking '/home/grace/Documents/Diplomado_Robotica/16_01_ws/install/stage_ros2/lib/pkgconfig/stage_ros2.pc'
[21.062s] Level 1:colcon.colcon_core.environment:checking '/home/grace/Documents/Diplomado_Robotica/16_01_ws/install/stage_ros2/lib/python3.12/site-packages'
[21.062s] Level 1:colcon.colcon_core.environment:checking '/home/grace/Documents/Diplomado_Robotica/16_01_ws/install/stage_ros2/bin'
[21.062s] INFO:colcon.colcon_core.shell:Creating package script '/home/grace/Documents/Diplomado_Robotica/16_01_ws/install/stage_ros2/share/stage_ros2/package.ps1'
[21.062s] INFO:colcon.colcon_core.shell:Creating package descriptor '/home/grace/Documents/Diplomado_Robotica/16_01_ws/install/stage_ros2/share/stage_ros2/package.dsv'
[21.063s] INFO:colcon.colcon_core.shell:Creating package script '/home/grace/Documents/Diplomado_Robotica/16_01_ws/install/stage_ros2/share/stage_ros2/package.sh'
[21.063s] INFO:colcon.colcon_core.shell:Creating package script '/home/grace/Documents/Diplomado_Robotica/16_01_ws/install/stage_ros2/share/stage_ros2/package.bash'
[21.063s] INFO:colcon.colcon_core.shell:Creating package script '/home/grace/Documents/Diplomado_Robotica/16_01_ws/install/stage_ros2/share/stage_ros2/package.zsh'
[21.063s] Level 1:colcon.colcon_core.environment:create_file_with_runtime_dependencies(/home/grace/Documents/Diplomado_Robotica/16_01_ws/install/stage_ros2/share/colcon-core/packages/stage_ros2)
[21.064s] Level 1:colcon.colcon_core.environment:create_environment_scripts_only(stage_ros2)
[21.064s] Level 1:colcon.colcon_core.environment:checking '/home/grace/Documents/Diplomado_Robotica/16_01_ws/install/stage_ros2' for CMake module files
[21.064s] Level 1:colcon.colcon_core.environment:checking '/home/grace/Documents/Diplomado_Robotica/16_01_ws/install/stage_ros2' for CMake config files
[21.064s] Level 1:colcon.colcon_core.shell:create_environment_hook('stage_ros2', 'cmake_prefix_path')
[21.064s] INFO:colcon.colcon_core.shell:Creating environment hook '/home/grace/Documents/Diplomado_Robotica/16_01_ws/install/stage_ros2/share/stage_ros2/hook/cmake_prefix_path.ps1'
[21.064s] INFO:colcon.colcon_core.shell:Creating environment descriptor '/home/grace/Documents/Diplomado_Robotica/16_01_ws/install/stage_ros2/share/stage_ros2/hook/cmake_prefix_path.dsv'
[21.065s] INFO:colcon.colcon_core.shell:Creating environment hook '/home/grace/Documents/Diplomado_Robotica/16_01_ws/install/stage_ros2/share/stage_ros2/hook/cmake_prefix_path.sh'
[21.065s] Level 1:colcon.colcon_core.environment:checking '/home/grace/Documents/Diplomado_Robotica/16_01_ws/install/stage_ros2/lib'
[21.065s] Level 1:colcon.colcon_core.shell:create_environment_hook('stage_ros2', 'ld_library_path_lib')
[21.065s] INFO:colcon.colcon_core.shell:Creating environment hook '/home/grace/Documents/Diplomado_Robotica/16_01_ws/install/stage_ros2/share/stage_ros2/hook/ld_library_path_lib.ps1'
[21.065s] INFO:colcon.colcon_core.shell:Creating environment descriptor '/home/grace/Documents/Diplomado_Robotica/16_01_ws/install/stage_ros2/share/stage_ros2/hook/ld_library_path_lib.dsv'
[21.066s] INFO:colcon.colcon_core.shell:Creating environment hook '/home/grace/Documents/Diplomado_Robotica/16_01_ws/install/stage_ros2/share/stage_ros2/hook/ld_library_path_lib.sh'
[21.066s] Level 1:colcon.colcon_core.environment:checking '/home/grace/Documents/Diplomado_Robotica/16_01_ws/install/stage_ros2/bin'
[21.066s] Level 1:colcon.colcon_core.environment:checking '/home/grace/Documents/Diplomado_Robotica/16_01_ws/install/stage_ros2/lib/pkgconfig/stage_ros2.pc'
[21.066s] Level 1:colcon.colcon_core.environment:checking '/home/grace/Documents/Diplomado_Robotica/16_01_ws/install/stage_ros2/lib/python3.12/site-packages'
[21.066s] Level 1:colcon.colcon_core.environment:checking '/home/grace/Documents/Diplomado_Robotica/16_01_ws/install/stage_ros2/bin'
[21.066s] INFO:colcon.colcon_core.shell:Creating package script '/home/grace/Documents/Diplomado_Robotica/16_01_ws/install/stage_ros2/share/stage_ros2/package.ps1'
[21.067s] INFO:colcon.colcon_core.shell:Creating package descriptor '/home/grace/Documents/Diplomado_Robotica/16_01_ws/install/stage_ros2/share/stage_ros2/package.dsv'
[21.067s] INFO:colcon.colcon_core.shell:Creating package script '/home/grace/Documents/Diplomado_Robotica/16_01_ws/install/stage_ros2/share/stage_ros2/package.sh'
[21.067s] INFO:colcon.colcon_core.shell:Creating package script '/home/grace/Documents/Diplomado_Robotica/16_01_ws/install/stage_ros2/share/stage_ros2/package.bash'
[21.067s] INFO:colcon.colcon_core.shell:Creating package script '/home/grace/Documents/Diplomado_Robotica/16_01_ws/install/stage_ros2/share/stage_ros2/package.zsh'
[21.068s] Level 1:colcon.colcon_core.environment:create_file_with_runtime_dependencies(/home/grace/Documents/Diplomado_Robotica/16_01_ws/install/stage_ros2/share/colcon-core/packages/stage_ros2)
[21.068s] DEBUG:colcon.colcon_parallel_executor.executor.parallel:closing loop
[21.068s] DEBUG:colcon.colcon_parallel_executor.executor.parallel:loop closed
[21.068s] DEBUG:colcon.colcon_parallel_executor.executor.parallel:run_until_complete finished with '0'
[21.068s] DEBUG:colcon.colcon_core.event_reactor:joining thread
[21.072s] INFO:colcon.colcon_core.plugin_system:Skipping extension 'colcon_notification.desktop_notification.terminal_notifier': Not used on non-Darwin systems
[21.072s] INFO:colcon.colcon_core.plugin_system:Skipping extension 'colcon_notification.desktop_notification.win32': Not used on non-Windows systems
[21.072s] INFO:colcon.colcon_notification.desktop_notification:Sending desktop notification using 'notify2'
[21.081s] DEBUG:colcon.colcon_core.event_reactor:joined thread
[21.081s] INFO:colcon.colcon_core.shell:Creating prefix script '/home/grace/Documents/Diplomado_Robotica/16_01_ws/install/local_setup.ps1'
[21.082s] INFO:colcon.colcon_core.shell:Creating prefix util module '/home/grace/Documents/Diplomado_Robotica/16_01_ws/install/_local_setup_util_ps1.py'
[21.082s] INFO:colcon.colcon_core.shell:Creating prefix chain script '/home/grace/Documents/Diplomado_Robotica/16_01_ws/install/setup.ps1'
[21.083s] INFO:colcon.colcon_core.shell:Creating prefix script '/home/grace/Documents/Diplomado_Robotica/16_01_ws/install/local_setup.sh'
[21.084s] INFO:colcon.colcon_core.shell:Creating prefix util module '/home/grace/Documents/Diplomado_Robotica/16_01_ws/install/_local_setup_util_sh.py'
[21.084s] INFO:colcon.colcon_core.shell:Creating prefix chain script '/home/grace/Documents/Diplomado_Robotica/16_01_ws/install/setup.sh'
[21.085s] INFO:colcon.colcon_core.shell:Creating prefix script '/home/grace/Documents/Diplomado_Robotica/16_01_ws/install/local_setup.bash'
[21.085s] INFO:colcon.colcon_core.shell:Creating prefix chain script '/home/grace/Documents/Diplomado_Robotica/16_01_ws/install/setup.bash'
[21.086s] INFO:colcon.colcon_core.shell:Creating prefix script '/home/grace/Documents/Diplomado_Robotica/16_01_ws/install/local_setup.zsh'
[21.086s] INFO:colcon.colcon_core.shell:Creating prefix chain script '/home/grace/Documents/Diplomado_Robotica/16_01_ws/install/setup.zsh'
